#
# An unexpected error has been detected by Java Runtime Environment:
#
#  SIGSEGV (0xb) at pc=0xb7eb9b14, pid=5748, tid=3085093776
#
# Java VM: Java HotSpot(TM) Client VM (11.0-b15 mixed mode, sharing linux-x86)
# Problematic frame:
# C  [libc.so.6+0x65b14]
#
# If you would like to submit a bug report, please visit:
#   http://java.sun.com/webapps/bugreport/crash.jsp
# The crash happened outside the Java Virtual Machine in native code.
# See problematic frame for where to report the bug.
#

---------------  T H R E A D  ---------------

Current thread (0x08058800):  JavaThread "main" [_thread_in_native, id=5749, stack(0xb7ddc000,0xb7e2d000)]

siginfo:si_signo=SIGSEGV: si_errno=0, si_code=1 (SEGV_MAPERR), si_addr=0xc027ada4

Registers:
EAX=0x082f9c50, EBX=0xb7f7fff4, ECX=0x00000001, EDX=0x082f9c50
ESP=0xb7e2a0b8, EBP=0xb7e2a0e0, ESI=0xb7f81150, EDI=0xc027ada0
EIP=0xb7eb9b14, CR2=0xc027ada4, EFLAGS=0x00210206

Top of Stack: (sp=0xb7e2a0b8)
0xb7e2a0b8:   b7f8114c b7f81120 b7f81130 082f47b8
0xb7e2a0c8:   b7f81150 082f9c50 00000018 b7f7fff4
0xb7e2a0d8:   b7f81120 00000000 b7e2a178 b7ebbcf1
0xb7e2a0e8:   b7f7ebe0 0831def4 b5365cab b7f7fff4
0xb7e2a0f8:   b5363010 00000001 b7e2a168 b7e73138
0xb7e2a108:   00000078 b3fede7d b7f81150 b7e2a6d8
0xb7e2a118:   00000c3c 00007f88 b7e2a1b0 00000010
0xb7e2a128:   000056e8 00000000 b5363010 b53686e8 

Instructions: (pc=0xb7eb9b14)
0xb7eb9b04:   55 e4 8b 46 04 89 c2 83 e2 fa 89 55 ec 8d 3c 16
0xb7eb9b14:   8b 57 04 83 e2 f8 a8 01 89 55 f0 75 25 8b 06 01 

Stack: [0xb7ddc000,0xb7e2d000],  sp=0xb7e2a0b8,  free space=312k
Native frames: (J=compiled Java code, j=interpreted, Vv=VM code, C=native code)
C  [libc.so.6+0x65b14]
C  [libc.so.6+0x67cf1]
C  [libc.so.6+0x6930e]  __libc_malloc+0x7e
C  [libc.so.6+0x16e4f]
C  [libc.so.6+0x16914]  iconv_open+0x94
C  [libQtCore.so.4+0x17e1b0]
C  [libQtCore.so.4+0x17e663]
C  [libQtCore.so.4+0x178772]  _ZNK10QTextCodec11fromUnicodeERK7QString+0x22
C  [libQtCore.so.4+0x9acf2]  _ZNK7QString11toLocal8BitEv+0x32
C  [libQtCore.so.4+0xd4ab1]
C  [libQtCore.so.4+0xd4bd2]  _ZN5QFile10encodeNameERK7QString+0x22
C  [libQtCore.so.4+0x123205]
C  [libQtCore.so.4+0x11c748]  _ZN13QFSFileEngineC1ERK7QString+0x88
C  [libQtCore.so.4+0xc5e00]  _ZN19QAbstractFileEngine6createERK7QString+0x110
C  [libQtCore.so.4+0xdbd72]
C  [libQtCore.so.4+0xdc329]  _ZN9QFileInfoC1ERK7QString+0x39
C  [libQtGui.so.4+0x1d0846]  _ZN7QPixmap4loadERK7QStringPKc6QFlagsIN2Qt19ImageConversionFlagEE+0x46
C  [libQtGui.so.4+0x1d12ca]  _ZN7QPixmapC2ERK7QStringPKc6QFlagsIN2Qt19ImageConversionFlagEE+0x6a
C  [libcom_trolltech_qt_gui.so+0x6300e1]  _ZN20QtJambiShell_QPixmapC1ERK7QStringPKc6QFlagsIN2Qt19ImageConversionFlagEE+0x31
C  [libcom_trolltech_qt_gui.so+0x6322a2]  Java_com_trolltech_qt_gui_QPixmap__1_1qt_1QPixmap_1String_1nativepointer_1ImageConversionFlags__Ljava_lang_String_2Lcom_trolltech_qt_QNativePointer_2I+0x62
j  com.trolltech.qt.gui.QPixmap.__qt_QPixmap_String_nativepointer_ImageConversionFlags(Ljava/lang/String;Lcom/trolltech/qt/QNativePointer;I)V+0
j  com.trolltech.qt.gui.QPixmap.<init>(Ljava/lang/String;Lcom/trolltech/qt/QNativePointer;Lcom/trolltech/qt/core/Qt$ImageConversionFlags;)V+15
j  com.trolltech.qt.gui.QPixmap.<init>(Ljava/lang/String;Lcom/trolltech/qt/QNativePointer;[Lcom/trolltech/qt/core/Qt$ImageConversionFlag;)V+11
j  com.trolltech.qt.gui.QPixmap.<init>(Ljava/lang/String;Ljava/lang/String;[Lcom/trolltech/qt/core/Qt$ImageConversionFlag;)V+15
j  com.trolltech.qt.gui.QPixmap.<init>(Ljava/lang/String;Ljava/lang/String;)V+13
j  com.trolltech.qt.gui.QPixmap.<init>(Ljava/lang/String;)V+3
j  actua.QTSpeelveld$VeldWidget.getBackgroundTexture()Lcom/trolltech/qt/gui/QPixmap;+7
j  actua.QTSpeelveld$VeldWidget.init()V+10
j  actua.QTSpeelveld.clearSpeelveld()V+29
j  actua.QTSpeelveld.update(Ljava/util/Observable;Ljava/lang/Object;)V+13
j  java.util.Observable.notifyObservers(Ljava/lang/Object;)V+55
j  actua.QTInitSpel.begin()V+206
v  ~StubRoutines::call_stub
V  [libjvm.so+0x21b03d]
V  [libjvm.so+0x30f778]
V  [libjvm.so+0x21aed0]
V  [libjvm.so+0x339735]
V  [libjvm.so+0x33c30c]
V  [libjvm.so+0x2873c5]
C  [libjava.so+0x152e4]  Java_sun_reflect_NativeMethodAccessorImpl_invoke0+0x34
j  sun.reflect.NativeMethodAccessorImpl.invoke0(Ljava/lang/reflect/Method;Ljava/lang/Object;[Ljava/lang/Object;)Ljava/lang/Object;+0
j  sun.reflect.NativeMethodAccessorImpl.invoke(Ljava/lang/Object;[Ljava/lang/Object;)Ljava/lang/Object;+87
j  sun.reflect.DelegatingMethodAccessorImpl.invoke(Ljava/lang/Object;[Ljava/lang/Object;)Ljava/lang/Object;+6
j  java.lang.reflect.Method.invoke(Ljava/lang/Object;[Ljava/lang/Object;)Ljava/lang/Object;+161
j  com.trolltech.qt.internal.QSignalEmitterInternal$AbstractSignalInternal.emit_helper([Ljava/lang/Object;)V+464
j  com.trolltech.qt.QSignalEmitter$Signal1.emit(Ljava/lang/Object;)V+9
v  ~StubRoutines::call_stub
V  [libjvm.so+0x21b03d]
V  [libjvm.so+0x30f778]
V  [libjvm.so+0x21aed0]
V  [libjvm.so+0x2448f7]
V  [libjvm.so+0x22b7aa]
C  [libcom_trolltech_qt_gui.so+0x3c052e]  _ZN37QtJambi_SignalWrapper_QAbstractButton26__qt_signalwrapper_clickedEb+0x15e
C  [libcom_trolltech_qt_gui.so+0x7e0dd5]  _ZN37QtJambi_SignalWrapper_QAbstractButton11qt_metacallEN11QMetaObject4CallEiPPv+0x75
C  [libQtCore.so.4+0x15bad9]  _ZN11QMetaObject8activateEP7QObjectiiPPv+0x2b9
C  [libQtCore.so.4+0x15bea1]  _ZN11QMetaObject8activateEP7QObjectPKS_iiPPv+0x51
C  [libQtGui.so.4+0x6f42be]  _ZN15QAbstractButton7clickedEb+0x3e
C  [libQtGui.so.4+0x4547be]
C  [libQtGui.so.4+0x454e35]
C  [libQtGui.so.4+0x4550b4]  _ZN15QAbstractButton17mouseReleaseEventEP11QMouseEvent+0x84
C  [libcom_trolltech_qt_gui.so+0x6754cd]  _ZN24QtJambiShell_QPushButton17mouseReleaseEventEP11QMouseEvent+0xcd
C  [libQtGui.so.4+0x166b32]  _ZN7QWidget5eventEP6QEvent+0x892
C  [libQtGui.so.4+0x455bb4]  _ZN15QAbstractButton5eventEP6QEvent+0x74
C  [libQtGui.so.4+0x4f84db]  _ZN11QPushButton5eventEP6QEvent+0x3b
C  [libcom_trolltech_qt_gui.so+0x6741fd]  _ZN24QtJambiShell_QPushButton5eventEP6QEvent+0xdd
C  [libQtGui.so.4+0x117b0d]  _ZN19QApplicationPrivate13notify_helperEP7QObjectP6QEvent+0xcd
C  [libQtGui.so.4+0x11b47c]  _ZN12QApplication6notifyEP7QObjectP6QEvent+0x2fc
C  [libcom_trolltech_qt_gui.so+0x428e02]  _ZN25QtJambiShell_QApplication6notifyEP7QObjectP6QEvent+0x102
C  [libQtCore.so.4+0x147c08]  _ZN16QCoreApplication14notifyInternalEP7QObjectP6QEvent+0x98
C  [libQtGui.so.4+0x11cf7a]  _ZN19QApplicationPrivate14sendMouseEventEP7QWidgetP11QMouseEventS1_S1_PS1_R8QPointerIS0_E+0xda
C  [libQtGui.so.4+0x17f537]
C  [libQtGui.so.4+0x17df8c]  _ZN12QApplication15x11ProcessEventEP7_XEvent+0xb4c
C  [libQtGui.so.4+0x1a59f2]
C  [libglib-2.0.so.0+0x376af]  g_main_context_dispatch+0x18f
C  [libglib-2.0.so.0+0x3ab2f]
C  [libglib-2.0.so.0+0x3b0e7]  g_main_context_iteration+0x77
C  [libQtCore.so.4+0x172f44]  _ZN20QEventDispatcherGlib13processEventsE6QFlagsIN10QEventLoop17ProcessEventsFlagEE+0x64
C  [libQtGui.so.4+0x1a553b]
C  [libQtCore.so.4+0x147107]  _ZN10QEventLoop13processEventsE6QFlagsINS_17ProcessEventsFlagEE+0x47
C  [libQtCore.so.4+0x1472eb]  _ZN10QEventLoop4execE6QFlagsINS_17ProcessEventsFlagEE+0x9b
C  [libQtCore.so.4+0x1490fd]  _ZN16QCoreApplication4execEv+0x9d
C  [libQtGui.so.4+0x1174e9]  _ZN12QApplication4execEv+0x29
C  [libcom_trolltech_qt_gui.so+0x425fd6]  Java_com_trolltech_qt_gui_QApplication_exec__+0x16
j  com.trolltech.qt.gui.QApplication.exec()I+0
j  actua.QTWindow.show()V+7
j  actua.Applicatie.<init>(Lactua/GFactory;)V+58
j  actua.Applicatie.main([Ljava/lang/String;)V+19
v  ~StubRoutines::call_stub
V  [libjvm.so+0x21b03d]
V  [libjvm.so+0x30f778]
V  [libjvm.so+0x21aed0]
V  [libjvm.so+0x244686]
V  [libjvm.so+0x235e88]
C  [java+0x1b98]  JavaMain+0x2c8
C  [libpthread.so.0+0x518b]

Java frames: (J=compiled Java code, j=interpreted, Vv=VM code)
j  com.trolltech.qt.gui.QPixmap.__qt_QPixmap_String_nativepointer_ImageConversionFlags(Ljava/lang/String;Lcom/trolltech/qt/QNativePointer;I)V+0
j  com.trolltech.qt.gui.QPixmap.<init>(Ljava/lang/String;Lcom/trolltech/qt/QNativePointer;Lcom/trolltech/qt/core/Qt$ImageConversionFlags;)V+15
j  com.trolltech.qt.gui.QPixmap.<init>(Ljava/lang/String;Lcom/trolltech/qt/QNativePointer;[Lcom/trolltech/qt/core/Qt$ImageConversionFlag;)V+11
j  com.trolltech.qt.gui.QPixmap.<init>(Ljava/lang/String;Ljava/lang/String;[Lcom/trolltech/qt/core/Qt$ImageConversionFlag;)V+15
j  com.trolltech.qt.gui.QPixmap.<init>(Ljava/lang/String;Ljava/lang/String;)V+13
j  com.trolltech.qt.gui.QPixmap.<init>(Ljava/lang/String;)V+3
j  actua.QTSpeelveld$VeldWidget.getBackgroundTexture()Lcom/trolltech/qt/gui/QPixmap;+7
j  actua.QTSpeelveld$VeldWidget.init()V+10
j  actua.QTSpeelveld.clearSpeelveld()V+29
j  actua.QTSpeelveld.update(Ljava/util/Observable;Ljava/lang/Object;)V+13
j  java.util.Observable.notifyObservers(Ljava/lang/Object;)V+55
j  actua.QTInitSpel.begin()V+206
v  ~StubRoutines::call_stub
j  sun.reflect.NativeMethodAccessorImpl.invoke0(Ljava/lang/reflect/Method;Ljava/lang/Object;[Ljava/lang/Object;)Ljava/lang/Object;+0
j  sun.reflect.NativeMethodAccessorImpl.invoke(Ljava/lang/Object;[Ljava/lang/Object;)Ljava/lang/Object;+87
j  sun.reflect.DelegatingMethodAccessorImpl.invoke(Ljava/lang/Object;[Ljava/lang/Object;)Ljava/lang/Object;+6
j  java.lang.reflect.Method.invoke(Ljava/lang/Object;[Ljava/lang/Object;)Ljava/lang/Object;+161
j  com.trolltech.qt.internal.QSignalEmitterInternal$AbstractSignalInternal.emit_helper([Ljava/lang/Object;)V+464
j  com.trolltech.qt.QSignalEmitter$Signal1.emit(Ljava/lang/Object;)V+9
v  ~StubRoutines::call_stub
j  com.trolltech.qt.gui.QApplication.exec()I+0
j  actua.QTWindow.show()V+7
j  actua.Applicatie.<init>(Lactua/GFactory;)V+58
j  actua.Applicatie.main([Ljava/lang/String;)V+19
v  ~StubRoutines::call_stub

---------------  P R O C E S S  ---------------

Java Threads: ( => current thread )
  0x080a7400 JavaThread "Thread-0" daemon [_thread_blocked, id=5763, stack(0xb50e8000,0xb5139000)]
  0x0808fc00 JavaThread "Low Memory Detector" daemon [_thread_blocked, id=5759, stack(0xb5804000,0xb5855000)]
  0x0808cc00 JavaThread "CompilerThread0" daemon [_thread_blocked, id=5758, stack(0xb5855000,0xb58d6000)]
  0x0808b000 JavaThread "Signal Dispatcher" daemon [_thread_blocked, id=5757, stack(0xb58d6000,0xb5927000)]
  0x08085c00 JavaThread "Finalizer" daemon [_thread_blocked, id=5752, stack(0xb5b27000,0xb5b78000)]
  0x08081000 JavaThread "Reference Handler" daemon [_thread_blocked, id=5751, stack(0xb5b78000,0xb5bc9000)]
=>0x08058800 JavaThread "main" [_thread_in_native, id=5749, stack(0xb7ddc000,0xb7e2d000)]

Other Threads:
  0x0807f400 VMThread [stack: 0xb5bc9000,0xb5c4a000] [id=5750]
  0x08091800 WatcherThread [stack: 0xb5783000,0xb5804000] [id=5760]

VM state:not at safepoint (normal execution)

VM Mutex/Monitor currently owned by a thread: None

Heap
 def new generation   total 960K, used 235K [0x8c0e0000, 0x8c1e0000, 0x8c5c0000)
  eden space 896K,  19% used [0x8c0e0000, 0x8c10acb8, 0x8c1c0000)
  from space 64K, 100% used [0x8c1d0000, 0x8c1e0000, 0x8c1e0000)
  to   space 64K,   0% used [0x8c1c0000, 0x8c1c0000, 0x8c1d0000)
 tenured generation   total 4096K, used 960K [0x8c5c0000, 0x8c9c0000, 0x900e0000)
   the space 4096K,  23% used [0x8c5c0000, 0x8c6b0268, 0x8c6b0400, 0x8c9c0000)
 compacting perm gen  total 12288K, used 5409K [0x900e0000, 0x90ce0000, 0x940e0000)
   the space 12288K,  44% used [0x900e0000, 0x906287e0, 0x90628800, 0x90ce0000)
    ro space 8192K,  74% used [0x940e0000, 0x946d3488, 0x946d3600, 0x948e0000)
    rw space 12288K,  58% used [0x948e0000, 0x94fedb20, 0x94fedc00, 0x954e0000)

Dynamic libraries:
06000000-0642a000 r-xp 00000000 03:04 21705467   /opt/sun-jdk-1.6.0.10/jre/lib/i386/client/libjvm.so
0642a000-06444000 rwxp 0042a000 03:04 21705467   /opt/sun-jdk-1.6.0.10/jre/lib/i386/client/libjvm.so
06444000-06864000 rwxp 06444000 00:00 0 
08048000-08052000 r-xp 00000000 03:04 42396647   /opt/sun-jdk-1.6.0.10/bin/java
08052000-08053000 rwxp 00009000 03:04 42396647   /opt/sun-jdk-1.6.0.10/bin/java
08053000-08420000 rwxp 08053000 00:00 0          [heap]
8c0e0000-8c1e0000 rwxp 8c0e0000 00:00 0 
8c1e0000-8c5c0000 rwxp 8c1e0000 00:00 0 
8c5c0000-8c9c0000 rwxp 8c5c0000 00:00 0 
8c9c0000-900e0000 rwxp 8c9c0000 00:00 0 
900e0000-90ce0000 rwxp 900e0000 00:00 0 
90ce0000-940e0000 rwxp 90ce0000 00:00 0 
940e0000-946d4000 r-xs 00001000 03:04 21709664   /opt/sun-jdk-1.6.0.10/jre/lib/i386/client/classes.jsa
946d4000-948e0000 rwxp 946d4000 00:00 0 
948e0000-94fee000 rwxp 005f5000 03:04 21709664   /opt/sun-jdk-1.6.0.10/jre/lib/i386/client/classes.jsa
94fee000-954e0000 rwxp 94fee000 00:00 0 
954e0000-955bc000 rwxp 00d03000 03:04 21709664   /opt/sun-jdk-1.6.0.10/jre/lib/i386/client/classes.jsa
955bc000-958e0000 rwxp 955bc000 00:00 0 
958e0000-958e4000 r-xs 00ddf000 03:04 21709664   /opt/sun-jdk-1.6.0.10/jre/lib/i386/client/classes.jsa
958e4000-95ce0000 rwxp 958e4000 00:00 0 
b3700000-b3721000 rwxp b3700000 00:00 0 
b3721000-b3800000 ---p b3721000 00:00 0 
b38a2000-b38ef000 r-xp 00000000 03:04 30285749   /tmp/QtJambi_school_i386_4.4.3_01_gcc-20080917-0414/plugins/imageformats/libqtiff.so
b38ef000-b38f2000 rwxp 0004c000 03:04 30285749   /tmp/QtJambi_school_i386_4.4.3_01_gcc-20080917-0414/plugins/imageformats/libqtiff.so
b38f2000-b3935000 r-xp 00000000 03:04 16831677   /tmp/QtJambi_school_i386_4.4.3_01_gcc-20080917-0414/lib/libQtXml.so.4
b3935000-b3937000 rwxp 00043000 03:04 16831677   /tmp/QtJambi_school_i386_4.4.3_01_gcc-20080917-0414/lib/libQtXml.so.4
b3937000-b3985000 r-xp 00000000 03:04 17062775   /tmp/QtJambi_school_i386_4.4.3_01_gcc-20080917-0414/lib/libQtSvg.so.4
b3985000-b3987000 rwxp 0004d000 03:04 17062775   /tmp/QtJambi_school_i386_4.4.3_01_gcc-20080917-0414/lib/libQtSvg.so.4
b3987000-b39d2000 r-xp 00000000 03:04 30285748   /tmp/QtJambi_school_i386_4.4.3_01_gcc-20080917-0414/plugins/imageformats/libqmng.so
b39d2000-b39d4000 rwxp 0004b000 03:04 30285748   /tmp/QtJambi_school_i386_4.4.3_01_gcc-20080917-0414/plugins/imageformats/libqmng.so
b39d4000-b39f9000 r-xp 00000000 03:04 30285743   /tmp/QtJambi_school_i386_4.4.3_01_gcc-20080917-0414/plugins/imageformats/libqjpeg.so
b39f9000-b39fa000 rwxp 00025000 03:04 30285743   /tmp/QtJambi_school_i386_4.4.3_01_gcc-20080917-0414/plugins/imageformats/libqjpeg.so
b39fa000-b39fc000 r-xp 00000000 03:04 17148971   /usr/lib/libXinerama.so.1.0.0
b39fc000-b39fd000 r-xp 00001000 03:04 17148971   /usr/lib/libXinerama.so.1.0.0
b39fd000-b39fe000 rwxp 00002000 03:04 17148971   /usr/lib/libXinerama.so.1.0.0
b39fe000-b3a02000 r-xp 00000000 03:04 50732679   /usr/lib/libXfixes.so.3.1.0
b3a02000-b3a03000 r-xp 00003000 03:04 50732679   /usr/lib/libXfixes.so.3.1.0
b3a03000-b3a04000 rwxp 00004000 03:04 50732679   /usr/lib/libXfixes.so.3.1.0
b3a0c000-b3a10000 r-xp 00000000 03:04 46473002   /usr/share/fonts/75dpi/helvR12.pcf.gz
b3a10000-b3a13000 r-xp 00000000 03:04 30298756   /tmp/QtJambi_school_i386_4.4.3_01_gcc-20080917-0414/plugins/imageformats/libqsvg.so
b3a13000-b3a14000 rwxp 00003000 03:04 30298756   /tmp/QtJambi_school_i386_4.4.3_01_gcc-20080917-0414/plugins/imageformats/libqsvg.so
b3a14000-b3a1a000 r-xp 00000000 03:04 30285747   /tmp/QtJambi_school_i386_4.4.3_01_gcc-20080917-0414/plugins/imageformats/libqgif.so
b3a1a000-b3a1b000 rwxp 00005000 03:04 30285747   /tmp/QtJambi_school_i386_4.4.3_01_gcc-20080917-0414/plugins/imageformats/libqgif.so
b3a1b000-b3a21000 r-xs 00000000 03:04 8808246    /var/cache/fontconfig/87f5e051180a7a75f16eb6fe7dbd3749-x86.cache-2
b3a21000-b3a23000 r-xs 00000000 03:04 8808251    /var/cache/fontconfig/f55bbeb01d684dc5b5f7b2c347cc42d9-x86.cache-2
b3a23000-b3a25000 r-xs 00000000 03:04 8794660    /var/cache/fontconfig/76fa4b957c916922374347f144bde9da-x86.cache-2
b3a25000-b3a2a000 r-xs 00000000 03:04 8808249    /var/cache/fontconfig/4460665c0f3e88acdd4c85aa2f409b99-x86.cache-2
b3a2a000-b3a37000 r-xs 00000000 03:04 8794668    /var/cache/fontconfig/8d4af663993b81a124ee82e610bb31f9-x86.cache-2
b3a37000-b3a44000 r-xs 00000000 03:04 8808253    /var/cache/fontconfig/221fd1126b80b777db535aea535e87ba-x86.cache-2
b3a44000-b3a4a000 r-xs 00000000 03:04 8794670    /var/cache/fontconfig/12b26b760a24f8b4feb03ad48a333a72-x86.cache-2
b3a4a000-b3a5d000 r-xs 00000000 03:04 8794664    /var/cache/fontconfig/4b5cf4386f1cde02a336ba961b4ac82d-x86.cache-2
b3a5d000-b3a60000 r-xs 00000000 03:04 8808244    /var/cache/fontconfig/374b958dfa195bf54eaa9332f068d728-x86.cache-2
b3a60000-b3a63000 r-xs 00000000 03:04 8808243    /var/cache/fontconfig/d62e99ef547d1d24cdb1bd22ec1a2976-x86.cache-2
b3a63000-b3a82000 r-xs 00000000 03:04 8794661    /var/cache/fontconfig/17090aa38d5c6f09fb8c5c354938f1d7-x86.cache-2
b3a82000-b3aa1000 r-xs 00000000 03:04 8808248    /var/cache/fontconfig/df311e82a1a24c41a75c2c930223552e-x86.cache-2
b3aa1000-b4436000 r-xp 00000000 03:04 17166570   /tmp/QtJambi_school_i386_4.4.3_01_gcc-20080917-0414/lib/libcom_trolltech_qt_gui.so
b4436000-b4460000 rwxp 00994000 03:04 17166570   /tmp/QtJambi_school_i386_4.4.3_01_gcc-20080917-0414/lib/libcom_trolltech_qt_gui.so
b4460000-b4463000 rwxp b4460000 00:00 0 
b4463000-b4467000 r-xp 00000000 03:04 46478574   /usr/lib/libXdmcp.so.6.0.0
b4467000-b4468000 r-xp 00003000 03:04 46478574   /usr/lib/libXdmcp.so.6.0.0
b4468000-b4469000 rwxp 00004000 03:04 46478574   /usr/lib/libXdmcp.so.6.0.0
b4469000-b4481000 r-xp 00000000 03:04 9023502    /usr/lib/libxcb.so.1.0.0
b4481000-b4482000 r-xp 00017000 03:04 9023502    /usr/lib/libxcb.so.1.0.0
b4482000-b4483000 rwxp 00018000 03:04 9023502    /usr/lib/libxcb.so.1.0.0
b4483000-b4484000 r-xp 00000000 03:04 9135563    /usr/lib/libxcb-xlib.so.0.0.0
b4484000-b4485000 r-xp 00000000 03:04 9135563    /usr/lib/libxcb-xlib.so.0.0.0
b4485000-b4486000 rwxp 00001000 03:04 9135563    /usr/lib/libxcb-xlib.so.0.0.0
b4486000-b4488000 r-xp 00000000 03:04 811276     /usr/lib/libXau.so.6.0.0
b4488000-b4489000 r-xp 00001000 03:04 811276     /usr/lib/libXau.so.6.0.0
b4489000-b448a000 rwxp 00002000 03:04 811276     /usr/lib/libXau.so.6.0.0
b448a000-b44a8000 r-xp 00000000 03:04 25223004   /usr/lib/libexpat.so.1.5.2
b44a8000-b44aa000 r-xp 0001d000 03:04 25223004   /usr/lib/libexpat.so.1.5.2
b44aa000-b44ab000 rwxp 0001f000 03:04 25223004   /usr/lib/libexpat.so.1.5.2
b44ab000-b4590000 r-xp 00000000 03:04 58915075   /usr/lib/libX11.so.6.2.0
b4590000-b4591000 r-xp 000e4000 03:04 58915075   /usr/lib/libX11.so.6.2.0
b4591000-b4594000 rwxp 000e5000 03:04 58915075   /usr/lib/libX11.so.6.2.0
b4594000-b45a1000 r-xp 00000000 03:04 17148808   /usr/lib/libXext.so.6.4.0
b45a1000-b45a2000 r-xp 0000c000 03:04 17148808   /usr/lib/libXext.so.6.4.0
b45a2000-b45a3000 rwxp 0000d000 03:04 17148808   /usr/lib/libXext.so.6.4.0
b45a3000-b45cc000 r-xp 00000000 03:04 34040249   /usr/lib/libfontconfig.so.1.3.0
b45cc000-b45cd000 r-xp 00029000 03:04 34040249   /usr/lib/libfontconfig.so.1.3.0
b45cd000-b45ce000 rwxp 0002a000 03:04 34040249   /usr/lib/libfontconfig.so.1.3.0
b45ce000-b464a000 r-xp 00000000 03:04 25825651   /usr/lib/libfreetype.so.6.3.18
b464a000-b464e000 r-xp 0007b000 03:04 25825651   /usr/lib/libfreetype.so.6.3.18
b464e000-b464f000 rwxp 0007f000 03:04 25825651   /usr/lib/libfreetype.so.6.3.18
b464f000-b4655000 r-xp 00000000 03:04 46469651   /usr/lib/libXrandr.so.2.1.0
b4655000-b4656000 r-xp 00005000 03:04 46469651   /usr/lib/libXrandr.so.2.1.0
b4656000-b4657000 rwxp 00006000 03:04 46469651   /usr/lib/libXrandr.so.2.1.0
b4657000-b465e000 r-xp 00000000 03:04 55009881   /usr/lib/libXrender.so.1.3.0
b465e000-b465f000 r-xp 00006000 03:04 55009881   /usr/lib/libXrender.so.1.3.0
b465f000-b4660000 rwxp 00007000 03:04 55009881   /usr/lib/libXrender.so.1.3.0
b4660000-b4667000 r-xp 00000000 03:04 55009888   /usr/lib/libXi.so.6.0.0
b4667000-b4668000 r-xp 00006000 03:04 55009888   /usr/lib/libXi.so.6.0.0
b4668000-b4669000 rwxp 00007000 03:04 55009888   /usr/lib/libXi.so.6.0.0
b4669000-b467e000 r-xp 00000000 03:04 63762571   /usr/lib/libICE.so.6.3.0
b467e000-b467f000 r-xp 00014000 03:04 63762571   /usr/lib/libICE.so.6.3.0
b467f000-b4680000 rwxp 00015000 03:04 63762571   /usr/lib/libICE.so.6.3.0
b4680000-b4682000 rwxp b4680000 00:00 0 
b4682000-b4689000 r-xp 00000000 03:04 8815339    /usr/lib/libSM.so.6.0.0
b4689000-b468a000 r-xp 00006000 03:04 8815339    /usr/lib/libSM.so.6.0.0
b468a000-b468b000 rwxp 00007000 03:04 8815339    /usr/lib/libSM.so.6.0.0
b468b000-b46ae000 r-xp 00000000 03:04 29747765   /usr/lib/libpng12.so.0.33.0
b46ae000-b46af000 r-xp 00022000 03:04 29747765   /usr/lib/libpng12.so.0.33.0
b46af000-b46b0000 rwxp 00023000 03:04 29747765   /usr/lib/libpng12.so.0.33.0
b46b0000-b4f52000 r-xp 00000000 03:04 16813417   /tmp/QtJambi_school_i386_4.4.3_01_gcc-20080917-0414/lib/libQtGui.so.4
b4f52000-b4f77000 rwxp 008a1000 03:04 16813417   /tmp/QtJambi_school_i386_4.4.3_01_gcc-20080917-0414/lib/libQtGui.so.4
b4f77000-b4f78000 rwxp b4f77000 00:00 0 
b4f78000-b50e0000 r-xp 00000000 03:04 17141407   /tmp/QtJambi_school_i386_4.4.3_01_gcc-20080917-0414/lib/libcom_trolltech_qt_core.so
b50e0000-b50e8000 rwxp 00168000 03:04 17141407   /tmp/QtJambi_school_i386_4.4.3_01_gcc-20080917-0414/lib/libcom_trolltech_qt_core.so
b50e8000-b50eb000 ---p b50e8000 00:00 0 
b50eb000-b5139000 rwxp b50eb000 00:00 0 
b5139000-b5178000 r-xp 00000000 03:04 17134169   /tmp/QtJambi_school_i386_4.4.3_01_gcc-20080917-0414/lib/libqtjambi.so
b5178000-b5179000 rwxp 0003f000 03:04 17134169   /tmp/QtJambi_school_i386_4.4.3_01_gcc-20080917-0414/lib/libqtjambi.so
b5179000-b5183000 r-xp 00000000 03:04 47040928   /usr/lib/gcc/i686-pc-linux-gnu/4.1.2/libgcc_s.so.1
b5183000-b5184000 r-xp 00009000 03:04 47040928   /usr/lib/gcc/i686-pc-linux-gnu/4.1.2/libgcc_s.so.1
b5184000-b5185000 rwxp 0000a000 03:04 47040928   /usr/lib/gcc/i686-pc-linux-gnu/4.1.2/libgcc_s.so.1
b5185000-b5261000 r-xp 00000000 03:04 16813412   /tmp/QtJambi_school_i386_4.4.3_01_gcc-20080917-0414/lib/libstdc++.so.6
b5261000-b5266000 rwxp 000dc000 03:04 16813412   /tmp/QtJambi_school_i386_4.4.3_01_gcc-20080917-0414/lib/libstdc++.so.6
b5266000-b526b000 rwxp b5266000 00:00 0 
b526b000-b5338000 r-xp 00000000 03:04 17431765   /usr/lib/libglib-2.0.so.0.1600.5
b5338000-b5339000 r-xp 000cc000 03:04 17431765   /usr/lib/libglib-2.0.so.0.1600.5
b5339000-b533a000 rwxp 000cd000 03:04 17431765   /usr/lib/libglib-2.0.so.0.1600.5
b533a000-b533e000 r-xp 00000000 03:04 17261189   /usr/lib/libgthread-2.0.so.0.1600.5
b533e000-b533f000 r-xp 00003000 03:04 17261189   /usr/lib/libgthread-2.0.so.0.1600.5
b533f000-b5340000 rwxp 00004000 03:04 17261189   /usr/lib/libgthread-2.0.so.0.1600.5
b5340000-b5351000 r-xp 00000000 03:04 29562210   /lib/libz.so.1.2.3
b5351000-b5352000 r-xp 00010000 03:04 29562210   /lib/libz.so.1.2.3
b5352000-b5353000 rwxp 00011000 03:04 29562210   /lib/libz.so.1.2.3
b5355000-b535d000 r-xp 00000000 03:04 63823483   /usr/lib/libXcursor.so.1.0.2
b535d000-b535e000 r-xp 00007000 03:04 63823483   /usr/lib/libXcursor.so.1.0.2
b535e000-b535f000 rwxp 00008000 03:04 63823483   /usr/lib/libXcursor.so.1.0.2
b535f000-b5361000 r-xp 00000000 03:04 55556172   /usr/lib/gconv/UTF-16.so
b5361000-b5362000 r-xp 00001000 03:04 55556172   /usr/lib/gconv/UTF-16.so
b5362000-b5363000 rwxp 00002000 03:04 55556172   /usr/lib/gconv/UTF-16.so
b5363000-b536a000 r-xs 00000000 03:04 58816348   /usr/lib/gconv/gconv-modules.cache
b536a000-b5591000 r-xp 00000000 03:04 16813415   /tmp/QtJambi_school_i386_4.4.3_01_gcc-20080917-0414/lib/libQtCore.so.4
b5591000-b5599000 rwxp 00226000 03:04 16813415   /tmp/QtJambi_school_i386_4.4.3_01_gcc-20080917-0414/lib/libQtCore.so.4
b5599000-b559a000 rwxp b5599000 00:00 0 
b559a000-b559d000 r-xs 0001b000 03:04 26092000   /home/school/down/junit.jar
b559d000-b55c0000 r-xs 00264000 03:04 33612444   /home/binary/prog/qtjambi-linux32-gpl-4.4.3_01/qtjambi-4.4.3_01.jar
b55c0000-b55f3000 rwxp b55c0000 00:00 0 
b55f3000-b5783000 r-xs 02eed000 03:04 64917431   /opt/sun-jdk-1.6.0.10/jre/lib/rt.jar
b5783000-b5784000 ---p b5783000 00:00 0 
b5784000-b5804000 rwxp b5784000 00:00 0 
b5804000-b5807000 ---p b5804000 00:00 0 
b5807000-b5855000 rwxp b5807000 00:00 0 
b5855000-b5858000 ---p b5855000 00:00 0 
b5858000-b58d6000 rwxp b5858000 00:00 0 
b58d6000-b58d9000 ---p b58d6000 00:00 0 
b58d9000-b5927000 rwxp b58d9000 00:00 0 
b5927000-b5b27000 r-xp 00000000 03:04 62950962   /usr/lib/locale/locale-archive
b5b27000-b5b2a000 ---p b5b27000 00:00 0 
b5b2a000-b5b78000 rwxp b5b2a000 00:00 0 
b5b78000-b5b7b000 ---p b5b78000 00:00 0 
b5b7b000-b5bc9000 rwxp b5b7b000 00:00 0 
b5bc9000-b5bca000 ---p b5bc9000 00:00 0 
b5bca000-b5c58000 rwxp b5bca000 00:00 0 
b5c58000-b5c72000 rwxp b5c58000 00:00 0 
b5c72000-b5c75000 rwxp b5c72000 00:00 0 
b5c75000-b5c90000 rwxp b5c75000 00:00 0 
b5c90000-b5c91000 rwxp b5c90000 00:00 0 
b5c91000-b5c92000 rwxp b5c91000 00:00 0 
b5c92000-b5c95000 rwxp b5c92000 00:00 0 
b5c95000-b5cb0000 rwxp b5c95000 00:00 0 
b5cb0000-b5cb6000 rwxp b5cb0000 00:00 0 
b5cb6000-b5cd0000 rwxp b5cb6000 00:00 0 
b5cd0000-b5cdf000 rwxp b5cd0000 00:00 0 
b5cdf000-b5d5b000 rwxp b5cdf000 00:00 0 
b5d5b000-b5e53000 rwxp b5d5b000 00:00 0 
b5e53000-b7d5b000 rwxp b5e53000 00:00 0 
b7d5b000-b7d6a000 r-xp 00000000 03:04 9878852    /opt/sun-jdk-1.6.0.10/jre/lib/i386/libzip.so
b7d6a000-b7d6c000 rwxp 0000e000 03:04 9878852    /opt/sun-jdk-1.6.0.10/jre/lib/i386/libzip.so
b7d6c000-b7d8f000 r-xp 00000000 03:04 9878850    /opt/sun-jdk-1.6.0.10/jre/lib/i386/libjava.so
b7d8f000-b7d91000 rwxp 00023000 03:04 9878850    /opt/sun-jdk-1.6.0.10/jre/lib/i386/libjava.so
b7d91000-b7d99000 r-xp 00000000 03:04 29559221   /lib/libnss_files-2.6.1.so
b7d99000-b7d9a000 r-xp 00007000 03:04 29559221   /lib/libnss_files-2.6.1.so
b7d9a000-b7d9b000 rwxp 00008000 03:04 29559221   /lib/libnss_files-2.6.1.so
b7d9b000-b7da3000 r-xp 00000000 03:04 29559232   /lib/libnss_nis-2.6.1.so
b7da3000-b7da4000 r-xp 00007000 03:04 29559232   /lib/libnss_nis-2.6.1.so
b7da4000-b7da5000 rwxp 00008000 03:04 29559232   /lib/libnss_nis-2.6.1.so
b7da5000-b7db8000 r-xp 00000000 03:04 29559231   /lib/libnsl-2.6.1.so
b7db8000-b7db9000 r-xp 00012000 03:04 29559231   /lib/libnsl-2.6.1.so
b7db9000-b7dba000 rwxp 00013000 03:04 29559231   /lib/libnsl-2.6.1.so
b7dba000-b7dbc000 rwxp b7dba000 00:00 0 
b7dbd000-b7dbf000 r-xs 01130000 03:04 33612447   /home/binary/prog/qtjambi-linux32-gpl-4.4.3_01/qtjambi-linux32-gcc-4.4.3_01.jar
b7dbf000-b7dca000 r-xp 00000000 03:04 9878849    /opt/sun-jdk-1.6.0.10/jre/lib/i386/libverify.so
b7dca000-b7dcb000 rwxp 0000b000 03:04 9878849    /opt/sun-jdk-1.6.0.10/jre/lib/i386/libverify.so
b7dcb000-b7dd3000 rwxs 00000000 03:04 10127666   /tmp/hsperfdata_school/5748
b7dd3000-b7dda000 r-xp 00000000 03:04 29559222   /lib/librt-2.6.1.so
b7dda000-b7ddb000 r-xp 00006000 03:04 29559222   /lib/librt-2.6.1.so
b7ddb000-b7ddc000 rwxp 00007000 03:04 29559222   /lib/librt-2.6.1.so
b7ddc000-b7ddf000 ---p b7ddc000 00:00 0 
b7ddf000-b7e2d000 rwxp b7ddf000 00:00 0 
b7e2d000-b7e51000 r-xp 00000000 03:04 29559204   /lib/libm-2.6.1.so
b7e51000-b7e52000 r-xp 00023000 03:04 29559204   /lib/libm-2.6.1.so
b7e52000-b7e53000 rwxp 00024000 03:04 29559204   /lib/libm-2.6.1.so
b7e53000-b7e54000 rwxp b7e53000 00:00 0 
b7e54000-b7f7e000 r-xp 00000000 03:04 29559237   /lib/libc-2.6.1.so
b7f7e000-b7f80000 r-xp 0012a000 03:04 29559237   /lib/libc-2.6.1.so
b7f80000-b7f81000 rwxp 0012c000 03:04 29559237   /lib/libc-2.6.1.so
b7f81000-b7f84000 rwxp b7f81000 00:00 0 
b7f84000-b7f86000 r-xp 00000000 03:04 29559206   /lib/libdl-2.6.1.so
b7f86000-b7f87000 r-xp 00001000 03:04 29559206   /lib/libdl-2.6.1.so
b7f87000-b7f88000 rwxp 00002000 03:04 29559206   /lib/libdl-2.6.1.so
b7f88000-b7f8f000 r-xp 00000000 03:04 27581465   /opt/sun-jdk-1.6.0.10/jre/lib/i386/jli/libjli.so
b7f8f000-b7f91000 rwxp 00006000 03:04 27581465   /opt/sun-jdk-1.6.0.10/jre/lib/i386/jli/libjli.so
b7f91000-b7fa4000 r-xp 00000000 03:04 29559236   /lib/libpthread-2.6.1.so
b7fa4000-b7fa5000 r-xp 00013000 03:04 29559236   /lib/libpthread-2.6.1.so
b7fa5000-b7fa6000 rwxp 00014000 03:04 29559236   /lib/libpthread-2.6.1.so
b7fa6000-b7fa8000 rwxp b7fa6000 00:00 0 
b7fa8000-b7fa9000 r-xp 0110b000 03:04 62950962   /usr/lib/locale/locale-archive
b7fa9000-b7fae000 rwxp b7fa9000 00:00 0 
b7fae000-b7fb4000 r-xp 00000000 03:04 29559234   /lib/libnss_compat-2.6.1.so
b7fb4000-b7fb5000 r-xp 00005000 03:04 29559234   /lib/libnss_compat-2.6.1.so
b7fb5000-b7fb6000 rwxp 00006000 03:04 29559234   /lib/libnss_compat-2.6.1.so
b7fb6000-b7fbc000 r-xp 00000000 03:04 13431105   /opt/sun-jdk-1.6.0.10/jre/lib/i386/native_threads/libhpi.so
b7fbc000-b7fbd000 rwxp 00006000 03:04 13431105   /opt/sun-jdk-1.6.0.10/jre/lib/i386/native_threads/libhpi.so
b7fbd000-b7fbe000 rwxp b7fbd000 00:00 0 
b7fbe000-b7fbf000 r-xp b7fbe000 00:00 0 
b7fbf000-b7fc0000 rwxp b7fbf000 00:00 0 
b7fc0000-b7fda000 r-xp 00000000 03:04 29559257   /lib/ld-2.6.1.so
b7fda000-b7fdb000 r-xp 00019000 03:04 29559257   /lib/ld-2.6.1.so
b7fdb000-b7fdc000 rwxp 0001a000 03:04 29559257   /lib/ld-2.6.1.so
bfac7000-bfadc000 rwxp bffeb000 00:00 0          [stack]
ffffe000-fffff000 r-xp 00000000 00:00 0          [vdso]

VM Arguments:
jvm_args: -Dfile.encoding=UTF-8 
java_command: actua.Applicatie
Launcher Type: SUN_STANDARD

Environment Variables:
JAVA_HOME=/etc/java-config-2/current-system-vm
CLASSPATH=.
PATH=/usr/kde/3.5/bin:/usr/local/bin:/usr/bin:/bin:/opt/bin:/usr/i486-pc-linux-gnu/gcc-bin/4.1.2:/usr/i686-pc-linux-gnu/gcc-bin/4.1.2:/opt/sun-jdk-1.4.2.18/bin:/opt/sun-jdk-1.4.2.18/jre/bin:/opt/sun-jdk-1.4.2.18/jre/javaws:/usr/qt/3/bin:/usr/games/bin
LD_LIBRARY_PATH=/opt/sun-jdk-1.6.0.10/jre/lib/i386/client:/opt/sun-jdk-1.6.0.10/jre/lib/i386:/opt/sun-jdk-1.6.0.10/jre/../lib/i386:/usr/lib/xorg
SHELL=/bin/bash
DISPLAY=:0

Signal Handlers:
SIGSEGV: [libjvm.so+0x3ccf60], sa_mask[0]=0x7ffbfeff, sa_flags=0x10000004
SIGBUS: [libjvm.so+0x3ccf60], sa_mask[0]=0x7ffbfeff, sa_flags=0x10000004
SIGFPE: [libjvm.so+0x30e830], sa_mask[0]=0x7ffbfeff, sa_flags=0x10000004
SIGPIPE: [libjvm.so+0x30e830], sa_mask[0]=0x7ffbfeff, sa_flags=0x10000004
SIGXFSZ: [libjvm.so+0x30e830], sa_mask[0]=0x7ffbfeff, sa_flags=0x10000004
SIGILL: [libjvm.so+0x30e830], sa_mask[0]=0x7ffbfeff, sa_flags=0x10000004
SIGUSR1: SIG_DFL, sa_mask[0]=0x00000000, sa_flags=0x00000000
SIGUSR2: [libjvm.so+0x310d00], sa_mask[0]=0x00000004, sa_flags=0x10000004
SIGHUP: [libjvm.so+0x310aa0], sa_mask[0]=0x7ffbfeff, sa_flags=0x10000004
SIGINT: [libjvm.so+0x310aa0], sa_mask[0]=0x7ffbfeff, sa_flags=0x10000004
SIGTERM: [libjvm.so+0x310aa0], sa_mask[0]=0x7ffbfeff, sa_flags=0x10000004
SIGQUIT: [libjvm.so+0x310aa0], sa_mask[0]=0x7ffbfeff, sa_flags=0x10000004


---------------  S Y S T E M  ---------------

OS:Gentoo Base System release 1.12.11.1

uname:Linux 2.6.25-gentoo-r8 #3 Mon Oct 13 22:41:12 CEST 2008 i686
libc:glibc 2.6.1 NPTL 2.6.1 
rlimit: STACK 8192k, CORE 0k, NPROC 4087, NOFILE 1024, AS infinity
load average:1.50 0.73 0.28

CPU:total 1 (1 cores per cpu, 1 threads per core) family 6 model 10 stepping 0, cmov, cx8, fxsr, mmx, sse, mmxext, 3dnow, 3dnowext

Memory: 4k page, physical 513716k(10800k free), swap 1004052k(1004052k free)

vm_info: Java HotSpot(TM) Client VM (11.0-b15) for linux-x86 JRE (1.6.0_10-b33), built on Sep 26 2008 01:18:27 by "java_re" with gcc 3.2.1-7a (J2SE release)

time: Tue Dec 30 13:22:35 2008
elapsed time: 17 seconds

