#
# An unexpected error has been detected by Java Runtime Environment:
#
#  SIGSEGV (0xb) at pc=0xb7e9cb14, pid=6504, tid=3045821328
#
# Java VM: Java HotSpot(TM) Client VM (11.0-b15 mixed mode, sharing linux-x86)
# Problematic frame:
# C  [libc.so.6+0x65b14]
#
# If you would like to submit a bug report, please visit:
#   http://java.sun.com/webapps/bugreport/crash.jsp
#

---------------  T H R E A D  ---------------

Current thread (0x0808cc00):  JavaThread "CompilerThread0" daemon [_thread_in_vm, id=6515, stack(0xb5838000,0xb58b9000)]

siginfo:si_signo=SIGSEGV: si_errno=0, si_code=1 (SEGV_MAPERR), si_addr=0xc03c544c

Registers:
EAX=0x084612f8, EBX=0xb7f62ff4, ECX=0x00000001, EDX=0x084612f8
ESP=0xb58b79dc, EBP=0xb58b7a04, ESI=0xb7f64150, EDI=0xc03c5448
EIP=0xb7e9cb14, CR2=0xc03c544c, EFLAGS=0x00210202

Top of Stack: (sp=0xb58b79dc)
0xb58b79dc:   b7f6414c b7f64120 b7f64130 0845f2d0
0xb58b79ec:   b7f64150 084612f8 00000048 b7f62ff4
0xb58b79fc:   b7f64120 000004c8 b58b7a9c b7e9ecf1
0xb58b7a0c:   06197c17 063f7fa7 b5e23f90 00000000
0xb58b7a1c:   b5e2440f b5e24410 0811bac8 0811bb7a
0xb58b7a2c:   0811bb7a b5e24408 b7f64150 b58b7a10
0xb58b7a3c:   b5e24410 000004d0 b5e244f1 b5e244f1
0xb58b7a4c:   0811c3e0 0811c4bc 0811c4bc b5e244ec 

Instructions: (pc=0xb7e9cb14)
0xb7e9cb04:   55 e4 8b 46 04 89 c2 83 e2 fa 89 55 ec 8d 3c 16
0xb7e9cb14:   8b 57 04 83 e2 f8 a8 01 89 55 f0 75 25 8b 06 01 

Stack: [0xb5838000,0xb58b9000],  sp=0xb58b79dc,  free space=510k
Native frames: (J=compiled Java code, j=interpreted, Vv=VM code, C=native code)
C  [libc.so.6+0x65b14]
C  [libc.so.6+0x67cf1]
C  [libc.so.6+0x6930e]  __libc_malloc+0x7e
V  [libjvm.so+0x30a3ea]
V  [libjvm.so+0x195c72]
V  [libjvm.so+0x300e23]
V  [libjvm.so+0x300768]
V  [libjvm.so+0x16dbfb]
V  [libjvm.so+0xf509c]
V  [libjvm.so+0xf514d]
V  [libjvm.so+0xf57a5]
V  [libjvm.so+0xf5e9a]
V  [libjvm.so+0x1a6a2a]
V  [libjvm.so+0x1a6436]
V  [libjvm.so+0x3a01bd]
V  [libjvm.so+0x3108a9]
C  [libpthread.so.0+0x518b]


Current CompileTask:
C1:150      com.sun.org.apache.xerces.internal.dom.DeepNodeListImpl.nextMatchingElementAfter(Lorg/w3c/dom/Node;)Lorg/w3c/dom/Node; (311 bytes)


---------------  P R O C E S S  ---------------

Java Threads: ( => current thread )
  0x082da400 JavaThread "Thread-0" daemon [_thread_blocked, id=6518, stack(0xb50cb000,0xb511c000)]
  0x0808fc00 JavaThread "Low Memory Detector" daemon [_thread_blocked, id=6516, stack(0xb57e7000,0xb5838000)]
=>0x0808cc00 JavaThread "CompilerThread0" daemon [_thread_in_vm, id=6515, stack(0xb5838000,0xb58b9000)]
  0x0808b400 JavaThread "Signal Dispatcher" daemon [_thread_blocked, id=6514, stack(0xb58b9000,0xb590a000)]
  0x08085c00 JavaThread "Finalizer" daemon [_thread_blocked, id=6512, stack(0xb5b0a000,0xb5b5b000)]
  0x08081000 JavaThread "Reference Handler" daemon [_thread_blocked, id=6511, stack(0xb5b5b000,0xb5bac000)]
  0x08058800 JavaThread "main" [_thread_in_native, id=6505, stack(0xb7dbf000,0xb7e10000)]

Other Threads:
  0x0807f400 VMThread [stack: 0xb5bac000,0xb5c2d000] [id=6510]
  0x08091800 WatcherThread [stack: 0xb5766000,0xb57e7000] [id=6517]

VM state:not at safepoint (normal execution)

VM Mutex/Monitor currently owned by a thread:  ([mutex/lock_event])
[0x08055a60] UNKNOWN - owner thread: 0x0808cc00
[0x08056d10] UNKNOWN - owner thread: 0x0808cc00
[0x08056de0] UNKNOWN - owner thread: 0x0808cc00

Heap
 def new generation   total 960K, used 516K [0x8c0e0000, 0x8c1e0000, 0x8c5c0000)
  eden space 896K,  50% used [0x8c0e0000, 0x8c151200, 0x8c1c0000)
  from space 64K, 100% used [0x8c1d0000, 0x8c1e0000, 0x8c1e0000)
  to   space 64K,   0% used [0x8c1c0000, 0x8c1c0000, 0x8c1d0000)
 tenured generation   total 4096K, used 856K [0x8c5c0000, 0x8c9c0000, 0x900e0000)
   the space 4096K,  20% used [0x8c5c0000, 0x8c696010, 0x8c696200, 0x8c9c0000)
 compacting perm gen  total 12288K, used 5409K [0x900e0000, 0x90ce0000, 0x940e0000)
   the space 12288K,  44% used [0x900e0000, 0x90628668, 0x90628800, 0x90ce0000)
    ro space 8192K,  74% used [0x940e0000, 0x946d3488, 0x946d3600, 0x948e0000)
    rw space 12288K,  58% used [0x948e0000, 0x94fedb20, 0x94fedc00, 0x954e0000)

Dynamic libraries:
06000000-0642a000 r-xp 00000000 03:04 21705467   /opt/sun-jdk-1.6.0.10/jre/lib/i386/client/libjvm.so
0642a000-06444000 rwxp 0042a000 03:04 21705467   /opt/sun-jdk-1.6.0.10/jre/lib/i386/client/libjvm.so
06444000-06864000 rwxp 06444000 00:00 0 
08048000-08052000 r-xp 00000000 03:04 42396647   /opt/sun-jdk-1.6.0.10/bin/java
08052000-08053000 rwxp 00009000 03:04 42396647   /opt/sun-jdk-1.6.0.10/bin/java
08053000-0852f000 rwxp 08053000 00:00 0          [heap]
8c0e0000-8c1e0000 rwxp 8c0e0000 00:00 0 
8c1e0000-8c5c0000 rwxp 8c1e0000 00:00 0 
8c5c0000-8c9c0000 rwxp 8c5c0000 00:00 0 
8c9c0000-900e0000 rwxp 8c9c0000 00:00 0 
900e0000-90ce0000 rwxp 900e0000 00:00 0 
90ce0000-940e0000 rwxp 90ce0000 00:00 0 
940e0000-946d4000 r-xs 00001000 03:04 21709664   /opt/sun-jdk-1.6.0.10/jre/lib/i386/client/classes.jsa
946d4000-948e0000 rwxp 946d4000 00:00 0 
948e0000-94fee000 rwxp 005f5000 03:04 21709664   /opt/sun-jdk-1.6.0.10/jre/lib/i386/client/classes.jsa
94fee000-954e0000 rwxp 94fee000 00:00 0 
954e0000-955bc000 rwxp 00d03000 03:04 21709664   /opt/sun-jdk-1.6.0.10/jre/lib/i386/client/classes.jsa
955bc000-958e0000 rwxp 955bc000 00:00 0 
958e0000-958e4000 r-xs 00ddf000 03:04 21709664   /opt/sun-jdk-1.6.0.10/jre/lib/i386/client/classes.jsa
958e4000-95ce0000 rwxp 958e4000 00:00 0 
b3885000-b38d2000 r-xp 00000000 03:04 30285749   /tmp/QtJambi_school_i386_4.4.3_01_gcc-20080917-0414/plugins/imageformats/libqtiff.so
b38d2000-b38d5000 rwxp 0004c000 03:04 30285749   /tmp/QtJambi_school_i386_4.4.3_01_gcc-20080917-0414/plugins/imageformats/libqtiff.so
b38d5000-b3918000 r-xp 00000000 03:04 16831677   /tmp/QtJambi_school_i386_4.4.3_01_gcc-20080917-0414/lib/libQtXml.so.4
b3918000-b391a000 rwxp 00043000 03:04 16831677   /tmp/QtJambi_school_i386_4.4.3_01_gcc-20080917-0414/lib/libQtXml.so.4
b391a000-b3968000 r-xp 00000000 03:04 17062775   /tmp/QtJambi_school_i386_4.4.3_01_gcc-20080917-0414/lib/libQtSvg.so.4
b3968000-b396a000 rwxp 0004d000 03:04 17062775   /tmp/QtJambi_school_i386_4.4.3_01_gcc-20080917-0414/lib/libQtSvg.so.4
b396a000-b39b5000 r-xp 00000000 03:04 30285748   /tmp/QtJambi_school_i386_4.4.3_01_gcc-20080917-0414/plugins/imageformats/libqmng.so
b39b5000-b39b7000 rwxp 0004b000 03:04 30285748   /tmp/QtJambi_school_i386_4.4.3_01_gcc-20080917-0414/plugins/imageformats/libqmng.so
b39b7000-b39dc000 r-xp 00000000 03:04 30285743   /tmp/QtJambi_school_i386_4.4.3_01_gcc-20080917-0414/plugins/imageformats/libqjpeg.so
b39dc000-b39dd000 rwxp 00025000 03:04 30285743   /tmp/QtJambi_school_i386_4.4.3_01_gcc-20080917-0414/plugins/imageformats/libqjpeg.so
b39dd000-b39df000 r-xp 00000000 03:04 17148971   /usr/lib/libXinerama.so.1.0.0
b39df000-b39e0000 r-xp 00001000 03:04 17148971   /usr/lib/libXinerama.so.1.0.0
b39e0000-b39e1000 rwxp 00002000 03:04 17148971   /usr/lib/libXinerama.so.1.0.0
b39e1000-b39e5000 r-xp 00000000 03:04 50732679   /usr/lib/libXfixes.so.3.1.0
b39e5000-b39e6000 r-xp 00003000 03:04 50732679   /usr/lib/libXfixes.so.3.1.0
b39e6000-b39e7000 rwxp 00004000 03:04 50732679   /usr/lib/libXfixes.so.3.1.0
b39ef000-b39f3000 r-xp 00000000 03:04 46473002   /usr/share/fonts/75dpi/helvR12.pcf.gz
b39f3000-b39f6000 r-xp 00000000 03:04 30298756   /tmp/QtJambi_school_i386_4.4.3_01_gcc-20080917-0414/plugins/imageformats/libqsvg.so
b39f6000-b39f7000 rwxp 00003000 03:04 30298756   /tmp/QtJambi_school_i386_4.4.3_01_gcc-20080917-0414/plugins/imageformats/libqsvg.so
b39f7000-b39fd000 r-xp 00000000 03:04 30285747   /tmp/QtJambi_school_i386_4.4.3_01_gcc-20080917-0414/plugins/imageformats/libqgif.so
b39fd000-b39fe000 rwxp 00005000 03:04 30285747   /tmp/QtJambi_school_i386_4.4.3_01_gcc-20080917-0414/plugins/imageformats/libqgif.so
b39fe000-b3a04000 r-xs 00000000 03:04 8808246    /var/cache/fontconfig/87f5e051180a7a75f16eb6fe7dbd3749-x86.cache-2
b3a04000-b3a06000 r-xs 00000000 03:04 8808251    /var/cache/fontconfig/f55bbeb01d684dc5b5f7b2c347cc42d9-x86.cache-2
b3a06000-b3a08000 r-xs 00000000 03:04 8794660    /var/cache/fontconfig/76fa4b957c916922374347f144bde9da-x86.cache-2
b3a08000-b3a0d000 r-xs 00000000 03:04 8808249    /var/cache/fontconfig/4460665c0f3e88acdd4c85aa2f409b99-x86.cache-2
b3a0d000-b3a1a000 r-xs 00000000 03:04 8794668    /var/cache/fontconfig/8d4af663993b81a124ee82e610bb31f9-x86.cache-2
b3a1a000-b3a27000 r-xs 00000000 03:04 8808253    /var/cache/fontconfig/221fd1126b80b777db535aea535e87ba-x86.cache-2
b3a27000-b3a2d000 r-xs 00000000 03:04 8794670    /var/cache/fontconfig/12b26b760a24f8b4feb03ad48a333a72-x86.cache-2
b3a2d000-b3a40000 r-xs 00000000 03:04 8794664    /var/cache/fontconfig/4b5cf4386f1cde02a336ba961b4ac82d-x86.cache-2
b3a40000-b3a43000 r-xs 00000000 03:04 8808244    /var/cache/fontconfig/374b958dfa195bf54eaa9332f068d728-x86.cache-2
b3a43000-b3a46000 r-xs 00000000 03:04 8808243    /var/cache/fontconfig/d62e99ef547d1d24cdb1bd22ec1a2976-x86.cache-2
b3a46000-b3a65000 r-xs 00000000 03:04 8794661    /var/cache/fontconfig/17090aa38d5c6f09fb8c5c354938f1d7-x86.cache-2
b3a65000-b3a84000 r-xs 00000000 03:04 8808248    /var/cache/fontconfig/df311e82a1a24c41a75c2c930223552e-x86.cache-2
b3a84000-b4419000 r-xp 00000000 03:04 17166570   /tmp/QtJambi_school_i386_4.4.3_01_gcc-20080917-0414/lib/libcom_trolltech_qt_gui.so
b4419000-b4443000 rwxp 00994000 03:04 17166570   /tmp/QtJambi_school_i386_4.4.3_01_gcc-20080917-0414/lib/libcom_trolltech_qt_gui.so
b4443000-b4446000 rwxp b4443000 00:00 0 
b4446000-b444a000 r-xp 00000000 03:04 46478574   /usr/lib/libXdmcp.so.6.0.0
b444a000-b444b000 r-xp 00003000 03:04 46478574   /usr/lib/libXdmcp.so.6.0.0
b444b000-b444c000 rwxp 00004000 03:04 46478574   /usr/lib/libXdmcp.so.6.0.0
b444c000-b4464000 r-xp 00000000 03:04 9023502    /usr/lib/libxcb.so.1.0.0
b4464000-b4465000 r-xp 00017000 03:04 9023502    /usr/lib/libxcb.so.1.0.0
b4465000-b4466000 rwxp 00018000 03:04 9023502    /usr/lib/libxcb.so.1.0.0
b4466000-b4467000 r-xp 00000000 03:04 9135563    /usr/lib/libxcb-xlib.so.0.0.0
b4467000-b4468000 r-xp 00000000 03:04 9135563    /usr/lib/libxcb-xlib.so.0.0.0
b4468000-b4469000 rwxp 00001000 03:04 9135563    /usr/lib/libxcb-xlib.so.0.0.0
b4469000-b446b000 r-xp 00000000 03:04 811276     /usr/lib/libXau.so.6.0.0
b446b000-b446c000 r-xp 00001000 03:04 811276     /usr/lib/libXau.so.6.0.0
b446c000-b446d000 rwxp 00002000 03:04 811276     /usr/lib/libXau.so.6.0.0
b446d000-b448b000 r-xp 00000000 03:04 25223004   /usr/lib/libexpat.so.1.5.2
b448b000-b448d000 r-xp 0001d000 03:04 25223004   /usr/lib/libexpat.so.1.5.2
b448d000-b448e000 rwxp 0001f000 03:04 25223004   /usr/lib/libexpat.so.1.5.2
b448e000-b4573000 r-xp 00000000 03:04 58915075   /usr/lib/libX11.so.6.2.0
b4573000-b4574000 r-xp 000e4000 03:04 58915075   /usr/lib/libX11.so.6.2.0
b4574000-b4577000 rwxp 000e5000 03:04 58915075   /usr/lib/libX11.so.6.2.0
b4577000-b4584000 r-xp 00000000 03:04 17148808   /usr/lib/libXext.so.6.4.0
b4584000-b4585000 r-xp 0000c000 03:04 17148808   /usr/lib/libXext.so.6.4.0
b4585000-b4586000 rwxp 0000d000 03:04 17148808   /usr/lib/libXext.so.6.4.0
b4586000-b45af000 r-xp 00000000 03:04 34040249   /usr/lib/libfontconfig.so.1.3.0
b45af000-b45b0000 r-xp 00029000 03:04 34040249   /usr/lib/libfontconfig.so.1.3.0
b45b0000-b45b1000 rwxp 0002a000 03:04 34040249   /usr/lib/libfontconfig.so.1.3.0
b45b1000-b462d000 r-xp 00000000 03:04 25825651   /usr/lib/libfreetype.so.6.3.18
b462d000-b4631000 r-xp 0007b000 03:04 25825651   /usr/lib/libfreetype.so.6.3.18
b4631000-b4632000 rwxp 0007f000 03:04 25825651   /usr/lib/libfreetype.so.6.3.18
b4632000-b4638000 r-xp 00000000 03:04 46469651   /usr/lib/libXrandr.so.2.1.0
b4638000-b4639000 r-xp 00005000 03:04 46469651   /usr/lib/libXrandr.so.2.1.0
b4639000-b463a000 rwxp 00006000 03:04 46469651   /usr/lib/libXrandr.so.2.1.0
b463a000-b4641000 r-xp 00000000 03:04 55009881   /usr/lib/libXrender.so.1.3.0
b4641000-b4642000 r-xp 00006000 03:04 55009881   /usr/lib/libXrender.so.1.3.0
b4642000-b4643000 rwxp 00007000 03:04 55009881   /usr/lib/libXrender.so.1.3.0
b4643000-b464a000 r-xp 00000000 03:04 55009888   /usr/lib/libXi.so.6.0.0
b464a000-b464b000 r-xp 00006000 03:04 55009888   /usr/lib/libXi.so.6.0.0
b464b000-b464c000 rwxp 00007000 03:04 55009888   /usr/lib/libXi.so.6.0.0
b464c000-b4661000 r-xp 00000000 03:04 63762571   /usr/lib/libICE.so.6.3.0
b4661000-b4662000 r-xp 00014000 03:04 63762571   /usr/lib/libICE.so.6.3.0
b4662000-b4663000 rwxp 00015000 03:04 63762571   /usr/lib/libICE.so.6.3.0
b4663000-b4665000 rwxp b4663000 00:00 0 
b4665000-b466c000 r-xp 00000000 03:04 8815339    /usr/lib/libSM.so.6.0.0
b466c000-b466d000 r-xp 00006000 03:04 8815339    /usr/lib/libSM.so.6.0.0
b466d000-b466e000 rwxp 00007000 03:04 8815339    /usr/lib/libSM.so.6.0.0
b466e000-b4691000 r-xp 00000000 03:04 29747765   /usr/lib/libpng12.so.0.33.0
b4691000-b4692000 r-xp 00022000 03:04 29747765   /usr/lib/libpng12.so.0.33.0
b4692000-b4693000 rwxp 00023000 03:04 29747765   /usr/lib/libpng12.so.0.33.0
b4693000-b4f35000 r-xp 00000000 03:04 16813417   /tmp/QtJambi_school_i386_4.4.3_01_gcc-20080917-0414/lib/libQtGui.so.4
b4f35000-b4f5a000 rwxp 008a1000 03:04 16813417   /tmp/QtJambi_school_i386_4.4.3_01_gcc-20080917-0414/lib/libQtGui.so.4
b4f5a000-b4f5b000 rwxp b4f5a000 00:00 0 
b4f5b000-b50c3000 r-xp 00000000 03:04 17141407   /tmp/QtJambi_school_i386_4.4.3_01_gcc-20080917-0414/lib/libcom_trolltech_qt_core.so
b50c3000-b50cb000 rwxp 00168000 03:04 17141407   /tmp/QtJambi_school_i386_4.4.3_01_gcc-20080917-0414/lib/libcom_trolltech_qt_core.so
b50cb000-b50ce000 ---p b50cb000 00:00 0 
b50ce000-b511c000 rwxp b50ce000 00:00 0 
b511c000-b515b000 r-xp 00000000 03:04 17134169   /tmp/QtJambi_school_i386_4.4.3_01_gcc-20080917-0414/lib/libqtjambi.so
b515b000-b515c000 rwxp 0003f000 03:04 17134169   /tmp/QtJambi_school_i386_4.4.3_01_gcc-20080917-0414/lib/libqtjambi.so
b515c000-b5166000 r-xp 00000000 03:04 47040928   /usr/lib/gcc/i686-pc-linux-gnu/4.1.2/libgcc_s.so.1
b5166000-b5167000 r-xp 00009000 03:04 47040928   /usr/lib/gcc/i686-pc-linux-gnu/4.1.2/libgcc_s.so.1
b5167000-b5168000 rwxp 0000a000 03:04 47040928   /usr/lib/gcc/i686-pc-linux-gnu/4.1.2/libgcc_s.so.1
b5168000-b5244000 r-xp 00000000 03:04 16813412   /tmp/QtJambi_school_i386_4.4.3_01_gcc-20080917-0414/lib/libstdc++.so.6
b5244000-b5249000 rwxp 000dc000 03:04 16813412   /tmp/QtJambi_school_i386_4.4.3_01_gcc-20080917-0414/lib/libstdc++.so.6
b5249000-b524e000 rwxp b5249000 00:00 0 
b524e000-b531b000 r-xp 00000000 03:04 17431765   /usr/lib/libglib-2.0.so.0.1600.5
b531b000-b531c000 r-xp 000cc000 03:04 17431765   /usr/lib/libglib-2.0.so.0.1600.5
b531c000-b531d000 rwxp 000cd000 03:04 17431765   /usr/lib/libglib-2.0.so.0.1600.5
b531d000-b5321000 r-xp 00000000 03:04 17261189   /usr/lib/libgthread-2.0.so.0.1600.5
b5321000-b5322000 r-xp 00003000 03:04 17261189   /usr/lib/libgthread-2.0.so.0.1600.5
b5322000-b5323000 rwxp 00004000 03:04 17261189   /usr/lib/libgthread-2.0.so.0.1600.5
b5323000-b5334000 r-xp 00000000 03:04 29562210   /lib/libz.so.1.2.3
b5334000-b5335000 r-xp 00010000 03:04 29562210   /lib/libz.so.1.2.3
b5335000-b5336000 rwxp 00011000 03:04 29562210   /lib/libz.so.1.2.3
b5338000-b5340000 r-xp 00000000 03:04 63823483   /usr/lib/libXcursor.so.1.0.2
b5340000-b5341000 r-xp 00007000 03:04 63823483   /usr/lib/libXcursor.so.1.0.2
b5341000-b5342000 rwxp 00008000 03:04 63823483   /usr/lib/libXcursor.so.1.0.2
b5342000-b5344000 r-xp 00000000 03:04 55556172   /usr/lib/gconv/UTF-16.so
b5344000-b5345000 r-xp 00001000 03:04 55556172   /usr/lib/gconv/UTF-16.so
b5345000-b5346000 rwxp 00002000 03:04 55556172   /usr/lib/gconv/UTF-16.so
b5346000-b534d000 r-xs 00000000 03:04 58816348   /usr/lib/gconv/gconv-modules.cache
b534d000-b5574000 r-xp 00000000 03:04 16813415   /tmp/QtJambi_school_i386_4.4.3_01_gcc-20080917-0414/lib/libQtCore.so.4
b5574000-b557c000 rwxp 00226000 03:04 16813415   /tmp/QtJambi_school_i386_4.4.3_01_gcc-20080917-0414/lib/libQtCore.so.4
b557c000-b557d000 rwxp b557c000 00:00 0 
b557d000-b5580000 r-xs 0001b000 03:04 26092000   /home/school/down/junit.jar
b5580000-b55a3000 r-xs 00264000 03:04 33612444   /home/binary/prog/qtjambi-linux32-gpl-4.4.3_01/qtjambi-4.4.3_01.jar
b55a3000-b55d6000 rwxp b55a3000 00:00 0 
b55d6000-b5766000 r-xs 02eed000 03:04 64917431   /opt/sun-jdk-1.6.0.10/jre/lib/rt.jar
b5766000-b5767000 ---p b5766000 00:00 0 
b5767000-b57e7000 rwxp b5767000 00:00 0 
b57e7000-b57ea000 ---p b57e7000 00:00 0 
b57ea000-b5838000 rwxp b57ea000 00:00 0 
b5838000-b583b000 ---p b5838000 00:00 0 
b583b000-b58b9000 rwxp b583b000 00:00 0 
b58b9000-b58bc000 ---p b58b9000 00:00 0 
b58bc000-b590a000 rwxp b58bc000 00:00 0 
b590a000-b5b0a000 r-xp 00000000 03:04 62950962   /usr/lib/locale/locale-archive
b5b0a000-b5b0d000 ---p b5b0a000 00:00 0 
b5b0d000-b5b5b000 rwxp b5b0d000 00:00 0 
b5b5b000-b5b5e000 ---p b5b5b000 00:00 0 
b5b5e000-b5bac000 rwxp b5b5e000 00:00 0 
b5bac000-b5bad000 ---p b5bac000 00:00 0 
b5bad000-b5c3b000 rwxp b5bad000 00:00 0 
b5c3b000-b5c55000 rwxp b5c3b000 00:00 0 
b5c55000-b5c58000 rwxp b5c55000 00:00 0 
b5c58000-b5c73000 rwxp b5c58000 00:00 0 
b5c73000-b5c74000 rwxp b5c73000 00:00 0 
b5c74000-b5c75000 rwxp b5c74000 00:00 0 
b5c75000-b5c78000 rwxp b5c75000 00:00 0 
b5c78000-b5c93000 rwxp b5c78000 00:00 0 
b5c93000-b5c99000 rwxp b5c93000 00:00 0 
b5c99000-b5cb3000 rwxp b5c99000 00:00 0 
b5cb3000-b5cc2000 rwxp b5cb3000 00:00 0 
b5cc2000-b5d3e000 rwxp b5cc2000 00:00 0 
b5d3e000-b5e26000 rwxp b5d3e000 00:00 0 
b5e26000-b7d3e000 rwxp b5e26000 00:00 0 
b7d3e000-b7d4d000 r-xp 00000000 03:04 9878852    /opt/sun-jdk-1.6.0.10/jre/lib/i386/libzip.so
b7d4d000-b7d4f000 rwxp 0000e000 03:04 9878852    /opt/sun-jdk-1.6.0.10/jre/lib/i386/libzip.so
b7d4f000-b7d72000 r-xp 00000000 03:04 9878850    /opt/sun-jdk-1.6.0.10/jre/lib/i386/libjava.so
b7d72000-b7d74000 rwxp 00023000 03:04 9878850    /opt/sun-jdk-1.6.0.10/jre/lib/i386/libjava.so
b7d74000-b7d7c000 r-xp 00000000 03:04 29559221   /lib/libnss_files-2.6.1.so
b7d7c000-b7d7d000 r-xp 00007000 03:04 29559221   /lib/libnss_files-2.6.1.so
b7d7d000-b7d7e000 rwxp 00008000 03:04 29559221   /lib/libnss_files-2.6.1.so
b7d7e000-b7d86000 r-xp 00000000 03:04 29559232   /lib/libnss_nis-2.6.1.so
b7d86000-b7d87000 r-xp 00007000 03:04 29559232   /lib/libnss_nis-2.6.1.so
b7d87000-b7d88000 rwxp 00008000 03:04 29559232   /lib/libnss_nis-2.6.1.so
b7d88000-b7d9b000 r-xp 00000000 03:04 29559231   /lib/libnsl-2.6.1.so
b7d9b000-b7d9c000 r-xp 00012000 03:04 29559231   /lib/libnsl-2.6.1.so
b7d9c000-b7d9d000 rwxp 00013000 03:04 29559231   /lib/libnsl-2.6.1.so
b7d9d000-b7d9f000 rwxp b7d9d000 00:00 0 
b7da0000-b7da2000 r-xs 01130000 03:04 33612447   /home/binary/prog/qtjambi-linux32-gpl-4.4.3_01/qtjambi-linux32-gcc-4.4.3_01.jar
b7da2000-b7dad000 r-xp 00000000 03:04 9878849    /opt/sun-jdk-1.6.0.10/jre/lib/i386/libverify.so
b7dad000-b7dae000 rwxp 0000b000 03:04 9878849    /opt/sun-jdk-1.6.0.10/jre/lib/i386/libverify.so
b7dae000-b7db6000 rwxs 00000000 03:04 10127667   /tmp/hsperfdata_school/6504
b7db6000-b7dbd000 r-xp 00000000 03:04 29559222   /lib/librt-2.6.1.so
b7dbd000-b7dbe000 r-xp 00006000 03:04 29559222   /lib/librt-2.6.1.so
b7dbe000-b7dbf000 rwxp 00007000 03:04 29559222   /lib/librt-2.6.1.so
b7dbf000-b7dc2000 ---p b7dbf000 00:00 0 
b7dc2000-b7e10000 rwxp b7dc2000 00:00 0 
b7e10000-b7e34000 r-xp 00000000 03:04 29559204   /lib/libm-2.6.1.so
b7e34000-b7e35000 r-xp 00023000 03:04 29559204   /lib/libm-2.6.1.so
b7e35000-b7e36000 rwxp 00024000 03:04 29559204   /lib/libm-2.6.1.so
b7e36000-b7e37000 rwxp b7e36000 00:00 0 
b7e37000-b7f61000 r-xp 00000000 03:04 29559237   /lib/libc-2.6.1.so
b7f61000-b7f63000 r-xp 0012a000 03:04 29559237   /lib/libc-2.6.1.so
b7f63000-b7f64000 rwxp 0012c000 03:04 29559237   /lib/libc-2.6.1.so
b7f64000-b7f67000 rwxp b7f64000 00:00 0 
b7f67000-b7f69000 r-xp 00000000 03:04 29559206   /lib/libdl-2.6.1.so
b7f69000-b7f6a000 r-xp 00001000 03:04 29559206   /lib/libdl-2.6.1.so
b7f6a000-b7f6b000 rwxp 00002000 03:04 29559206   /lib/libdl-2.6.1.so
b7f6b000-b7f72000 r-xp 00000000 03:04 27581465   /opt/sun-jdk-1.6.0.10/jre/lib/i386/jli/libjli.so
b7f72000-b7f74000 rwxp 00006000 03:04 27581465   /opt/sun-jdk-1.6.0.10/jre/lib/i386/jli/libjli.so
b7f74000-b7f87000 r-xp 00000000 03:04 29559236   /lib/libpthread-2.6.1.so
b7f87000-b7f88000 r-xp 00013000 03:04 29559236   /lib/libpthread-2.6.1.so
b7f88000-b7f89000 rwxp 00014000 03:04 29559236   /lib/libpthread-2.6.1.so
b7f89000-b7f8b000 rwxp b7f89000 00:00 0 
b7f8b000-b7f8c000 r-xp 0110b000 03:04 62950962   /usr/lib/locale/locale-archive
b7f8c000-b7f91000 rwxp b7f8c000 00:00 0 
b7f91000-b7f97000 r-xp 00000000 03:04 29559234   /lib/libnss_compat-2.6.1.so
b7f97000-b7f98000 r-xp 00005000 03:04 29559234   /lib/libnss_compat-2.6.1.so
b7f98000-b7f99000 rwxp 00006000 03:04 29559234   /lib/libnss_compat-2.6.1.so
b7f99000-b7f9f000 r-xp 00000000 03:04 13431105   /opt/sun-jdk-1.6.0.10/jre/lib/i386/native_threads/libhpi.so
b7f9f000-b7fa0000 rwxp 00006000 03:04 13431105   /opt/sun-jdk-1.6.0.10/jre/lib/i386/native_threads/libhpi.so
b7fa0000-b7fa1000 rwxp b7fa0000 00:00 0 
b7fa1000-b7fa2000 r-xp b7fa1000 00:00 0 
b7fa2000-b7fa3000 rwxp b7fa2000 00:00 0 
b7fa3000-b7fbd000 r-xp 00000000 03:04 29559257   /lib/ld-2.6.1.so
b7fbd000-b7fbe000 r-xp 00019000 03:04 29559257   /lib/ld-2.6.1.so
b7fbe000-b7fbf000 rwxp 0001a000 03:04 29559257   /lib/ld-2.6.1.so
bfaa9000-bfabe000 rwxp bffeb000 00:00 0          [stack]
ffffe000-fffff000 r-xp 00000000 00:00 0          [vdso]

VM Arguments:
jvm_args: -Dfile.encoding=UTF-8 
java_command: actua.Applicatie
Launcher Type: SUN_STANDARD

Environment Variables:
JAVA_HOME=/etc/java-config-2/current-system-vm
CLASSPATH=.
PATH=/usr/kde/3.5/bin:/usr/local/bin:/usr/bin:/bin:/opt/bin:/usr/i486-pc-linux-gnu/gcc-bin/4.1.2:/usr/i686-pc-linux-gnu/gcc-bin/4.1.2:/opt/sun-jdk-1.4.2.18/bin:/opt/sun-jdk-1.4.2.18/jre/bin:/opt/sun-jdk-1.4.2.18/jre/javaws:/usr/qt/3/bin:/usr/games/bin
LD_LIBRARY_PATH=/opt/sun-jdk-1.6.0.10/jre/lib/i386/client:/opt/sun-jdk-1.6.0.10/jre/lib/i386:/opt/sun-jdk-1.6.0.10/jre/../lib/i386:/usr/lib/xorg
SHELL=/bin/bash
DISPLAY=:0

Signal Handlers:
SIGSEGV: [libjvm.so+0x3ccf60], sa_mask[0]=0x7ffbfeff, sa_flags=0x10000004
SIGBUS: [libjvm.so+0x3ccf60], sa_mask[0]=0x7ffbfeff, sa_flags=0x10000004
SIGFPE: [libjvm.so+0x30e830], sa_mask[0]=0x7ffbfeff, sa_flags=0x10000004
SIGPIPE: [libjvm.so+0x30e830], sa_mask[0]=0x7ffbfeff, sa_flags=0x10000004
SIGXFSZ: [libjvm.so+0x30e830], sa_mask[0]=0x7ffbfeff, sa_flags=0x10000004
SIGILL: [libjvm.so+0x30e830], sa_mask[0]=0x7ffbfeff, sa_flags=0x10000004
SIGUSR1: SIG_DFL, sa_mask[0]=0x00000000, sa_flags=0x00000000
SIGUSR2: [libjvm.so+0x310d00], sa_mask[0]=0x00000004, sa_flags=0x10000004
SIGHUP: [libjvm.so+0x310aa0], sa_mask[0]=0x7ffbfeff, sa_flags=0x10000004
SIGINT: [libjvm.so+0x310aa0], sa_mask[0]=0x7ffbfeff, sa_flags=0x10000004
SIGTERM: [libjvm.so+0x310aa0], sa_mask[0]=0x7ffbfeff, sa_flags=0x10000004
SIGQUIT: [libjvm.so+0x310aa0], sa_mask[0]=0x7ffbfeff, sa_flags=0x10000004


---------------  S Y S T E M  ---------------

OS:Gentoo Base System release 1.12.11.1

uname:Linux 2.6.25-gentoo-r8 #3 Mon Oct 13 22:41:12 CEST 2008 i686
libc:glibc 2.6.1 NPTL 2.6.1 
rlimit: STACK 8192k, CORE 0k, NPROC 4087, NOFILE 1024, AS infinity
load average:0.55 0.58 0.40

CPU:total 1 (1 cores per cpu, 1 threads per core) family 6 model 10 stepping 0, cmov, cx8, fxsr, mmx, sse, mmxext, 3dnow, 3dnowext

Memory: 4k page, physical 513716k(25468k free), swap 1004052k(1003988k free)

vm_info: Java HotSpot(TM) Client VM (11.0-b15) for linux-x86 JRE (1.6.0_10-b33), built on Sep 26 2008 01:18:27 by "java_re" with gcc 3.2.1-7a (J2SE release)

time: Tue Dec 30 13:34:07 2008
elapsed time: 7 seconds

