#
# An unexpected error has been detected by Java Runtime Environment:
#
#  SIGSEGV (0xb) at pc=0xb7e7db14, pid=5885, tid=3084848016
#
# Java VM: Java HotSpot(TM) Client VM (11.0-b15 mixed mode linux-x86)
# Problematic frame:
# C  [libc.so.6+0x65b14]
#
# If you would like to submit a bug report, please visit:
#   http://java.sun.com/webapps/bugreport/crash.jsp
# The crash happened outside the Java Virtual Machine in native code.
# See problematic frame for where to report the bug.
#

---------------  T H R E A D  ---------------

Current thread (0x08059c00):  JavaThread "main" [_thread_in_native, id=5886, stack(0xb7da0000,0xb7df1000)]

siginfo:si_signo=SIGSEGV: si_errno=0, si_code=1 (SEGV_MAPERR), si_addr=0xc046628c

Registers:
EAX=0x08521138, EBX=0xb7f43ff4, ECX=0x00000001, EDX=0x08521138
ESP=0xb7dee0b8, EBP=0xb7dee0e0, ESI=0xb7f45150, EDI=0xc0466288
EIP=0xb7e7db14, CR2=0xc046628c, EFLAGS=0x00010202

Top of Stack: (sp=0xb7dee0b8)
0xb7dee0b8:   b7f4514c b7f45120 b7f45130 084f2690
0xb7dee0c8:   b7f45150 08521138 00000010 b7f43ff4
0xb7dee0d8:   b7f45120 00000000 b7dee178 b7e7fcf1
0xb7dee0e8:   b7f42be0 084ec044 ad208cab b7f43ff4
0xb7dee0f8:   ad206010 00000001 b7dee168 b7e37138
0xb7dee108:   00000078 abe90e7d b7f45150 b7dee6d8
0xb7dee118:   00000c3c 00007f88 b7dee1b0 00000010
0xb7dee128:   000056e8 00000000 ad206010 ad20b6e8 

Instructions: (pc=0xb7e7db14)
0xb7e7db04:   55 e4 8b 46 04 89 c2 83 e2 fa 89 55 ec 8d 3c 16
0xb7e7db14:   8b 57 04 83 e2 f8 a8 01 89 55 f0 75 25 8b 06 01 

Stack: [0xb7da0000,0xb7df1000],  sp=0xb7dee0b8,  free space=312k
Native frames: (J=compiled Java code, j=interpreted, Vv=VM code, C=native code)
C  [libc.so.6+0x65b14]
C  [libc.so.6+0x67cf1]
C  [libc.so.6+0x6930e]  __libc_malloc+0x7e
C  [libc.so.6+0x16e4f]
C  [libc.so.6+0x16914]  iconv_open+0x94
C  [libQtCore.so.4+0x17e1b0]
C  [libQtCore.so.4+0x17e663]
C  [libQtCore.so.4+0x178772]  _ZNK10QTextCodec11fromUnicodeERK7QString+0x22
C  [libQtCore.so.4+0x9acf2]  _ZNK7QString11toLocal8BitEv+0x32
C  [libQtCore.so.4+0xd4ab1]
C  [libQtCore.so.4+0xd4bd2]  _ZN5QFile10encodeNameERK7QString+0x22
C  [libQtCore.so.4+0x123205]
C  [libQtCore.so.4+0x11c748]  _ZN13QFSFileEngineC1ERK7QString+0x88
C  [libQtCore.so.4+0xc5e00]  _ZN19QAbstractFileEngine6createERK7QString+0x110
C  [libQtCore.so.4+0xdbd72]
C  [libQtCore.so.4+0xdc329]  _ZN9QFileInfoC1ERK7QString+0x39
C  [libQtGui.so.4+0x1d0846]  _ZN7QPixmap4loadERK7QStringPKc6QFlagsIN2Qt19ImageConversionFlagEE+0x46
C  [libQtGui.so.4+0x1d12ca]  _ZN7QPixmapC2ERK7QStringPKc6QFlagsIN2Qt19ImageConversionFlagEE+0x6a
C  [libcom_trolltech_qt_gui.so+0x6300e1]  _ZN20QtJambiShell_QPixmapC1ERK7QStringPKc6QFlagsIN2Qt19ImageConversionFlagEE+0x31
C  [libcom_trolltech_qt_gui.so+0x6322a2]  Java_com_trolltech_qt_gui_QPixmap__1_1qt_1QPixmap_1String_1nativepointer_1ImageConversionFlags__Ljava_lang_String_2Lcom_trolltech_qt_QNativePointer_2I+0x62
j  com.trolltech.qt.gui.QPixmap.__qt_QPixmap_String_nativepointer_ImageConversionFlags(Ljava/lang/String;Lcom/trolltech/qt/QNativePointer;I)V+0
j  com.trolltech.qt.gui.QPixmap.<init>(Ljava/lang/String;Lcom/trolltech/qt/QNativePointer;Lcom/trolltech/qt/core/Qt$ImageConversionFlags;)V+15
j  com.trolltech.qt.gui.QPixmap.<init>(Ljava/lang/String;Lcom/trolltech/qt/QNativePointer;[Lcom/trolltech/qt/core/Qt$ImageConversionFlag;)V+11
j  com.trolltech.qt.gui.QPixmap.<init>(Ljava/lang/String;Ljava/lang/String;[Lcom/trolltech/qt/core/Qt$ImageConversionFlag;)V+15
j  com.trolltech.qt.gui.QPixmap.<init>(Ljava/lang/String;Ljava/lang/String;)V+13
j  com.trolltech.qt.gui.QPixmap.<init>(Ljava/lang/String;)V+3
j  actua.QTSpeelveld$VeldWidget.getBackgroundTexture()Lcom/trolltech/qt/gui/QPixmap;+7
j  actua.QTSpeelveld$VeldWidget.init()V+10
j  actua.QTSpeelveld.clearSpeelveld()V+29
j  actua.QTSpeelveld.update(Ljava/util/Observable;Ljava/lang/Object;)V+13
j  java.util.Observable.notifyObservers(Ljava/lang/Object;)V+55
j  actua.QTInitSpel.begin()V+206
v  ~StubRoutines::call_stub
V  [libjvm.so+0x21b03d]
V  [libjvm.so+0x30f778]
V  [libjvm.so+0x21aed0]
V  [libjvm.so+0x339735]
V  [libjvm.so+0x33c30c]
V  [libjvm.so+0x2873c5]
C  [libjava.so+0x152e4]  Java_sun_reflect_NativeMethodAccessorImpl_invoke0+0x34
j  sun.reflect.NativeMethodAccessorImpl.invoke0(Ljava/lang/reflect/Method;Ljava/lang/Object;[Ljava/lang/Object;)Ljava/lang/Object;+0
j  sun.reflect.NativeMethodAccessorImpl.invoke(Ljava/lang/Object;[Ljava/lang/Object;)Ljava/lang/Object;+87
j  sun.reflect.DelegatingMethodAccessorImpl.invoke(Ljava/lang/Object;[Ljava/lang/Object;)Ljava/lang/Object;+6
j  java.lang.reflect.Method.invoke(Ljava/lang/Object;[Ljava/lang/Object;)Ljava/lang/Object;+161
j  com.trolltech.qt.internal.QSignalEmitterInternal$AbstractSignalInternal.emit_helper([Ljava/lang/Object;)V+464
j  com.trolltech.qt.QSignalEmitter$Signal1.emit(Ljava/lang/Object;)V+9
v  ~StubRoutines::call_stub
V  [libjvm.so+0x21b03d]
V  [libjvm.so+0x30f778]
V  [libjvm.so+0x21aed0]
V  [libjvm.so+0x2448f7]
V  [libjvm.so+0x22b7aa]
C  [libcom_trolltech_qt_gui.so+0x3c052e]  _ZN37QtJambi_SignalWrapper_QAbstractButton26__qt_signalwrapper_clickedEb+0x15e
C  [libcom_trolltech_qt_gui.so+0x7e0dd5]  _ZN37QtJambi_SignalWrapper_QAbstractButton11qt_metacallEN11QMetaObject4CallEiPPv+0x75
C  [libQtCore.so.4+0x15bad9]  _ZN11QMetaObject8activateEP7QObjectiiPPv+0x2b9
C  [libQtCore.so.4+0x15bea1]  _ZN11QMetaObject8activateEP7QObjectPKS_iiPPv+0x51
C  [libQtGui.so.4+0x6f42be]  _ZN15QAbstractButton7clickedEb+0x3e
C  [libQtGui.so.4+0x4547be]
C  [libQtGui.so.4+0x454e35]
C  [libQtGui.so.4+0x4550b4]  _ZN15QAbstractButton17mouseReleaseEventEP11QMouseEvent+0x84
C  [libcom_trolltech_qt_gui.so+0x6754cd]  _ZN24QtJambiShell_QPushButton17mouseReleaseEventEP11QMouseEvent+0xcd
C  [libQtGui.so.4+0x166b32]  _ZN7QWidget5eventEP6QEvent+0x892
C  [libQtGui.so.4+0x455bb4]  _ZN15QAbstractButton5eventEP6QEvent+0x74
C  [libQtGui.so.4+0x4f84db]  _ZN11QPushButton5eventEP6QEvent+0x3b
C  [libcom_trolltech_qt_gui.so+0x6741fd]  _ZN24QtJambiShell_QPushButton5eventEP6QEvent+0xdd
C  [libQtGui.so.4+0x117b0d]  _ZN19QApplicationPrivate13notify_helperEP7QObjectP6QEvent+0xcd
C  [libQtGui.so.4+0x11b47c]  _ZN12QApplication6notifyEP7QObjectP6QEvent+0x2fc
C  [libcom_trolltech_qt_gui.so+0x428e02]  _ZN25QtJambiShell_QApplication6notifyEP7QObjectP6QEvent+0x102
C  [libQtCore.so.4+0x147c08]  _ZN16QCoreApplication14notifyInternalEP7QObjectP6QEvent+0x98
C  [libQtGui.so.4+0x11cf7a]  _ZN19QApplicationPrivate14sendMouseEventEP7QWidgetP11QMouseEventS1_S1_PS1_R8QPointerIS0_E+0xda
C  [libQtGui.so.4+0x17f537]
C  [libQtGui.so.4+0x17df8c]  _ZN12QApplication15x11ProcessEventEP7_XEvent+0xb4c
C  [libQtGui.so.4+0x1a59f2]
C  [libglib-2.0.so.0+0x376af]  g_main_context_dispatch+0x18f
C  [libglib-2.0.so.0+0x3ab2f]
C  [libglib-2.0.so.0+0x3b0e7]  g_main_context_iteration+0x77
C  [libQtCore.so.4+0x172f44]  _ZN20QEventDispatcherGlib13processEventsE6QFlagsIN10QEventLoop17ProcessEventsFlagEE+0x64
C  [libQtGui.so.4+0x1a553b]
C  [libQtCore.so.4+0x147107]  _ZN10QEventLoop13processEventsE6QFlagsINS_17ProcessEventsFlagEE+0x47
C  [libQtCore.so.4+0x1472eb]  _ZN10QEventLoop4execE6QFlagsINS_17ProcessEventsFlagEE+0x9b
C  [libQtCore.so.4+0x1490fd]  _ZN16QCoreApplication4execEv+0x9d
C  [libQtGui.so.4+0x1174e9]  _ZN12QApplication4execEv+0x29
C  [libcom_trolltech_qt_gui.so+0x425fd6]  Java_com_trolltech_qt_gui_QApplication_exec__+0x16
j  com.trolltech.qt.gui.QApplication.exec()I+0
j  actua.QTWindow.show()V+7
j  actua.Applicatie.<init>(Lactua/GFactory;)V+58
j  actua.Applicatie.main([Ljava/lang/String;)V+19
v  ~StubRoutines::call_stub
V  [libjvm.so+0x21b03d]
V  [libjvm.so+0x30f778]
V  [libjvm.so+0x21aed0]
V  [libjvm.so+0x244686]
V  [libjvm.so+0x235e88]
C  [java+0x1b98]  JavaMain+0x2c8
C  [libpthread.so.0+0x518b]

Java frames: (J=compiled Java code, j=interpreted, Vv=VM code)
j  com.trolltech.qt.gui.QPixmap.__qt_QPixmap_String_nativepointer_ImageConversionFlags(Ljava/lang/String;Lcom/trolltech/qt/QNativePointer;I)V+0
j  com.trolltech.qt.gui.QPixmap.<init>(Ljava/lang/String;Lcom/trolltech/qt/QNativePointer;Lcom/trolltech/qt/core/Qt$ImageConversionFlags;)V+15
j  com.trolltech.qt.gui.QPixmap.<init>(Ljava/lang/String;Lcom/trolltech/qt/QNativePointer;[Lcom/trolltech/qt/core/Qt$ImageConversionFlag;)V+11
j  com.trolltech.qt.gui.QPixmap.<init>(Ljava/lang/String;Ljava/lang/String;[Lcom/trolltech/qt/core/Qt$ImageConversionFlag;)V+15
j  com.trolltech.qt.gui.QPixmap.<init>(Ljava/lang/String;Ljava/lang/String;)V+13
j  com.trolltech.qt.gui.QPixmap.<init>(Ljava/lang/String;)V+3
j  actua.QTSpeelveld$VeldWidget.getBackgroundTexture()Lcom/trolltech/qt/gui/QPixmap;+7
j  actua.QTSpeelveld$VeldWidget.init()V+10
j  actua.QTSpeelveld.clearSpeelveld()V+29
j  actua.QTSpeelveld.update(Ljava/util/Observable;Ljava/lang/Object;)V+13
j  java.util.Observable.notifyObservers(Ljava/lang/Object;)V+55
j  actua.QTInitSpel.begin()V+206
v  ~StubRoutines::call_stub
j  sun.reflect.NativeMethodAccessorImpl.invoke0(Ljava/lang/reflect/Method;Ljava/lang/Object;[Ljava/lang/Object;)Ljava/lang/Object;+0
j  sun.reflect.NativeMethodAccessorImpl.invoke(Ljava/lang/Object;[Ljava/lang/Object;)Ljava/lang/Object;+87
j  sun.reflect.DelegatingMethodAccessorImpl.invoke(Ljava/lang/Object;[Ljava/lang/Object;)Ljava/lang/Object;+6
j  java.lang.reflect.Method.invoke(Ljava/lang/Object;[Ljava/lang/Object;)Ljava/lang/Object;+161
j  com.trolltech.qt.internal.QSignalEmitterInternal$AbstractSignalInternal.emit_helper([Ljava/lang/Object;)V+464
j  com.trolltech.qt.QSignalEmitter$Signal1.emit(Ljava/lang/Object;)V+9
v  ~StubRoutines::call_stub
j  com.trolltech.qt.gui.QApplication.exec()I+0
j  actua.QTWindow.show()V+7
j  actua.Applicatie.<init>(Lactua/GFactory;)V+58
j  actua.Applicatie.main([Ljava/lang/String;)V+19
v  ~StubRoutines::call_stub

---------------  P R O C E S S  ---------------

Java Threads: ( => current thread )
  0x08359800 JavaThread "Thread-0" daemon [_thread_blocked, id=5908, stack(0xacf8b000,0xacfdc000)]
  0x080db400 JavaThread "Low Memory Detector" daemon [_thread_blocked, id=5906, stack(0xad4e4000,0xad535000)]
  0x080d7000 JavaThread "CompilerThread0" daemon [_thread_blocked, id=5905, stack(0xad535000,0xad5b6000)]
  0x080ca000 JavaThread "JDWP Command Reader" daemon [_thread_in_native, id=5900, stack(0xad5b6000,0xad607000)]
  0x080c8400 JavaThread "JDWP Event Helper Thread" daemon [_thread_blocked, id=5899, stack(0xad607000,0xad658000)]
  0x080c5c00 JavaThread "JDWP Transport Listener: dt_socket" daemon [_thread_blocked, id=5898, stack(0xad658000,0xad6a9000)]
  0x080bdc00 JavaThread "Signal Dispatcher" daemon [_thread_blocked, id=5896, stack(0xad6a9000,0xad6fa000)]
  0x080ae400 JavaThread "Finalizer" daemon [_thread_blocked, id=5895, stack(0xad6fa000,0xad74b000)]
  0x080a9800 JavaThread "Reference Handler" daemon [_thread_blocked, id=5894, stack(0xad74b000,0xad79c000)]
=>0x08059c00 JavaThread "main" [_thread_in_native, id=5886, stack(0xb7da0000,0xb7df1000)]

Other Threads:
  0x080a6000 VMThread [stack: 0xad79c000,0xad81d000] [id=5891]
  0x080dd000 WatcherThread [stack: 0xad463000,0xad4e4000] [id=5907]

VM state:not at safepoint (normal execution)

VM Mutex/Monitor currently owned by a thread: None

Heap
 def new generation   total 960K, used 599K [0xada60000, 0xadb60000, 0xadf40000)
  eden space 896K,  59% used [0xada60000, 0xadae5f60, 0xadb40000)
  from space 64K, 100% used [0xadb50000, 0xadb60000, 0xadb60000)
  to   space 64K,   0% used [0xadb40000, 0xadb40000, 0xadb50000)
 tenured generation   total 4096K, used 754K [0xadf40000, 0xae340000, 0xb1a60000)
   the space 4096K,  18% used [0xadf40000, 0xadffc8e0, 0xadffca00, 0xae340000)
 compacting perm gen  total 12288K, used 8137K [0xb1a60000, 0xb2660000, 0xb5a60000)
   the space 12288K,  66% used [0xb1a60000, 0xb22526c8, 0xb2252800, 0xb2660000)
No shared spaces configured.

Dynamic libraries:
06000000-0642a000 r-xp 00000000 03:04 21705467   /opt/sun-jdk-1.6.0.10/jre/lib/i386/client/libjvm.so
0642a000-06444000 rwxp 0042a000 03:04 21705467   /opt/sun-jdk-1.6.0.10/jre/lib/i386/client/libjvm.so
06444000-06864000 rwxp 06444000 00:00 0 
08048000-08052000 r-xp 00000000 03:04 42396647   /opt/sun-jdk-1.6.0.10/bin/java
08052000-08053000 rwxp 00009000 03:04 42396647   /opt/sun-jdk-1.6.0.10/bin/java
08053000-08588000 rwxp 08053000 00:00 0          [heap]
ab600000-ab621000 rwxp ab600000 00:00 0 
ab621000-ab700000 ---p ab621000 00:00 0 
ab745000-ab792000 r-xp 00000000 03:04 30285749   /tmp/QtJambi_school_i386_4.4.3_01_gcc-20080917-0414/plugins/imageformats/libqtiff.so
ab792000-ab795000 rwxp 0004c000 03:04 30285749   /tmp/QtJambi_school_i386_4.4.3_01_gcc-20080917-0414/plugins/imageformats/libqtiff.so
ab795000-ab7d8000 r-xp 00000000 03:04 16831677   /tmp/QtJambi_school_i386_4.4.3_01_gcc-20080917-0414/lib/libQtXml.so.4
ab7d8000-ab7da000 rwxp 00043000 03:04 16831677   /tmp/QtJambi_school_i386_4.4.3_01_gcc-20080917-0414/lib/libQtXml.so.4
ab7da000-ab828000 r-xp 00000000 03:04 17062775   /tmp/QtJambi_school_i386_4.4.3_01_gcc-20080917-0414/lib/libQtSvg.so.4
ab828000-ab82a000 rwxp 0004d000 03:04 17062775   /tmp/QtJambi_school_i386_4.4.3_01_gcc-20080917-0414/lib/libQtSvg.so.4
ab82a000-ab875000 r-xp 00000000 03:04 30285748   /tmp/QtJambi_school_i386_4.4.3_01_gcc-20080917-0414/plugins/imageformats/libqmng.so
ab875000-ab877000 rwxp 0004b000 03:04 30285748   /tmp/QtJambi_school_i386_4.4.3_01_gcc-20080917-0414/plugins/imageformats/libqmng.so
ab877000-ab89c000 r-xp 00000000 03:04 30285743   /tmp/QtJambi_school_i386_4.4.3_01_gcc-20080917-0414/plugins/imageformats/libqjpeg.so
ab89c000-ab89d000 rwxp 00025000 03:04 30285743   /tmp/QtJambi_school_i386_4.4.3_01_gcc-20080917-0414/plugins/imageformats/libqjpeg.so
ab89d000-ab8a5000 r-xp 00000000 03:04 63823483   /usr/lib/libXcursor.so.1.0.2
ab8a5000-ab8a6000 r-xp 00007000 03:04 63823483   /usr/lib/libXcursor.so.1.0.2
ab8a6000-ab8a7000 rwxp 00008000 03:04 63823483   /usr/lib/libXcursor.so.1.0.2
ab8af000-ab8b3000 r-xp 00000000 03:04 46473002   /usr/share/fonts/75dpi/helvR12.pcf.gz
ab8b3000-ab8b6000 r-xp 00000000 03:04 30298756   /tmp/QtJambi_school_i386_4.4.3_01_gcc-20080917-0414/plugins/imageformats/libqsvg.so
ab8b6000-ab8b7000 rwxp 00003000 03:04 30298756   /tmp/QtJambi_school_i386_4.4.3_01_gcc-20080917-0414/plugins/imageformats/libqsvg.so
ab8b7000-ab8bd000 r-xp 00000000 03:04 30285747   /tmp/QtJambi_school_i386_4.4.3_01_gcc-20080917-0414/plugins/imageformats/libqgif.so
ab8bd000-ab8be000 rwxp 00005000 03:04 30285747   /tmp/QtJambi_school_i386_4.4.3_01_gcc-20080917-0414/plugins/imageformats/libqgif.so
ab8be000-ab8c4000 r-xs 00000000 03:04 8808246    /var/cache/fontconfig/87f5e051180a7a75f16eb6fe7dbd3749-x86.cache-2
ab8c4000-ab8c6000 r-xs 00000000 03:04 8808251    /var/cache/fontconfig/f55bbeb01d684dc5b5f7b2c347cc42d9-x86.cache-2
ab8c6000-ab8c8000 r-xs 00000000 03:04 8794660    /var/cache/fontconfig/76fa4b957c916922374347f144bde9da-x86.cache-2
ab8c8000-ab8cd000 r-xs 00000000 03:04 8808249    /var/cache/fontconfig/4460665c0f3e88acdd4c85aa2f409b99-x86.cache-2
ab8cd000-ab8da000 r-xs 00000000 03:04 8794668    /var/cache/fontconfig/8d4af663993b81a124ee82e610bb31f9-x86.cache-2
ab8da000-ab8e7000 r-xs 00000000 03:04 8808253    /var/cache/fontconfig/221fd1126b80b777db535aea535e87ba-x86.cache-2
ab8e7000-ab8ed000 r-xs 00000000 03:04 8794670    /var/cache/fontconfig/12b26b760a24f8b4feb03ad48a333a72-x86.cache-2
ab8ed000-ab900000 r-xs 00000000 03:04 8794664    /var/cache/fontconfig/4b5cf4386f1cde02a336ba961b4ac82d-x86.cache-2
ab900000-ab903000 r-xs 00000000 03:04 8808244    /var/cache/fontconfig/374b958dfa195bf54eaa9332f068d728-x86.cache-2
ab903000-ab906000 r-xs 00000000 03:04 8808243    /var/cache/fontconfig/d62e99ef547d1d24cdb1bd22ec1a2976-x86.cache-2
ab906000-ab925000 r-xs 00000000 03:04 8794661    /var/cache/fontconfig/17090aa38d5c6f09fb8c5c354938f1d7-x86.cache-2
ab925000-ab944000 r-xs 00000000 03:04 8808248    /var/cache/fontconfig/df311e82a1a24c41a75c2c930223552e-x86.cache-2
ab944000-ac2d9000 r-xp 00000000 03:04 17166570   /tmp/QtJambi_school_i386_4.4.3_01_gcc-20080917-0414/lib/libcom_trolltech_qt_gui.so
ac2d9000-ac303000 rwxp 00994000 03:04 17166570   /tmp/QtJambi_school_i386_4.4.3_01_gcc-20080917-0414/lib/libcom_trolltech_qt_gui.so
ac303000-ac306000 rwxp ac303000 00:00 0 
ac306000-ac30a000 r-xp 00000000 03:04 46478574   /usr/lib/libXdmcp.so.6.0.0
ac30a000-ac30b000 r-xp 00003000 03:04 46478574   /usr/lib/libXdmcp.so.6.0.0
ac30b000-ac30c000 rwxp 00004000 03:04 46478574   /usr/lib/libXdmcp.so.6.0.0
ac30c000-ac324000 r-xp 00000000 03:04 9023502    /usr/lib/libxcb.so.1.0.0
ac324000-ac325000 r-xp 00017000 03:04 9023502    /usr/lib/libxcb.so.1.0.0
ac325000-ac326000 rwxp 00018000 03:04 9023502    /usr/lib/libxcb.so.1.0.0
ac326000-ac327000 r-xp 00000000 03:04 9135563    /usr/lib/libxcb-xlib.so.0.0.0
ac327000-ac328000 r-xp 00000000 03:04 9135563    /usr/lib/libxcb-xlib.so.0.0.0
ac328000-ac329000 rwxp 00001000 03:04 9135563    /usr/lib/libxcb-xlib.so.0.0.0
ac329000-ac32b000 r-xp 00000000 03:04 811276     /usr/lib/libXau.so.6.0.0
ac32b000-ac32c000 r-xp 00001000 03:04 811276     /usr/lib/libXau.so.6.0.0
ac32c000-ac32d000 rwxp 00002000 03:04 811276     /usr/lib/libXau.so.6.0.0
ac32d000-ac34b000 r-xp 00000000 03:04 25223004   /usr/lib/libexpat.so.1.5.2
ac34b000-ac34d000 r-xp 0001d000 03:04 25223004   /usr/lib/libexpat.so.1.5.2
ac34d000-ac34e000 rwxp 0001f000 03:04 25223004   /usr/lib/libexpat.so.1.5.2
ac34e000-ac433000 r-xp 00000000 03:04 58915075   /usr/lib/libX11.so.6.2.0
ac433000-ac434000 r-xp 000e4000 03:04 58915075   /usr/lib/libX11.so.6.2.0
ac434000-ac437000 rwxp 000e5000 03:04 58915075   /usr/lib/libX11.so.6.2.0
ac437000-ac444000 r-xp 00000000 03:04 17148808   /usr/lib/libXext.so.6.4.0
ac444000-ac445000 r-xp 0000c000 03:04 17148808   /usr/lib/libXext.so.6.4.0
ac445000-ac446000 rwxp 0000d000 03:04 17148808   /usr/lib/libXext.so.6.4.0
ac446000-ac46f000 r-xp 00000000 03:04 34040249   /usr/lib/libfontconfig.so.1.3.0
ac46f000-ac470000 r-xp 00029000 03:04 34040249   /usr/lib/libfontconfig.so.1.3.0
ac470000-ac471000 rwxp 0002a000 03:04 34040249   /usr/lib/libfontconfig.so.1.3.0
ac471000-ac4ed000 r-xp 00000000 03:04 25825651   /usr/lib/libfreetype.so.6.3.18
ac4ed000-ac4f1000 r-xp 0007b000 03:04 25825651   /usr/lib/libfreetype.so.6.3.18
ac4f1000-ac4f2000 rwxp 0007f000 03:04 25825651   /usr/lib/libfreetype.so.6.3.18
ac4f2000-ac4f8000 r-xp 00000000 03:04 46469651   /usr/lib/libXrandr.so.2.1.0
ac4f8000-ac4f9000 r-xp 00005000 03:04 46469651   /usr/lib/libXrandr.so.2.1.0
ac4f9000-ac4fa000 rwxp 00006000 03:04 46469651   /usr/lib/libXrandr.so.2.1.0
ac4fa000-ac501000 r-xp 00000000 03:04 55009881   /usr/lib/libXrender.so.1.3.0
ac501000-ac502000 r-xp 00006000 03:04 55009881   /usr/lib/libXrender.so.1.3.0
ac502000-ac503000 rwxp 00007000 03:04 55009881   /usr/lib/libXrender.so.1.3.0
ac503000-ac50a000 r-xp 00000000 03:04 55009888   /usr/lib/libXi.so.6.0.0
ac50a000-ac50b000 r-xp 00006000 03:04 55009888   /usr/lib/libXi.so.6.0.0
ac50b000-ac50c000 rwxp 00007000 03:04 55009888   /usr/lib/libXi.so.6.0.0
ac50c000-ac521000 r-xp 00000000 03:04 63762571   /usr/lib/libICE.so.6.3.0
ac521000-ac522000 r-xp 00014000 03:04 63762571   /usr/lib/libICE.so.6.3.0
ac522000-ac523000 rwxp 00015000 03:04 63762571   /usr/lib/libICE.so.6.3.0
ac523000-ac525000 rwxp ac523000 00:00 0 
ac525000-ac52c000 r-xp 00000000 03:04 8815339    /usr/lib/libSM.so.6.0.0
ac52c000-ac52d000 r-xp 00006000 03:04 8815339    /usr/lib/libSM.so.6.0.0
ac52d000-ac52e000 rwxp 00007000 03:04 8815339    /usr/lib/libSM.so.6.0.0
ac52e000-ac551000 r-xp 00000000 03:04 29747765   /usr/lib/libpng12.so.0.33.0
ac551000-ac552000 r-xp 00022000 03:04 29747765   /usr/lib/libpng12.so.0.33.0
ac552000-ac553000 rwxp 00023000 03:04 29747765   /usr/lib/libpng12.so.0.33.0
ac553000-acdf5000 r-xp 00000000 03:04 16813417   /tmp/QtJambi_school_i386_4.4.3_01_gcc-20080917-0414/lib/libQtGui.so.4
acdf5000-ace1a000 rwxp 008a1000 03:04 16813417   /tmp/QtJambi_school_i386_4.4.3_01_gcc-20080917-0414/lib/libQtGui.so.4
ace1a000-ace1b000 rwxp ace1a000 00:00 0 
ace1b000-acf83000 r-xp 00000000 03:04 17141407   /tmp/QtJambi_school_i386_4.4.3_01_gcc-20080917-0414/lib/libcom_trolltech_qt_core.so
acf83000-acf8b000 rwxp 00168000 03:04 17141407   /tmp/QtJambi_school_i386_4.4.3_01_gcc-20080917-0414/lib/libcom_trolltech_qt_core.so
acf8b000-acf8e000 ---p acf8b000 00:00 0 
acf8e000-acfdc000 rwxp acf8e000 00:00 0 
acfdc000-ad01b000 r-xp 00000000 03:04 17134169   /tmp/QtJambi_school_i386_4.4.3_01_gcc-20080917-0414/lib/libqtjambi.so
ad01b000-ad01c000 rwxp 0003f000 03:04 17134169   /tmp/QtJambi_school_i386_4.4.3_01_gcc-20080917-0414/lib/libqtjambi.so
ad01c000-ad026000 r-xp 00000000 03:04 47040928   /usr/lib/gcc/i686-pc-linux-gnu/4.1.2/libgcc_s.so.1
ad026000-ad027000 r-xp 00009000 03:04 47040928   /usr/lib/gcc/i686-pc-linux-gnu/4.1.2/libgcc_s.so.1
ad027000-ad028000 rwxp 0000a000 03:04 47040928   /usr/lib/gcc/i686-pc-linux-gnu/4.1.2/libgcc_s.so.1
ad028000-ad104000 r-xp 00000000 03:04 16813412   /tmp/QtJambi_school_i386_4.4.3_01_gcc-20080917-0414/lib/libstdc++.so.6
ad104000-ad109000 rwxp 000dc000 03:04 16813412   /tmp/QtJambi_school_i386_4.4.3_01_gcc-20080917-0414/lib/libstdc++.so.6
ad109000-ad10e000 rwxp ad109000 00:00 0 
ad10e000-ad1db000 r-xp 00000000 03:04 17431765   /usr/lib/libglib-2.0.so.0.1600.5
ad1db000-ad1dc000 r-xp 000cc000 03:04 17431765   /usr/lib/libglib-2.0.so.0.1600.5
ad1dc000-ad1dd000 rwxp 000cd000 03:04 17431765   /usr/lib/libglib-2.0.so.0.1600.5
ad1dd000-ad1e1000 r-xp 00000000 03:04 17261189   /usr/lib/libgthread-2.0.so.0.1600.5
ad1e1000-ad1e2000 r-xp 00003000 03:04 17261189   /usr/lib/libgthread-2.0.so.0.1600.5
ad1e2000-ad1e3000 rwxp 00004000 03:04 17261189   /usr/lib/libgthread-2.0.so.0.1600.5
ad1e3000-ad1f4000 r-xp 00000000 03:04 29562210   /lib/libz.so.1.2.3
ad1f4000-ad1f5000 r-xp 00010000 03:04 29562210   /lib/libz.so.1.2.3
ad1f5000-ad1f6000 rwxp 00011000 03:04 29562210   /lib/libz.so.1.2.3
ad1f8000-ad1fa000 r-xp 00000000 03:04 17148971   /usr/lib/libXinerama.so.1.0.0
ad1fa000-ad1fb000 r-xp 00001000 03:04 17148971   /usr/lib/libXinerama.so.1.0.0
ad1fb000-ad1fc000 rwxp 00002000 03:04 17148971   /usr/lib/libXinerama.so.1.0.0
ad1fc000-ad200000 r-xp 00000000 03:04 50732679   /usr/lib/libXfixes.so.3.1.0
ad200000-ad201000 r-xp 00003000 03:04 50732679   /usr/lib/libXfixes.so.3.1.0
ad201000-ad202000 rwxp 00004000 03:04 50732679   /usr/lib/libXfixes.so.3.1.0
ad202000-ad204000 r-xp 00000000 03:04 55556172   /usr/lib/gconv/UTF-16.so
ad204000-ad205000 r-xp 00001000 03:04 55556172   /usr/lib/gconv/UTF-16.so
ad205000-ad206000 rwxp 00002000 03:04 55556172   /usr/lib/gconv/UTF-16.so
ad206000-ad20d000 r-xs 00000000 03:04 58816348   /usr/lib/gconv/gconv-modules.cache
ad20d000-ad434000 r-xp 00000000 03:04 16813415   /tmp/QtJambi_school_i386_4.4.3_01_gcc-20080917-0414/lib/libQtCore.so.4
ad434000-ad43c000 rwxp 00226000 03:04 16813415   /tmp/QtJambi_school_i386_4.4.3_01_gcc-20080917-0414/lib/libQtCore.so.4
ad43c000-ad43d000 rwxp ad43c000 00:00 0 
ad43d000-ad440000 r-xs 0001b000 03:04 26092000   /home/school/down/junit.jar
ad440000-ad463000 r-xs 00264000 03:04 33612444   /home/binary/prog/qtjambi-linux32-gpl-4.4.3_01/qtjambi-4.4.3_01.jar
ad463000-ad464000 ---p ad463000 00:00 0 
ad464000-ad4e4000 rwxp ad464000 00:00 0 
ad4e4000-ad4e7000 ---p ad4e4000 00:00 0 
ad4e7000-ad535000 rwxp ad4e7000 00:00 0 
ad535000-ad538000 ---p ad535000 00:00 0 
ad538000-ad5b6000 rwxp ad538000 00:00 0 
ad5b6000-ad5b9000 ---p ad5b6000 00:00 0 
ad5b9000-ad607000 rwxp ad5b9000 00:00 0 
ad607000-ad60a000 ---p ad607000 00:00 0 
ad60a000-ad658000 rwxp ad60a000 00:00 0 
ad658000-ad65b000 ---p ad658000 00:00 0 
ad65b000-ad6a9000 rwxp ad65b000 00:00 0 
ad6a9000-ad6ac000 ---p ad6a9000 00:00 0 
ad6ac000-ad6fa000 rwxp ad6ac000 00:00 0 
ad6fa000-ad6fd000 ---p ad6fa000 00:00 0 
ad6fd000-ad74b000 rwxp ad6fd000 00:00 0 
ad74b000-ad74e000 ---p ad74b000 00:00 0 
ad74e000-ad79c000 rwxp ad74e000 00:00 0 
ad79c000-ad79d000 ---p ad79c000 00:00 0 
ad79d000-ad850000 rwxp ad79d000 00:00 0 
ad850000-ad9e0000 r-xs 02eed000 03:04 64917431   /opt/sun-jdk-1.6.0.10/jre/lib/rt.jar
ad9e0000-ad9e7000 rwxp ad9e0000 00:00 0 
ad9e7000-ada01000 rwxp ad9e7000 00:00 0 
ada01000-ada04000 rwxp ada01000 00:00 0 
ada04000-ada1f000 rwxp ada04000 00:00 0 
ada1f000-ada20000 rwxp ada1f000 00:00 0 
ada20000-ada21000 rwxp ada20000 00:00 0 
ada21000-ada24000 rwxp ada21000 00:00 0 
ada24000-ada3f000 rwxp ada24000 00:00 0 
ada3f000-ada45000 rwxp ada3f000 00:00 0 
ada45000-ada5f000 rwxp ada45000 00:00 0 
ada5f000-adb60000 rwxp ada5f000 00:00 0 
adb60000-adf40000 rwxp adb60000 00:00 0 
adf40000-ae340000 rwxp adf40000 00:00 0 
ae340000-b1a60000 rwxp ae340000 00:00 0 
b1a60000-b2660000 rwxp b1a60000 00:00 0 
b2660000-b5a60000 rwxp b2660000 00:00 0 
b5a61000-b5a64000 r-xp 00000000 03:04 9878880    /opt/sun-jdk-1.6.0.10/jre/lib/i386/libdt_socket.so
b5a64000-b5a65000 rwxp 00003000 03:04 9878880    /opt/sun-jdk-1.6.0.10/jre/lib/i386/libdt_socket.so
b5a65000-b5a69000 rwxp b5a65000 00:00 0 
b5a69000-b5ae5000 rwxp b5a69000 00:00 0 
b5ae5000-b5bdd000 rwxp b5ae5000 00:00 0 
b5bdd000-b7ae5000 rwxp b5bdd000 00:00 0 
b7ae5000-b7af4000 r-xp 00000000 03:04 9878852    /opt/sun-jdk-1.6.0.10/jre/lib/i386/libzip.so
b7af4000-b7af6000 rwxp 0000e000 03:04 9878852    /opt/sun-jdk-1.6.0.10/jre/lib/i386/libzip.so
b7af6000-b7b19000 r-xp 00000000 03:04 9878850    /opt/sun-jdk-1.6.0.10/jre/lib/i386/libjava.so
b7b19000-b7b1b000 rwxp 00023000 03:04 9878850    /opt/sun-jdk-1.6.0.10/jre/lib/i386/libjava.so
b7b1b000-b7b23000 r-xp 00000000 03:04 29559221   /lib/libnss_files-2.6.1.so
b7b23000-b7b24000 r-xp 00007000 03:04 29559221   /lib/libnss_files-2.6.1.so
b7b24000-b7b25000 rwxp 00008000 03:04 29559221   /lib/libnss_files-2.6.1.so
b7b25000-b7b2d000 r-xp 00000000 03:04 29559232   /lib/libnss_nis-2.6.1.so
b7b2d000-b7b2e000 r-xp 00007000 03:04 29559232   /lib/libnss_nis-2.6.1.so
b7b2e000-b7b2f000 rwxp 00008000 03:04 29559232   /lib/libnss_nis-2.6.1.so
b7b2f000-b7d2f000 r-xp 00000000 03:04 62950962   /usr/lib/locale/locale-archive
b7d2f000-b7d68000 r-xp 00000000 03:04 9878879    /opt/sun-jdk-1.6.0.10/jre/lib/i386/libjdwp.so
b7d68000-b7d69000 rwxp 00039000 03:04 9878879    /opt/sun-jdk-1.6.0.10/jre/lib/i386/libjdwp.so
b7d69000-b7d7c000 r-xp 00000000 03:04 29559231   /lib/libnsl-2.6.1.so
b7d7c000-b7d7d000 r-xp 00012000 03:04 29559231   /lib/libnsl-2.6.1.so
b7d7d000-b7d7e000 rwxp 00013000 03:04 29559231   /lib/libnsl-2.6.1.so
b7d7e000-b7d80000 rwxp b7d7e000 00:00 0 
b7d81000-b7d83000 r-xs 01130000 03:04 33612447   /home/binary/prog/qtjambi-linux32-gpl-4.4.3_01/qtjambi-linux32-gcc-4.4.3_01.jar
b7d83000-b7d8e000 r-xp 00000000 03:04 9878849    /opt/sun-jdk-1.6.0.10/jre/lib/i386/libverify.so
b7d8e000-b7d8f000 rwxp 0000b000 03:04 9878849    /opt/sun-jdk-1.6.0.10/jre/lib/i386/libverify.so
b7d8f000-b7d97000 rwxs 00000000 03:04 10127666   /tmp/hsperfdata_school/5885
b7d97000-b7d9e000 r-xp 00000000 03:04 29559222   /lib/librt-2.6.1.so
b7d9e000-b7d9f000 r-xp 00006000 03:04 29559222   /lib/librt-2.6.1.so
b7d9f000-b7da0000 rwxp 00007000 03:04 29559222   /lib/librt-2.6.1.so
b7da0000-b7da3000 ---p b7da0000 00:00 0 
b7da3000-b7df1000 rwxp b7da3000 00:00 0 
b7df1000-b7e15000 r-xp 00000000 03:04 29559204   /lib/libm-2.6.1.so
b7e15000-b7e16000 r-xp 00023000 03:04 29559204   /lib/libm-2.6.1.so
b7e16000-b7e17000 rwxp 00024000 03:04 29559204   /lib/libm-2.6.1.so
b7e17000-b7e18000 rwxp b7e17000 00:00 0 
b7e18000-b7f42000 r-xp 00000000 03:04 29559237   /lib/libc-2.6.1.so
b7f42000-b7f44000 r-xp 0012a000 03:04 29559237   /lib/libc-2.6.1.so
b7f44000-b7f45000 rwxp 0012c000 03:04 29559237   /lib/libc-2.6.1.so
b7f45000-b7f48000 rwxp b7f45000 00:00 0 
b7f48000-b7f4a000 r-xp 00000000 03:04 29559206   /lib/libdl-2.6.1.so
b7f4a000-b7f4b000 r-xp 00001000 03:04 29559206   /lib/libdl-2.6.1.so
b7f4b000-b7f4c000 rwxp 00002000 03:04 29559206   /lib/libdl-2.6.1.so
b7f4c000-b7f53000 r-xp 00000000 03:04 27581465   /opt/sun-jdk-1.6.0.10/jre/lib/i386/jli/libjli.so
b7f53000-b7f55000 rwxp 00006000 03:04 27581465   /opt/sun-jdk-1.6.0.10/jre/lib/i386/jli/libjli.so
b7f55000-b7f68000 r-xp 00000000 03:04 29559236   /lib/libpthread-2.6.1.so
b7f68000-b7f69000 r-xp 00013000 03:04 29559236   /lib/libpthread-2.6.1.so
b7f69000-b7f6a000 rwxp 00014000 03:04 29559236   /lib/libpthread-2.6.1.so
b7f6a000-b7f6c000 rwxp b7f6a000 00:00 0 
b7f6d000-b7f73000 r-xp 00000000 03:04 29559234   /lib/libnss_compat-2.6.1.so
b7f73000-b7f74000 r-xp 00005000 03:04 29559234   /lib/libnss_compat-2.6.1.so
b7f74000-b7f75000 rwxp 00006000 03:04 29559234   /lib/libnss_compat-2.6.1.so
b7f75000-b7f76000 r-xp 0110b000 03:04 62950962   /usr/lib/locale/locale-archive
b7f76000-b7f79000 r-xp 00000000 03:04 9878853    /opt/sun-jdk-1.6.0.10/jre/lib/i386/libnpt.so
b7f79000-b7f7a000 rwxp 00002000 03:04 9878853    /opt/sun-jdk-1.6.0.10/jre/lib/i386/libnpt.so
b7f7a000-b7f80000 r-xp 00000000 03:04 13431105   /opt/sun-jdk-1.6.0.10/jre/lib/i386/native_threads/libhpi.so
b7f80000-b7f81000 rwxp 00006000 03:04 13431105   /opt/sun-jdk-1.6.0.10/jre/lib/i386/native_threads/libhpi.so
b7f81000-b7f82000 rwxp b7f81000 00:00 0 
b7f82000-b7f83000 r-xp b7f82000 00:00 0 
b7f83000-b7f84000 rwxp b7f83000 00:00 0 
b7f84000-b7f9e000 r-xp 00000000 03:04 29559257   /lib/ld-2.6.1.so
b7f9e000-b7f9f000 r-xp 00019000 03:04 29559257   /lib/ld-2.6.1.so
b7f9f000-b7fa0000 rwxp 0001a000 03:04 29559257   /lib/ld-2.6.1.so
bfc8b000-bfca0000 rwxp bffeb000 00:00 0          [stack]
ffffe000-fffff000 r-xp 00000000 00:00 0          [vdso]

VM Arguments:
jvm_args: -agentlib:jdwp=transport=dt_socket,suspend=y,address=localhost:55752 -Dfile.encoding=UTF-8 
java_command: actua.Applicatie
Launcher Type: SUN_STANDARD

Environment Variables:
JAVA_HOME=/etc/java-config-2/current-system-vm
CLASSPATH=.
PATH=/usr/kde/3.5/bin:/usr/local/bin:/usr/bin:/bin:/opt/bin:/usr/i486-pc-linux-gnu/gcc-bin/4.1.2:/usr/i686-pc-linux-gnu/gcc-bin/4.1.2:/opt/sun-jdk-1.4.2.18/bin:/opt/sun-jdk-1.4.2.18/jre/bin:/opt/sun-jdk-1.4.2.18/jre/javaws:/usr/qt/3/bin:/usr/games/bin
LD_LIBRARY_PATH=/opt/sun-jdk-1.6.0.10/jre/lib/i386/client:/opt/sun-jdk-1.6.0.10/jre/lib/i386:/opt/sun-jdk-1.6.0.10/jre/../lib/i386:/usr/lib/xorg
SHELL=/bin/bash
DISPLAY=:0

Signal Handlers:
SIGSEGV: [libjvm.so+0x3ccf60], sa_mask[0]=0x7ffbfeff, sa_flags=0x10000004
SIGBUS: [libjvm.so+0x3ccf60], sa_mask[0]=0x7ffbfeff, sa_flags=0x10000004
SIGFPE: [libjvm.so+0x30e830], sa_mask[0]=0x7ffbfeff, sa_flags=0x10000004
SIGPIPE: [libjvm.so+0x30e830], sa_mask[0]=0x7ffbfeff, sa_flags=0x10000004
SIGXFSZ: [libjvm.so+0x30e830], sa_mask[0]=0x7ffbfeff, sa_flags=0x10000004
SIGILL: [libjvm.so+0x30e830], sa_mask[0]=0x7ffbfeff, sa_flags=0x10000004
SIGUSR1: SIG_DFL, sa_mask[0]=0x00000000, sa_flags=0x00000000
SIGUSR2: [libjvm.so+0x310d00], sa_mask[0]=0x00000004, sa_flags=0x10000004
SIGHUP: [libjvm.so+0x310aa0], sa_mask[0]=0x7ffbfeff, sa_flags=0x10000004
SIGINT: [libjvm.so+0x310aa0], sa_mask[0]=0x7ffbfeff, sa_flags=0x10000004
SIGTERM: [libjvm.so+0x310aa0], sa_mask[0]=0x7ffbfeff, sa_flags=0x10000004
SIGQUIT: [libjvm.so+0x310aa0], sa_mask[0]=0x7ffbfeff, sa_flags=0x10000004


---------------  S Y S T E M  ---------------

OS:Gentoo Base System release 1.12.11.1

uname:Linux 2.6.25-gentoo-r8 #3 Mon Oct 13 22:41:12 CEST 2008 i686
libc:glibc 2.6.1 NPTL 2.6.1 
rlimit: STACK 8192k, CORE 0k, NPROC 4087, NOFILE 1024, AS infinity
load average:0.55 0.57 0.28

CPU:total 1 (1 cores per cpu, 1 threads per core) family 6 model 10 stepping 0, cmov, cx8, fxsr, mmx, sse, mmxext, 3dnow, 3dnowext

Memory: 4k page, physical 513716k(11444k free), swap 1004052k(1004052k free)

vm_info: Java HotSpot(TM) Client VM (11.0-b15) for linux-x86 JRE (1.6.0_10-b33), built on Sep 26 2008 01:18:27 by "java_re" with gcc 3.2.1-7a (J2SE release)

time: Tue Dec 30 13:24:53 2008
elapsed time: 13 seconds

