#
# An unexpected error has been detected by Java Runtime Environment:
#
#  SIGSEGV (0xb) at pc=0xb7dfeb14, pid=6538, tid=3045174160
#
# Java VM: Java HotSpot(TM) Client VM (11.0-b15 mixed mode, sharing linux-x86)
# Problematic frame:
# C  [libc.so.6+0x65b14]
#
# If you would like to submit a bug report, please visit:
#   http://java.sun.com/webapps/bugreport/crash.jsp
# The crash happened outside the Java Virtual Machine in native code.
# See problematic frame for where to report the bug.
#

---------------  T H R E A D  ---------------

Current thread (0x0808cc00):  JavaThread "CompilerThread0" daemon [_thread_in_native, id=6549, stack(0xb579a000,0xb581b000)]

siginfo:si_signo=SIGSEGV: si_errno=0, si_code=1 (SEGV_MAPERR), si_addr=0xc03d6974

Registers:
EAX=0x08510820, EBX=0xb7ec4ff4, ECX=0x084c4830, EDX=0x08510820
ESP=0xb58198dc, EBP=0xb5819904, ESI=0xb7ec6150, EDI=0xc03d6970
EIP=0xb7dfeb14, CR2=0xc03d6974, EFLAGS=0x00010202

Top of Stack: (sp=0xb58198dc)
0xb58198dc:   b7ec614c b7ec6120 b7ec6130 08474920
0xb58198ec:   b7ec6150 08510820 00000010 b7ec4ff4
0xb58198fc:   b7ec6120 000003f4 b581999c b7e00cf1
0xb581990c:   00006830 b5819dac b5819dac b5819938
0xb581991c:   0633debd b5819a10 080eca1e 00000000
0xb581992c:   00000000 b5819a10 b7ec6150 b5819978
0xb581993c:   060c3c50 000003f8 b5819dac b7e00771
0xb581994c:   080ecaf8 00025383 b5819dac b5819998 

Instructions: (pc=0xb7dfeb14)
0xb7dfeb04:   55 e4 8b 46 04 89 c2 83 e2 fa 89 55 ec 8d 3c 16
0xb7dfeb14:   8b 57 04 83 e2 f8 a8 01 89 55 f0 75 25 8b 06 01 

Stack: [0xb579a000,0xb581b000],  sp=0xb58198dc,  free space=510k
Native frames: (J=compiled Java code, j=interpreted, Vv=VM code, C=native code)
C  [libc.so.6+0x65b14]
C  [libc.so.6+0x67cf1]
C  [libc.so.6+0x6930e]  __libc_malloc+0x7e
V  [libjvm.so+0x30a3ea]
V  [libjvm.so+0xb8108]
V  [libjvm.so+0xb7ce6]
V  [libjvm.so+0x197afb]
V  [libjvm.so+0xc2cf1]
V  [libjvm.so+0xca526]
V  [libjvm.so+0x11d326]
V  [libjvm.so+0x1132c4]
V  [libjvm.so+0x115f18]
V  [libjvm.so+0x115df7]
V  [libjvm.so+0xf4e36]
V  [libjvm.so+0xf4fb9]
V  [libjvm.so+0xf5115]
V  [libjvm.so+0xf57a5]
V  [libjvm.so+0xf5e9a]
V  [libjvm.so+0x1a6a2a]
V  [libjvm.so+0x1a6436]
V  [libjvm.so+0x3a01bd]
V  [libjvm.so+0x3108a9]
C  [libpthread.so.0+0x518b]


Current CompileTask:
C1:154      com.sun.org.apache.xerces.internal.dom.DeferredDocumentImpl.getNodeObject(I)Lcom/sun/org/apache/xerces/internal/dom/DeferredNode; (526 bytes)


---------------  P R O C E S S  ---------------

Java Threads: ( => current thread )
  0x082e0c00 JavaThread "Thread-0" daemon [_thread_blocked, id=6552, stack(0xb502d000,0xb507e000)]
  0x0808fc00 JavaThread "Low Memory Detector" daemon [_thread_blocked, id=6550, stack(0xb5749000,0xb579a000)]
=>0x0808cc00 JavaThread "CompilerThread0" daemon [_thread_in_native, id=6549, stack(0xb579a000,0xb581b000)]
  0x0808b000 JavaThread "Signal Dispatcher" daemon [_thread_blocked, id=6548, stack(0xb581b000,0xb586c000)]
  0x08085c00 JavaThread "Finalizer" daemon [_thread_blocked, id=6546, stack(0xb5a6c000,0xb5abd000)]
  0x08081000 JavaThread "Reference Handler" daemon [_thread_blocked, id=6544, stack(0xb5abd000,0xb5b0e000)]
  0x08058800 JavaThread "main" [_thread_in_native, id=6539, stack(0xb7d21000,0xb7d72000)]

Other Threads:
  0x0807f400 VMThread [stack: 0xb5b0e000,0xb5b8f000] [id=6542]
  0x08091800 WatcherThread [stack: 0xb56c8000,0xb5749000] [id=6551]

VM state:not at safepoint (normal execution)

VM Mutex/Monitor currently owned by a thread: None

Heap
 def new generation   total 960K, used 528K [0x8c0e0000, 0x8c1e0000, 0x8c5c0000)
  eden space 896K,  51% used [0x8c0e0000, 0x8c154308, 0x8c1c0000)
  from space 64K, 100% used [0x8c1d0000, 0x8c1e0000, 0x8c1e0000)
  to   space 64K,   0% used [0x8c1c0000, 0x8c1c0000, 0x8c1d0000)
 tenured generation   total 4096K, used 856K [0x8c5c0000, 0x8c9c0000, 0x900e0000)
   the space 4096K,  20% used [0x8c5c0000, 0x8c6960a8, 0x8c696200, 0x8c9c0000)
 compacting perm gen  total 12288K, used 5411K [0x900e0000, 0x90ce0000, 0x940e0000)
   the space 12288K,  44% used [0x900e0000, 0x90628f90, 0x90629000, 0x90ce0000)
    ro space 8192K,  74% used [0x940e0000, 0x946d3488, 0x946d3600, 0x948e0000)
    rw space 12288K,  58% used [0x948e0000, 0x94fedb20, 0x94fedc00, 0x954e0000)

Dynamic libraries:
06000000-0642a000 r-xp 00000000 03:04 21705467   /opt/sun-jdk-1.6.0.10/jre/lib/i386/client/libjvm.so
0642a000-06444000 rwxp 0042a000 03:04 21705467   /opt/sun-jdk-1.6.0.10/jre/lib/i386/client/libjvm.so
06444000-06864000 rwxp 06444000 00:00 0 
08048000-08052000 r-xp 00000000 03:04 42396647   /opt/sun-jdk-1.6.0.10/bin/java
08052000-08053000 rwxp 00009000 03:04 42396647   /opt/sun-jdk-1.6.0.10/bin/java
08053000-08527000 rwxp 08053000 00:00 0          [heap]
8c0e0000-8c1e0000 rwxp 8c0e0000 00:00 0 
8c1e0000-8c5c0000 rwxp 8c1e0000 00:00 0 
8c5c0000-8c9c0000 rwxp 8c5c0000 00:00 0 
8c9c0000-900e0000 rwxp 8c9c0000 00:00 0 
900e0000-90ce0000 rwxp 900e0000 00:00 0 
90ce0000-940e0000 rwxp 90ce0000 00:00 0 
940e0000-946d4000 r-xs 00001000 03:04 21709664   /opt/sun-jdk-1.6.0.10/jre/lib/i386/client/classes.jsa
946d4000-948e0000 rwxp 946d4000 00:00 0 
948e0000-94fee000 rwxp 005f5000 03:04 21709664   /opt/sun-jdk-1.6.0.10/jre/lib/i386/client/classes.jsa
94fee000-954e0000 rwxp 94fee000 00:00 0 
954e0000-955bc000 rwxp 00d03000 03:04 21709664   /opt/sun-jdk-1.6.0.10/jre/lib/i386/client/classes.jsa
955bc000-958e0000 rwxp 955bc000 00:00 0 
958e0000-958e4000 r-xs 00ddf000 03:04 21709664   /opt/sun-jdk-1.6.0.10/jre/lib/i386/client/classes.jsa
958e4000-95ce0000 rwxp 958e4000 00:00 0 
b3600000-b3621000 rwxp b3600000 00:00 0 
b3621000-b3700000 ---p b3621000 00:00 0 
b37e7000-b3834000 r-xp 00000000 03:04 30285749   /tmp/QtJambi_school_i386_4.4.3_01_gcc-20080917-0414/plugins/imageformats/libqtiff.so
b3834000-b3837000 rwxp 0004c000 03:04 30285749   /tmp/QtJambi_school_i386_4.4.3_01_gcc-20080917-0414/plugins/imageformats/libqtiff.so
b3837000-b387a000 r-xp 00000000 03:04 16831677   /tmp/QtJambi_school_i386_4.4.3_01_gcc-20080917-0414/lib/libQtXml.so.4
b387a000-b387c000 rwxp 00043000 03:04 16831677   /tmp/QtJambi_school_i386_4.4.3_01_gcc-20080917-0414/lib/libQtXml.so.4
b387c000-b38ca000 r-xp 00000000 03:04 17062775   /tmp/QtJambi_school_i386_4.4.3_01_gcc-20080917-0414/lib/libQtSvg.so.4
b38ca000-b38cc000 rwxp 0004d000 03:04 17062775   /tmp/QtJambi_school_i386_4.4.3_01_gcc-20080917-0414/lib/libQtSvg.so.4
b38cc000-b3917000 r-xp 00000000 03:04 30285748   /tmp/QtJambi_school_i386_4.4.3_01_gcc-20080917-0414/plugins/imageformats/libqmng.so
b3917000-b3919000 rwxp 0004b000 03:04 30285748   /tmp/QtJambi_school_i386_4.4.3_01_gcc-20080917-0414/plugins/imageformats/libqmng.so
b3919000-b393e000 r-xp 00000000 03:04 30285743   /tmp/QtJambi_school_i386_4.4.3_01_gcc-20080917-0414/plugins/imageformats/libqjpeg.so
b393e000-b393f000 rwxp 00025000 03:04 30285743   /tmp/QtJambi_school_i386_4.4.3_01_gcc-20080917-0414/plugins/imageformats/libqjpeg.so
b393f000-b3941000 r-xp 00000000 03:04 17148971   /usr/lib/libXinerama.so.1.0.0
b3941000-b3942000 r-xp 00001000 03:04 17148971   /usr/lib/libXinerama.so.1.0.0
b3942000-b3943000 rwxp 00002000 03:04 17148971   /usr/lib/libXinerama.so.1.0.0
b3943000-b3947000 r-xp 00000000 03:04 50732679   /usr/lib/libXfixes.so.3.1.0
b3947000-b3948000 r-xp 00003000 03:04 50732679   /usr/lib/libXfixes.so.3.1.0
b3948000-b3949000 rwxp 00004000 03:04 50732679   /usr/lib/libXfixes.so.3.1.0
b3951000-b3955000 r-xp 00000000 03:04 46473002   /usr/share/fonts/75dpi/helvR12.pcf.gz
b3955000-b3958000 r-xp 00000000 03:04 30298756   /tmp/QtJambi_school_i386_4.4.3_01_gcc-20080917-0414/plugins/imageformats/libqsvg.so
b3958000-b3959000 rwxp 00003000 03:04 30298756   /tmp/QtJambi_school_i386_4.4.3_01_gcc-20080917-0414/plugins/imageformats/libqsvg.so
b3959000-b395f000 r-xp 00000000 03:04 30285747   /tmp/QtJambi_school_i386_4.4.3_01_gcc-20080917-0414/plugins/imageformats/libqgif.so
b395f000-b3960000 rwxp 00005000 03:04 30285747   /tmp/QtJambi_school_i386_4.4.3_01_gcc-20080917-0414/plugins/imageformats/libqgif.so
b3960000-b3966000 r-xs 00000000 03:04 8808246    /var/cache/fontconfig/87f5e051180a7a75f16eb6fe7dbd3749-x86.cache-2
b3966000-b3968000 r-xs 00000000 03:04 8808251    /var/cache/fontconfig/f55bbeb01d684dc5b5f7b2c347cc42d9-x86.cache-2
b3968000-b396a000 r-xs 00000000 03:04 8794660    /var/cache/fontconfig/76fa4b957c916922374347f144bde9da-x86.cache-2
b396a000-b396f000 r-xs 00000000 03:04 8808249    /var/cache/fontconfig/4460665c0f3e88acdd4c85aa2f409b99-x86.cache-2
b396f000-b397c000 r-xs 00000000 03:04 8794668    /var/cache/fontconfig/8d4af663993b81a124ee82e610bb31f9-x86.cache-2
b397c000-b3989000 r-xs 00000000 03:04 8808253    /var/cache/fontconfig/221fd1126b80b777db535aea535e87ba-x86.cache-2
b3989000-b398f000 r-xs 00000000 03:04 8794670    /var/cache/fontconfig/12b26b760a24f8b4feb03ad48a333a72-x86.cache-2
b398f000-b39a2000 r-xs 00000000 03:04 8794664    /var/cache/fontconfig/4b5cf4386f1cde02a336ba961b4ac82d-x86.cache-2
b39a2000-b39a5000 r-xs 00000000 03:04 8808244    /var/cache/fontconfig/374b958dfa195bf54eaa9332f068d728-x86.cache-2
b39a5000-b39a8000 r-xs 00000000 03:04 8808243    /var/cache/fontconfig/d62e99ef547d1d24cdb1bd22ec1a2976-x86.cache-2
b39a8000-b39c7000 r-xs 00000000 03:04 8794661    /var/cache/fontconfig/17090aa38d5c6f09fb8c5c354938f1d7-x86.cache-2
b39c7000-b39e6000 r-xs 00000000 03:04 8808248    /var/cache/fontconfig/df311e82a1a24c41a75c2c930223552e-x86.cache-2
b39e6000-b437b000 r-xp 00000000 03:04 17166570   /tmp/QtJambi_school_i386_4.4.3_01_gcc-20080917-0414/lib/libcom_trolltech_qt_gui.so
b437b000-b43a5000 rwxp 00994000 03:04 17166570   /tmp/QtJambi_school_i386_4.4.3_01_gcc-20080917-0414/lib/libcom_trolltech_qt_gui.so
b43a5000-b43a8000 rwxp b43a5000 00:00 0 
b43a8000-b43ac000 r-xp 00000000 03:04 46478574   /usr/lib/libXdmcp.so.6.0.0
b43ac000-b43ad000 r-xp 00003000 03:04 46478574   /usr/lib/libXdmcp.so.6.0.0
b43ad000-b43ae000 rwxp 00004000 03:04 46478574   /usr/lib/libXdmcp.so.6.0.0
b43ae000-b43c6000 r-xp 00000000 03:04 9023502    /usr/lib/libxcb.so.1.0.0
b43c6000-b43c7000 r-xp 00017000 03:04 9023502    /usr/lib/libxcb.so.1.0.0
b43c7000-b43c8000 rwxp 00018000 03:04 9023502    /usr/lib/libxcb.so.1.0.0
b43c8000-b43c9000 r-xp 00000000 03:04 9135563    /usr/lib/libxcb-xlib.so.0.0.0
b43c9000-b43ca000 r-xp 00000000 03:04 9135563    /usr/lib/libxcb-xlib.so.0.0.0
b43ca000-b43cb000 rwxp 00001000 03:04 9135563    /usr/lib/libxcb-xlib.so.0.0.0
b43cb000-b43cd000 r-xp 00000000 03:04 811276     /usr/lib/libXau.so.6.0.0
b43cd000-b43ce000 r-xp 00001000 03:04 811276     /usr/lib/libXau.so.6.0.0
b43ce000-b43cf000 rwxp 00002000 03:04 811276     /usr/lib/libXau.so.6.0.0
b43cf000-b43ed000 r-xp 00000000 03:04 25223004   /usr/lib/libexpat.so.1.5.2
b43ed000-b43ef000 r-xp 0001d000 03:04 25223004   /usr/lib/libexpat.so.1.5.2
b43ef000-b43f0000 rwxp 0001f000 03:04 25223004   /usr/lib/libexpat.so.1.5.2
b43f0000-b44d5000 r-xp 00000000 03:04 58915075   /usr/lib/libX11.so.6.2.0
b44d5000-b44d6000 r-xp 000e4000 03:04 58915075   /usr/lib/libX11.so.6.2.0
b44d6000-b44d9000 rwxp 000e5000 03:04 58915075   /usr/lib/libX11.so.6.2.0
b44d9000-b44e6000 r-xp 00000000 03:04 17148808   /usr/lib/libXext.so.6.4.0
b44e6000-b44e7000 r-xp 0000c000 03:04 17148808   /usr/lib/libXext.so.6.4.0
b44e7000-b44e8000 rwxp 0000d000 03:04 17148808   /usr/lib/libXext.so.6.4.0
b44e8000-b4511000 r-xp 00000000 03:04 34040249   /usr/lib/libfontconfig.so.1.3.0
b4511000-b4512000 r-xp 00029000 03:04 34040249   /usr/lib/libfontconfig.so.1.3.0
b4512000-b4513000 rwxp 0002a000 03:04 34040249   /usr/lib/libfontconfig.so.1.3.0
b4513000-b458f000 r-xp 00000000 03:04 25825651   /usr/lib/libfreetype.so.6.3.18
b458f000-b4593000 r-xp 0007b000 03:04 25825651   /usr/lib/libfreetype.so.6.3.18
b4593000-b4594000 rwxp 0007f000 03:04 25825651   /usr/lib/libfreetype.so.6.3.18
b4594000-b459a000 r-xp 00000000 03:04 46469651   /usr/lib/libXrandr.so.2.1.0
b459a000-b459b000 r-xp 00005000 03:04 46469651   /usr/lib/libXrandr.so.2.1.0
b459b000-b459c000 rwxp 00006000 03:04 46469651   /usr/lib/libXrandr.so.2.1.0
b459c000-b45a3000 r-xp 00000000 03:04 55009881   /usr/lib/libXrender.so.1.3.0
b45a3000-b45a4000 r-xp 00006000 03:04 55009881   /usr/lib/libXrender.so.1.3.0
b45a4000-b45a5000 rwxp 00007000 03:04 55009881   /usr/lib/libXrender.so.1.3.0
b45a5000-b45ac000 r-xp 00000000 03:04 55009888   /usr/lib/libXi.so.6.0.0
b45ac000-b45ad000 r-xp 00006000 03:04 55009888   /usr/lib/libXi.so.6.0.0
b45ad000-b45ae000 rwxp 00007000 03:04 55009888   /usr/lib/libXi.so.6.0.0
b45ae000-b45c3000 r-xp 00000000 03:04 63762571   /usr/lib/libICE.so.6.3.0
b45c3000-b45c4000 r-xp 00014000 03:04 63762571   /usr/lib/libICE.so.6.3.0
b45c4000-b45c5000 rwxp 00015000 03:04 63762571   /usr/lib/libICE.so.6.3.0
b45c5000-b45c7000 rwxp b45c5000 00:00 0 
b45c7000-b45ce000 r-xp 00000000 03:04 8815339    /usr/lib/libSM.so.6.0.0
b45ce000-b45cf000 r-xp 00006000 03:04 8815339    /usr/lib/libSM.so.6.0.0
b45cf000-b45d0000 rwxp 00007000 03:04 8815339    /usr/lib/libSM.so.6.0.0
b45d0000-b45f3000 r-xp 00000000 03:04 29747765   /usr/lib/libpng12.so.0.33.0
b45f3000-b45f4000 r-xp 00022000 03:04 29747765   /usr/lib/libpng12.so.0.33.0
b45f4000-b45f5000 rwxp 00023000 03:04 29747765   /usr/lib/libpng12.so.0.33.0
b45f5000-b4e97000 r-xp 00000000 03:04 16813417   /tmp/QtJambi_school_i386_4.4.3_01_gcc-20080917-0414/lib/libQtGui.so.4
b4e97000-b4ebc000 rwxp 008a1000 03:04 16813417   /tmp/QtJambi_school_i386_4.4.3_01_gcc-20080917-0414/lib/libQtGui.so.4
b4ebc000-b4ebd000 rwxp b4ebc000 00:00 0 
b4ebd000-b5025000 r-xp 00000000 03:04 17141407   /tmp/QtJambi_school_i386_4.4.3_01_gcc-20080917-0414/lib/libcom_trolltech_qt_core.so
b5025000-b502d000 rwxp 00168000 03:04 17141407   /tmp/QtJambi_school_i386_4.4.3_01_gcc-20080917-0414/lib/libcom_trolltech_qt_core.so
b502d000-b5030000 ---p b502d000 00:00 0 
b5030000-b507e000 rwxp b5030000 00:00 0 
b507e000-b50bd000 r-xp 00000000 03:04 17134169   /tmp/QtJambi_school_i386_4.4.3_01_gcc-20080917-0414/lib/libqtjambi.so
b50bd000-b50be000 rwxp 0003f000 03:04 17134169   /tmp/QtJambi_school_i386_4.4.3_01_gcc-20080917-0414/lib/libqtjambi.so
b50be000-b50c8000 r-xp 00000000 03:04 47040928   /usr/lib/gcc/i686-pc-linux-gnu/4.1.2/libgcc_s.so.1
b50c8000-b50c9000 r-xp 00009000 03:04 47040928   /usr/lib/gcc/i686-pc-linux-gnu/4.1.2/libgcc_s.so.1
b50c9000-b50ca000 rwxp 0000a000 03:04 47040928   /usr/lib/gcc/i686-pc-linux-gnu/4.1.2/libgcc_s.so.1
b50ca000-b51a6000 r-xp 00000000 03:04 16813412   /tmp/QtJambi_school_i386_4.4.3_01_gcc-20080917-0414/lib/libstdc++.so.6
b51a6000-b51ab000 rwxp 000dc000 03:04 16813412   /tmp/QtJambi_school_i386_4.4.3_01_gcc-20080917-0414/lib/libstdc++.so.6
b51ab000-b51b0000 rwxp b51ab000 00:00 0 
b51b0000-b527d000 r-xp 00000000 03:04 17431765   /usr/lib/libglib-2.0.so.0.1600.5
b527d000-b527e000 r-xp 000cc000 03:04 17431765   /usr/lib/libglib-2.0.so.0.1600.5
b527e000-b527f000 rwxp 000cd000 03:04 17431765   /usr/lib/libglib-2.0.so.0.1600.5
b527f000-b5283000 r-xp 00000000 03:04 17261189   /usr/lib/libgthread-2.0.so.0.1600.5
b5283000-b5284000 r-xp 00003000 03:04 17261189   /usr/lib/libgthread-2.0.so.0.1600.5
b5284000-b5285000 rwxp 00004000 03:04 17261189   /usr/lib/libgthread-2.0.so.0.1600.5
b5285000-b5296000 r-xp 00000000 03:04 29562210   /lib/libz.so.1.2.3
b5296000-b5297000 r-xp 00010000 03:04 29562210   /lib/libz.so.1.2.3
b5297000-b5298000 rwxp 00011000 03:04 29562210   /lib/libz.so.1.2.3
b529a000-b52a2000 r-xp 00000000 03:04 63823483   /usr/lib/libXcursor.so.1.0.2
b52a2000-b52a3000 r-xp 00007000 03:04 63823483   /usr/lib/libXcursor.so.1.0.2
b52a3000-b52a4000 rwxp 00008000 03:04 63823483   /usr/lib/libXcursor.so.1.0.2
b52a4000-b52a6000 r-xp 00000000 03:04 55556172   /usr/lib/gconv/UTF-16.so
b52a6000-b52a7000 r-xp 00001000 03:04 55556172   /usr/lib/gconv/UTF-16.so
b52a7000-b52a8000 rwxp 00002000 03:04 55556172   /usr/lib/gconv/UTF-16.so
b52a8000-b52af000 r-xs 00000000 03:04 58816348   /usr/lib/gconv/gconv-modules.cache
b52af000-b54d6000 r-xp 00000000 03:04 16813415   /tmp/QtJambi_school_i386_4.4.3_01_gcc-20080917-0414/lib/libQtCore.so.4
b54d6000-b54de000 rwxp 00226000 03:04 16813415   /tmp/QtJambi_school_i386_4.4.3_01_gcc-20080917-0414/lib/libQtCore.so.4
b54de000-b54df000 rwxp b54de000 00:00 0 
b54df000-b54e2000 r-xs 0001b000 03:04 26092000   /home/school/down/junit.jar
b54e2000-b5505000 r-xs 00264000 03:04 33612444   /home/binary/prog/qtjambi-linux32-gpl-4.4.3_01/qtjambi-4.4.3_01.jar
b5505000-b5538000 rwxp b5505000 00:00 0 
b5538000-b56c8000 r-xs 02eed000 03:04 64917431   /opt/sun-jdk-1.6.0.10/jre/lib/rt.jar
b56c8000-b56c9000 ---p b56c8000 00:00 0 
b56c9000-b5749000 rwxp b56c9000 00:00 0 
b5749000-b574c000 ---p b5749000 00:00 0 
b574c000-b579a000 rwxp b574c000 00:00 0 
b579a000-b579d000 ---p b579a000 00:00 0 
b579d000-b581b000 rwxp b579d000 00:00 0 
b581b000-b581e000 ---p b581b000 00:00 0 
b581e000-b586c000 rwxp b581e000 00:00 0 
b586c000-b5a6c000 r-xp 00000000 03:04 62950962   /usr/lib/locale/locale-archive
b5a6c000-b5a6f000 ---p b5a6c000 00:00 0 
b5a6f000-b5abd000 rwxp b5a6f000 00:00 0 
b5abd000-b5ac0000 ---p b5abd000 00:00 0 
b5ac0000-b5b0e000 rwxp b5ac0000 00:00 0 
b5b0e000-b5b0f000 ---p b5b0e000 00:00 0 
b5b0f000-b5b9d000 rwxp b5b0f000 00:00 0 
b5b9d000-b5bb7000 rwxp b5b9d000 00:00 0 
b5bb7000-b5bba000 rwxp b5bb7000 00:00 0 
b5bba000-b5bd5000 rwxp b5bba000 00:00 0 
b5bd5000-b5bd6000 rwxp b5bd5000 00:00 0 
b5bd6000-b5bd7000 rwxp b5bd6000 00:00 0 
b5bd7000-b5bda000 rwxp b5bd7000 00:00 0 
b5bda000-b5bf5000 rwxp b5bda000 00:00 0 
b5bf5000-b5bfb000 rwxp b5bf5000 00:00 0 
b5bfb000-b5c15000 rwxp b5bfb000 00:00 0 
b5c15000-b5c24000 rwxp b5c15000 00:00 0 
b5c24000-b5ca0000 rwxp b5c24000 00:00 0 
b5ca0000-b5d88000 rwxp b5ca0000 00:00 0 
b5d88000-b7ca0000 rwxp b5d88000 00:00 0 
b7ca0000-b7caf000 r-xp 00000000 03:04 9878852    /opt/sun-jdk-1.6.0.10/jre/lib/i386/libzip.so
b7caf000-b7cb1000 rwxp 0000e000 03:04 9878852    /opt/sun-jdk-1.6.0.10/jre/lib/i386/libzip.so
b7cb1000-b7cd4000 r-xp 00000000 03:04 9878850    /opt/sun-jdk-1.6.0.10/jre/lib/i386/libjava.so
b7cd4000-b7cd6000 rwxp 00023000 03:04 9878850    /opt/sun-jdk-1.6.0.10/jre/lib/i386/libjava.so
b7cd6000-b7cde000 r-xp 00000000 03:04 29559221   /lib/libnss_files-2.6.1.so
b7cde000-b7cdf000 r-xp 00007000 03:04 29559221   /lib/libnss_files-2.6.1.so
b7cdf000-b7ce0000 rwxp 00008000 03:04 29559221   /lib/libnss_files-2.6.1.so
b7ce0000-b7ce8000 r-xp 00000000 03:04 29559232   /lib/libnss_nis-2.6.1.so
b7ce8000-b7ce9000 r-xp 00007000 03:04 29559232   /lib/libnss_nis-2.6.1.so
b7ce9000-b7cea000 rwxp 00008000 03:04 29559232   /lib/libnss_nis-2.6.1.so
b7cea000-b7cfd000 r-xp 00000000 03:04 29559231   /lib/libnsl-2.6.1.so
b7cfd000-b7cfe000 r-xp 00012000 03:04 29559231   /lib/libnsl-2.6.1.so
b7cfe000-b7cff000 rwxp 00013000 03:04 29559231   /lib/libnsl-2.6.1.so
b7cff000-b7d01000 rwxp b7cff000 00:00 0 
b7d02000-b7d04000 r-xs 01130000 03:04 33612447   /home/binary/prog/qtjambi-linux32-gpl-4.4.3_01/qtjambi-linux32-gcc-4.4.3_01.jar
b7d04000-b7d0f000 r-xp 00000000 03:04 9878849    /opt/sun-jdk-1.6.0.10/jre/lib/i386/libverify.so
b7d0f000-b7d10000 rwxp 0000b000 03:04 9878849    /opt/sun-jdk-1.6.0.10/jre/lib/i386/libverify.so
b7d10000-b7d18000 rwxs 00000000 03:04 10127667   /tmp/hsperfdata_school/6538
b7d18000-b7d1f000 r-xp 00000000 03:04 29559222   /lib/librt-2.6.1.so
b7d1f000-b7d20000 r-xp 00006000 03:04 29559222   /lib/librt-2.6.1.so
b7d20000-b7d21000 rwxp 00007000 03:04 29559222   /lib/librt-2.6.1.so
b7d21000-b7d24000 ---p b7d21000 00:00 0 
b7d24000-b7d72000 rwxp b7d24000 00:00 0 
b7d72000-b7d96000 r-xp 00000000 03:04 29559204   /lib/libm-2.6.1.so
b7d96000-b7d97000 r-xp 00023000 03:04 29559204   /lib/libm-2.6.1.so
b7d97000-b7d98000 rwxp 00024000 03:04 29559204   /lib/libm-2.6.1.so
b7d98000-b7d99000 rwxp b7d98000 00:00 0 
b7d99000-b7ec3000 r-xp 00000000 03:04 29559237   /lib/libc-2.6.1.so
b7ec3000-b7ec5000 r-xp 0012a000 03:04 29559237   /lib/libc-2.6.1.so
b7ec5000-b7ec6000 rwxp 0012c000 03:04 29559237   /lib/libc-2.6.1.so
b7ec6000-b7ec9000 rwxp b7ec6000 00:00 0 
b7ec9000-b7ecb000 r-xp 00000000 03:04 29559206   /lib/libdl-2.6.1.so
b7ecb000-b7ecc000 r-xp 00001000 03:04 29559206   /lib/libdl-2.6.1.so
b7ecc000-b7ecd000 rwxp 00002000 03:04 29559206   /lib/libdl-2.6.1.so
b7ecd000-b7ed4000 r-xp 00000000 03:04 27581465   /opt/sun-jdk-1.6.0.10/jre/lib/i386/jli/libjli.so
b7ed4000-b7ed6000 rwxp 00006000 03:04 27581465   /opt/sun-jdk-1.6.0.10/jre/lib/i386/jli/libjli.so
b7ed6000-b7ee9000 r-xp 00000000 03:04 29559236   /lib/libpthread-2.6.1.so
b7ee9000-b7eea000 r-xp 00013000 03:04 29559236   /lib/libpthread-2.6.1.so
b7eea000-b7eeb000 rwxp 00014000 03:04 29559236   /lib/libpthread-2.6.1.so
b7eeb000-b7eed000 rwxp b7eeb000 00:00 0 
b7eed000-b7eee000 r-xp 0110b000 03:04 62950962   /usr/lib/locale/locale-archive
b7eee000-b7ef3000 rwxp b7eee000 00:00 0 
b7ef3000-b7ef9000 r-xp 00000000 03:04 29559234   /lib/libnss_compat-2.6.1.so
b7ef9000-b7efa000 r-xp 00005000 03:04 29559234   /lib/libnss_compat-2.6.1.so
b7efa000-b7efb000 rwxp 00006000 03:04 29559234   /lib/libnss_compat-2.6.1.so
b7efb000-b7f01000 r-xp 00000000 03:04 13431105   /opt/sun-jdk-1.6.0.10/jre/lib/i386/native_threads/libhpi.so
b7f01000-b7f02000 rwxp 00006000 03:04 13431105   /opt/sun-jdk-1.6.0.10/jre/lib/i386/native_threads/libhpi.so
b7f02000-b7f03000 rwxp b7f02000 00:00 0 
b7f03000-b7f04000 r-xp b7f03000 00:00 0 
b7f04000-b7f05000 rwxp b7f04000 00:00 0 
b7f05000-b7f1f000 r-xp 00000000 03:04 29559257   /lib/ld-2.6.1.so
b7f1f000-b7f20000 r-xp 00019000 03:04 29559257   /lib/ld-2.6.1.so
b7f20000-b7f21000 rwxp 0001a000 03:04 29559257   /lib/ld-2.6.1.so
bfd0c000-bfd21000 rwxp bffeb000 00:00 0          [stack]
ffffe000-fffff000 r-xp 00000000 00:00 0          [vdso]

VM Arguments:
jvm_args: -Dfile.encoding=UTF-8 
java_command: actua.Applicatie
Launcher Type: SUN_STANDARD

Environment Variables:
JAVA_HOME=/etc/java-config-2/current-system-vm
CLASSPATH=.
PATH=/usr/kde/3.5/bin:/usr/local/bin:/usr/bin:/bin:/opt/bin:/usr/i486-pc-linux-gnu/gcc-bin/4.1.2:/usr/i686-pc-linux-gnu/gcc-bin/4.1.2:/opt/sun-jdk-1.4.2.18/bin:/opt/sun-jdk-1.4.2.18/jre/bin:/opt/sun-jdk-1.4.2.18/jre/javaws:/usr/qt/3/bin:/usr/games/bin
LD_LIBRARY_PATH=/opt/sun-jdk-1.6.0.10/jre/lib/i386/client:/opt/sun-jdk-1.6.0.10/jre/lib/i386:/opt/sun-jdk-1.6.0.10/jre/../lib/i386:/usr/lib/xorg
SHELL=/bin/bash
DISPLAY=:0

Signal Handlers:
SIGSEGV: [libjvm.so+0x3ccf60], sa_mask[0]=0x7ffbfeff, sa_flags=0x10000004
SIGBUS: [libjvm.so+0x3ccf60], sa_mask[0]=0x7ffbfeff, sa_flags=0x10000004
SIGFPE: [libjvm.so+0x30e830], sa_mask[0]=0x7ffbfeff, sa_flags=0x10000004
SIGPIPE: [libjvm.so+0x30e830], sa_mask[0]=0x7ffbfeff, sa_flags=0x10000004
SIGXFSZ: [libjvm.so+0x30e830], sa_mask[0]=0x7ffbfeff, sa_flags=0x10000004
SIGILL: [libjvm.so+0x30e830], sa_mask[0]=0x7ffbfeff, sa_flags=0x10000004
SIGUSR1: SIG_DFL, sa_mask[0]=0x00000000, sa_flags=0x00000000
SIGUSR2: [libjvm.so+0x310d00], sa_mask[0]=0x00000004, sa_flags=0x10000004
SIGHUP: [libjvm.so+0x310aa0], sa_mask[0]=0x7ffbfeff, sa_flags=0x10000004
SIGINT: [libjvm.so+0x310aa0], sa_mask[0]=0x7ffbfeff, sa_flags=0x10000004
SIGTERM: [libjvm.so+0x310aa0], sa_mask[0]=0x7ffbfeff, sa_flags=0x10000004
SIGQUIT: [libjvm.so+0x310aa0], sa_mask[0]=0x7ffbfeff, sa_flags=0x10000004


---------------  S Y S T E M  ---------------

OS:Gentoo Base System release 1.12.11.1

uname:Linux 2.6.25-gentoo-r8 #3 Mon Oct 13 22:41:12 CEST 2008 i686
libc:glibc 2.6.1 NPTL 2.6.1 
rlimit: STACK 8192k, CORE 0k, NPROC 4087, NOFILE 1024, AS infinity
load average:0.42 0.53 0.39

CPU:total 1 (1 cores per cpu, 1 threads per core) family 6 model 10 stepping 0, cmov, cx8, fxsr, mmx, sse, mmxext, 3dnow, 3dnowext

Memory: 4k page, physical 513716k(25080k free), swap 1004052k(1003988k free)

vm_info: Java HotSpot(TM) Client VM (11.0-b15) for linux-x86 JRE (1.6.0_10-b33), built on Sep 26 2008 01:18:27 by "java_re" with gcc 3.2.1-7a (J2SE release)

time: Tue Dec 30 13:35:05 2008
elapsed time: 6 seconds

