#
# An unexpected error has been detected by Java Runtime Environment:
#
#  SIGSEGV (0xb) at pc=0xb7de6b14, pid=6740, tid=2908785552
#
# Java VM: Java HotSpot(TM) Client VM (11.0-b15 mixed mode linux-x86)
# Problematic frame:
# C  [libc.so.6+0x65b14]
#
# If you would like to submit a bug report, please visit:
#   http://java.sun.com/webapps/bugreport/crash.jsp
#

---------------  T H R E A D  ---------------

Current thread (0x080c5c00):  JavaThread "JDWP Transport Listener: dt_socket" daemon [_thread_in_vm, id=6755, stack(0xad5b8000,0xad609000)]

siginfo:si_signo=SIGSEGV: si_errno=0, si_code=1 (SEGV_MAPERR), si_addr=0xc03707e4

Registers:
EAX=0x084c2690, EBX=0xb7eacff4, ECX=0x00000001, EDX=0x084c2690
ESP=0xad607e3c, EBP=0xad607e64, ESI=0xb7eae150, EDI=0xc03707e0
EIP=0xb7de6b14, CR2=0xc03707e4, EFLAGS=0x00010206

Top of Stack: (sp=0xad607e3c)
0xad607e3c:   b7eae14c b7eae120 b7eae130 084c2690
0xad607e4c:   b7eae150 084c2690 00000048 b7eacff4
0xad607e5c:   b7eae120 00000000 ad607efc b7de8cf1
0xad607e6c:   063a610f 0643d9c4 b7d5904c 00000001
0xad607e7c:   063a602a 00000005 00000005 ad607ec8
0xad607e8c:   060b7ab6 ad607ea0 b7eae150 00000001
0xad607e9c:   00000001 00000260 b5a50ebd b5a50588
0xad607eac:   00000000 b7d57ea0 b7d57e6c ad607ee8 

Instructions: (pc=0xb7de6b14)
0xb7de6b04:   55 e4 8b 46 04 89 c2 83 e2 fa 89 55 ec 8d 3c 16
0xb7de6b14:   8b 57 04 83 e2 f8 a8 01 89 55 f0 75 25 8b 06 01 

Stack: [0xad5b8000,0xad609000],  sp=0xad607e3c,  free space=319k
Native frames: (J=compiled Java code, j=interpreted, Vv=VM code, C=native code)
C  [libc.so.6+0x65b14]
C  [libc.so.6+0x67cf1]
C  [libc.so.6+0x6930e]  __libc_malloc+0x7e
V  [libjvm.so+0x30a3ea]
V  [libjvm.so+0x2b0a39]
V  [libjvm.so+0x28fc2b]
C  [libjdwp.so+0x2eed9]
C  [libjdwp.so+0x1feaa]
C  [libjdwp.so+0x20152]
C  [libjdwp.so+0x2040d]
C  [libjdwp.so+0xaaba]
C  [libjdwp.so+0x12fd3]
C  [libjdwp.so+0x27e65]
C  [libjdwp.so+0x28163]
V  [libjvm.so+0x2c654c]
V  [libjvm.so+0x3a01bd]
V  [libjvm.so+0x3108a9]
C  [libpthread.so.0+0x518b]


---------------  P R O C E S S  ---------------

Java Threads: ( => current thread )
  0x08343400 JavaThread "Thread-0" daemon [_thread_blocked, id=6765, stack(0xacef4000,0xacf45000)]
  0x080db400 JavaThread "Low Memory Detector" daemon [_thread_blocked, id=6762, stack(0xad444000,0xad495000)]
  0x080d7000 JavaThread "CompilerThread0" daemon [_thread_blocked, id=6761, stack(0xad495000,0xad516000)]
  0x080ca000 JavaThread "JDWP Command Reader" daemon [_thread_in_native, id=6759, stack(0xad516000,0xad567000)]
  0x080c8400 JavaThread "JDWP Event Helper Thread" daemon [_thread_blocked, id=6757, stack(0xad567000,0xad5b8000)]
=>0x080c5c00 JavaThread "JDWP Transport Listener: dt_socket" daemon [_thread_in_vm, id=6755, stack(0xad5b8000,0xad609000)]
  0x080bdc00 JavaThread "Signal Dispatcher" daemon [_thread_blocked, id=6753, stack(0xad609000,0xad65a000)]
  0x080ae400 JavaThread "Finalizer" daemon [_thread_blocked, id=6750, stack(0xad65a000,0xad6ab000)]
  0x080a9800 JavaThread "Reference Handler" daemon [_thread_blocked, id=6744, stack(0xad6ab000,0xad6fc000)]
  0x08059c00 JavaThread "main" [_thread_blocked, id=6741, stack(0xb7d09000,0xb7d5a000)]

Other Threads:
  0x080a6000 VMThread [stack: 0xad6fc000,0xad77d000] [id=6743]
  0x080dd000 WatcherThread [stack: 0xad3c3000,0xad444000] [id=6763]

VM state:not at safepoint (normal execution)

VM Mutex/Monitor currently owned by a thread: None

Heap
 def new generation   total 960K, used 601K [0xad9c0000, 0xadac0000, 0xadea0000)
  eden space 896K,  59% used [0xad9c0000, 0xada464c0, 0xadaa0000)
  from space 64K,  99% used [0xadab0000, 0xadabfff8, 0xadac0000)
  to   space 64K,   0% used [0xadaa0000, 0xadaa0000, 0xadab0000)
 tenured generation   total 4096K, used 754K [0xadea0000, 0xae2a0000, 0xb19c0000)
   the space 4096K,  18% used [0xadea0000, 0xadf5ca28, 0xadf5cc00, 0xae2a0000)
 compacting perm gen  total 12288K, used 8137K [0xb19c0000, 0xb25c0000, 0xb59c0000)
   the space 12288K,  66% used [0xb19c0000, 0xb21b26c8, 0xb21b2800, 0xb25c0000)
No shared spaces configured.

Dynamic libraries:
06000000-0642a000 r-xp 00000000 03:04 21705467   /opt/sun-jdk-1.6.0.10/jre/lib/i386/client/libjvm.so
0642a000-06444000 rwxp 0042a000 03:04 21705467   /opt/sun-jdk-1.6.0.10/jre/lib/i386/client/libjvm.so
06444000-06864000 rwxp 06444000 00:00 0 
08048000-08052000 r-xp 00000000 03:04 42396647   /opt/sun-jdk-1.6.0.10/bin/java
08052000-08053000 rwxp 00009000 03:04 42396647   /opt/sun-jdk-1.6.0.10/bin/java
08053000-08581000 rwxp 08053000 00:00 0          [heap]
ab6ae000-ab6fb000 r-xp 00000000 03:04 30285749   /tmp/QtJambi_school_i386_4.4.3_01_gcc-20080917-0414/plugins/imageformats/libqtiff.so
ab6fb000-ab6fe000 rwxp 0004c000 03:04 30285749   /tmp/QtJambi_school_i386_4.4.3_01_gcc-20080917-0414/plugins/imageformats/libqtiff.so
ab6fe000-ab741000 r-xp 00000000 03:04 16831677   /tmp/QtJambi_school_i386_4.4.3_01_gcc-20080917-0414/lib/libQtXml.so.4
ab741000-ab743000 rwxp 00043000 03:04 16831677   /tmp/QtJambi_school_i386_4.4.3_01_gcc-20080917-0414/lib/libQtXml.so.4
ab743000-ab791000 r-xp 00000000 03:04 17062775   /tmp/QtJambi_school_i386_4.4.3_01_gcc-20080917-0414/lib/libQtSvg.so.4
ab791000-ab793000 rwxp 0004d000 03:04 17062775   /tmp/QtJambi_school_i386_4.4.3_01_gcc-20080917-0414/lib/libQtSvg.so.4
ab793000-ab7de000 r-xp 00000000 03:04 30285748   /tmp/QtJambi_school_i386_4.4.3_01_gcc-20080917-0414/plugins/imageformats/libqmng.so
ab7de000-ab7e0000 rwxp 0004b000 03:04 30285748   /tmp/QtJambi_school_i386_4.4.3_01_gcc-20080917-0414/plugins/imageformats/libqmng.so
ab7e0000-ab805000 r-xp 00000000 03:04 30285743   /tmp/QtJambi_school_i386_4.4.3_01_gcc-20080917-0414/plugins/imageformats/libqjpeg.so
ab805000-ab806000 rwxp 00025000 03:04 30285743   /tmp/QtJambi_school_i386_4.4.3_01_gcc-20080917-0414/plugins/imageformats/libqjpeg.so
ab806000-ab80e000 r-xp 00000000 03:04 63823483   /usr/lib/libXcursor.so.1.0.2
ab80e000-ab80f000 r-xp 00007000 03:04 63823483   /usr/lib/libXcursor.so.1.0.2
ab80f000-ab810000 rwxp 00008000 03:04 63823483   /usr/lib/libXcursor.so.1.0.2
ab818000-ab81c000 r-xp 00000000 03:04 46473002   /usr/share/fonts/75dpi/helvR12.pcf.gz
ab81c000-ab81f000 r-xp 00000000 03:04 30298756   /tmp/QtJambi_school_i386_4.4.3_01_gcc-20080917-0414/plugins/imageformats/libqsvg.so
ab81f000-ab820000 rwxp 00003000 03:04 30298756   /tmp/QtJambi_school_i386_4.4.3_01_gcc-20080917-0414/plugins/imageformats/libqsvg.so
ab820000-ab826000 r-xp 00000000 03:04 30285747   /tmp/QtJambi_school_i386_4.4.3_01_gcc-20080917-0414/plugins/imageformats/libqgif.so
ab826000-ab827000 rwxp 00005000 03:04 30285747   /tmp/QtJambi_school_i386_4.4.3_01_gcc-20080917-0414/plugins/imageformats/libqgif.so
ab827000-ab82d000 r-xs 00000000 03:04 8808246    /var/cache/fontconfig/87f5e051180a7a75f16eb6fe7dbd3749-x86.cache-2
ab82d000-ab82f000 r-xs 00000000 03:04 8808251    /var/cache/fontconfig/f55bbeb01d684dc5b5f7b2c347cc42d9-x86.cache-2
ab82f000-ab831000 r-xs 00000000 03:04 8794660    /var/cache/fontconfig/76fa4b957c916922374347f144bde9da-x86.cache-2
ab831000-ab836000 r-xs 00000000 03:04 8808249    /var/cache/fontconfig/4460665c0f3e88acdd4c85aa2f409b99-x86.cache-2
ab836000-ab843000 r-xs 00000000 03:04 8794668    /var/cache/fontconfig/8d4af663993b81a124ee82e610bb31f9-x86.cache-2
ab843000-ab850000 r-xs 00000000 03:04 8808253    /var/cache/fontconfig/221fd1126b80b777db535aea535e87ba-x86.cache-2
ab850000-ab856000 r-xs 00000000 03:04 8794670    /var/cache/fontconfig/12b26b760a24f8b4feb03ad48a333a72-x86.cache-2
ab856000-ab869000 r-xs 00000000 03:04 8794664    /var/cache/fontconfig/4b5cf4386f1cde02a336ba961b4ac82d-x86.cache-2
ab869000-ab86c000 r-xs 00000000 03:04 8808244    /var/cache/fontconfig/374b958dfa195bf54eaa9332f068d728-x86.cache-2
ab86c000-ab86f000 r-xs 00000000 03:04 8808243    /var/cache/fontconfig/d62e99ef547d1d24cdb1bd22ec1a2976-x86.cache-2
ab86f000-ab88e000 r-xs 00000000 03:04 8794661    /var/cache/fontconfig/17090aa38d5c6f09fb8c5c354938f1d7-x86.cache-2
ab88e000-ab8ad000 r-xs 00000000 03:04 8808248    /var/cache/fontconfig/df311e82a1a24c41a75c2c930223552e-x86.cache-2
ab8ad000-ac242000 r-xp 00000000 03:04 17166570   /tmp/QtJambi_school_i386_4.4.3_01_gcc-20080917-0414/lib/libcom_trolltech_qt_gui.so
ac242000-ac26c000 rwxp 00994000 03:04 17166570   /tmp/QtJambi_school_i386_4.4.3_01_gcc-20080917-0414/lib/libcom_trolltech_qt_gui.so
ac26c000-ac26f000 rwxp ac26c000 00:00 0 
ac26f000-ac273000 r-xp 00000000 03:04 46478574   /usr/lib/libXdmcp.so.6.0.0
ac273000-ac274000 r-xp 00003000 03:04 46478574   /usr/lib/libXdmcp.so.6.0.0
ac274000-ac275000 rwxp 00004000 03:04 46478574   /usr/lib/libXdmcp.so.6.0.0
ac275000-ac28d000 r-xp 00000000 03:04 9023502    /usr/lib/libxcb.so.1.0.0
ac28d000-ac28e000 r-xp 00017000 03:04 9023502    /usr/lib/libxcb.so.1.0.0
ac28e000-ac28f000 rwxp 00018000 03:04 9023502    /usr/lib/libxcb.so.1.0.0
ac28f000-ac290000 r-xp 00000000 03:04 9135563    /usr/lib/libxcb-xlib.so.0.0.0
ac290000-ac291000 r-xp 00000000 03:04 9135563    /usr/lib/libxcb-xlib.so.0.0.0
ac291000-ac292000 rwxp 00001000 03:04 9135563    /usr/lib/libxcb-xlib.so.0.0.0
ac292000-ac294000 r-xp 00000000 03:04 811276     /usr/lib/libXau.so.6.0.0
ac294000-ac295000 r-xp 00001000 03:04 811276     /usr/lib/libXau.so.6.0.0
ac295000-ac296000 rwxp 00002000 03:04 811276     /usr/lib/libXau.so.6.0.0
ac296000-ac2b4000 r-xp 00000000 03:04 25223004   /usr/lib/libexpat.so.1.5.2
ac2b4000-ac2b6000 r-xp 0001d000 03:04 25223004   /usr/lib/libexpat.so.1.5.2
ac2b6000-ac2b7000 rwxp 0001f000 03:04 25223004   /usr/lib/libexpat.so.1.5.2
ac2b7000-ac39c000 r-xp 00000000 03:04 58915075   /usr/lib/libX11.so.6.2.0
ac39c000-ac39d000 r-xp 000e4000 03:04 58915075   /usr/lib/libX11.so.6.2.0
ac39d000-ac3a0000 rwxp 000e5000 03:04 58915075   /usr/lib/libX11.so.6.2.0
ac3a0000-ac3ad000 r-xp 00000000 03:04 17148808   /usr/lib/libXext.so.6.4.0
ac3ad000-ac3ae000 r-xp 0000c000 03:04 17148808   /usr/lib/libXext.so.6.4.0
ac3ae000-ac3af000 rwxp 0000d000 03:04 17148808   /usr/lib/libXext.so.6.4.0
ac3af000-ac3d8000 r-xp 00000000 03:04 34040249   /usr/lib/libfontconfig.so.1.3.0
ac3d8000-ac3d9000 r-xp 00029000 03:04 34040249   /usr/lib/libfontconfig.so.1.3.0
ac3d9000-ac3da000 rwxp 0002a000 03:04 34040249   /usr/lib/libfontconfig.so.1.3.0
ac3da000-ac456000 r-xp 00000000 03:04 25825651   /usr/lib/libfreetype.so.6.3.18
ac456000-ac45a000 r-xp 0007b000 03:04 25825651   /usr/lib/libfreetype.so.6.3.18
ac45a000-ac45b000 rwxp 0007f000 03:04 25825651   /usr/lib/libfreetype.so.6.3.18
ac45b000-ac461000 r-xp 00000000 03:04 46469651   /usr/lib/libXrandr.so.2.1.0
ac461000-ac462000 r-xp 00005000 03:04 46469651   /usr/lib/libXrandr.so.2.1.0
ac462000-ac463000 rwxp 00006000 03:04 46469651   /usr/lib/libXrandr.so.2.1.0
ac463000-ac46a000 r-xp 00000000 03:04 55009881   /usr/lib/libXrender.so.1.3.0
ac46a000-ac46b000 r-xp 00006000 03:04 55009881   /usr/lib/libXrender.so.1.3.0
ac46b000-ac46c000 rwxp 00007000 03:04 55009881   /usr/lib/libXrender.so.1.3.0
ac46c000-ac473000 r-xp 00000000 03:04 55009888   /usr/lib/libXi.so.6.0.0
ac473000-ac474000 r-xp 00006000 03:04 55009888   /usr/lib/libXi.so.6.0.0
ac474000-ac475000 rwxp 00007000 03:04 55009888   /usr/lib/libXi.so.6.0.0
ac475000-ac48a000 r-xp 00000000 03:04 63762571   /usr/lib/libICE.so.6.3.0
ac48a000-ac48b000 r-xp 00014000 03:04 63762571   /usr/lib/libICE.so.6.3.0
ac48b000-ac48c000 rwxp 00015000 03:04 63762571   /usr/lib/libICE.so.6.3.0
ac48c000-ac48e000 rwxp ac48c000 00:00 0 
ac48e000-ac495000 r-xp 00000000 03:04 8815339    /usr/lib/libSM.so.6.0.0
ac495000-ac496000 r-xp 00006000 03:04 8815339    /usr/lib/libSM.so.6.0.0
ac496000-ac497000 rwxp 00007000 03:04 8815339    /usr/lib/libSM.so.6.0.0
ac497000-ac4ba000 r-xp 00000000 03:04 29747765   /usr/lib/libpng12.so.0.33.0
ac4ba000-ac4bb000 r-xp 00022000 03:04 29747765   /usr/lib/libpng12.so.0.33.0
ac4bb000-ac4bc000 rwxp 00023000 03:04 29747765   /usr/lib/libpng12.so.0.33.0
ac4bc000-acd5e000 r-xp 00000000 03:04 16813417   /tmp/QtJambi_school_i386_4.4.3_01_gcc-20080917-0414/lib/libQtGui.so.4
acd5e000-acd83000 rwxp 008a1000 03:04 16813417   /tmp/QtJambi_school_i386_4.4.3_01_gcc-20080917-0414/lib/libQtGui.so.4
acd83000-acd84000 rwxp acd83000 00:00 0 
acd84000-aceec000 r-xp 00000000 03:04 17141407   /tmp/QtJambi_school_i386_4.4.3_01_gcc-20080917-0414/lib/libcom_trolltech_qt_core.so
aceec000-acef4000 rwxp 00168000 03:04 17141407   /tmp/QtJambi_school_i386_4.4.3_01_gcc-20080917-0414/lib/libcom_trolltech_qt_core.so
acef4000-acef7000 ---p acef4000 00:00 0 
acef7000-acf45000 rwxp acef7000 00:00 0 
acf45000-acf84000 r-xp 00000000 03:04 17134169   /tmp/QtJambi_school_i386_4.4.3_01_gcc-20080917-0414/lib/libqtjambi.so
acf84000-acf85000 rwxp 0003f000 03:04 17134169   /tmp/QtJambi_school_i386_4.4.3_01_gcc-20080917-0414/lib/libqtjambi.so
acf85000-acf8f000 r-xp 00000000 03:04 47040928   /usr/lib/gcc/i686-pc-linux-gnu/4.1.2/libgcc_s.so.1
acf8f000-acf90000 r-xp 00009000 03:04 47040928   /usr/lib/gcc/i686-pc-linux-gnu/4.1.2/libgcc_s.so.1
acf90000-acf91000 rwxp 0000a000 03:04 47040928   /usr/lib/gcc/i686-pc-linux-gnu/4.1.2/libgcc_s.so.1
acf91000-ad06d000 r-xp 00000000 03:04 16813412   /tmp/QtJambi_school_i386_4.4.3_01_gcc-20080917-0414/lib/libstdc++.so.6
ad06d000-ad072000 rwxp 000dc000 03:04 16813412   /tmp/QtJambi_school_i386_4.4.3_01_gcc-20080917-0414/lib/libstdc++.so.6
ad072000-ad077000 rwxp ad072000 00:00 0 
ad077000-ad144000 r-xp 00000000 03:04 17431765   /usr/lib/libglib-2.0.so.0.1600.5
ad144000-ad145000 r-xp 000cc000 03:04 17431765   /usr/lib/libglib-2.0.so.0.1600.5
ad145000-ad146000 rwxp 000cd000 03:04 17431765   /usr/lib/libglib-2.0.so.0.1600.5
ad146000-ad157000 r-xp 00000000 03:04 29562210   /lib/libz.so.1.2.3
ad157000-ad158000 r-xp 00010000 03:04 29562210   /lib/libz.so.1.2.3
ad158000-ad159000 rwxp 00011000 03:04 29562210   /lib/libz.so.1.2.3
ad15b000-ad15d000 r-xp 00000000 03:04 17148971   /usr/lib/libXinerama.so.1.0.0
ad15d000-ad15e000 r-xp 00001000 03:04 17148971   /usr/lib/libXinerama.so.1.0.0
ad15e000-ad15f000 rwxp 00002000 03:04 17148971   /usr/lib/libXinerama.so.1.0.0
ad15f000-ad163000 r-xp 00000000 03:04 50732679   /usr/lib/libXfixes.so.3.1.0
ad163000-ad164000 r-xp 00003000 03:04 50732679   /usr/lib/libXfixes.so.3.1.0
ad164000-ad165000 rwxp 00004000 03:04 50732679   /usr/lib/libXfixes.so.3.1.0
ad165000-ad167000 r-xp 00000000 03:04 55556172   /usr/lib/gconv/UTF-16.so
ad167000-ad168000 r-xp 00001000 03:04 55556172   /usr/lib/gconv/UTF-16.so
ad168000-ad169000 rwxp 00002000 03:04 55556172   /usr/lib/gconv/UTF-16.so
ad169000-ad170000 r-xs 00000000 03:04 58816348   /usr/lib/gconv/gconv-modules.cache
ad170000-ad397000 r-xp 00000000 03:04 16813415   /tmp/QtJambi_school_i386_4.4.3_01_gcc-20080917-0414/lib/libQtCore.so.4
ad397000-ad39f000 rwxp 00226000 03:04 16813415   /tmp/QtJambi_school_i386_4.4.3_01_gcc-20080917-0414/lib/libQtCore.so.4
ad39f000-ad3a0000 rwxp ad39f000 00:00 0 
ad3a0000-ad3c3000 r-xs 00264000 03:04 33612444   /home/binary/prog/qtjambi-linux32-gpl-4.4.3_01/qtjambi-4.4.3_01.jar
ad3c3000-ad3c4000 ---p ad3c3000 00:00 0 
ad3c4000-ad444000 rwxp ad3c4000 00:00 0 
ad444000-ad447000 ---p ad444000 00:00 0 
ad447000-ad495000 rwxp ad447000 00:00 0 
ad495000-ad498000 ---p ad495000 00:00 0 
ad498000-ad516000 rwxp ad498000 00:00 0 
ad516000-ad519000 ---p ad516000 00:00 0 
ad519000-ad567000 rwxp ad519000 00:00 0 
ad567000-ad56a000 ---p ad567000 00:00 0 
ad56a000-ad5b8000 rwxp ad56a000 00:00 0 
ad5b8000-ad5bb000 ---p ad5b8000 00:00 0 
ad5bb000-ad609000 rwxp ad5bb000 00:00 0 
ad609000-ad60c000 ---p ad609000 00:00 0 
ad60c000-ad65a000 rwxp ad60c000 00:00 0 
ad65a000-ad65d000 ---p ad65a000 00:00 0 
ad65d000-ad6ab000 rwxp ad65d000 00:00 0 
ad6ab000-ad6ae000 ---p ad6ab000 00:00 0 
ad6ae000-ad6fc000 rwxp ad6ae000 00:00 0 
ad6fc000-ad6fd000 ---p ad6fc000 00:00 0 
ad6fd000-ad7b0000 rwxp ad6fd000 00:00 0 
ad7b0000-ad940000 r-xs 02eed000 03:04 64917431   /opt/sun-jdk-1.6.0.10/jre/lib/rt.jar
ad940000-ad947000 rwxp ad940000 00:00 0 
ad947000-ad961000 rwxp ad947000 00:00 0 
ad961000-ad964000 rwxp ad961000 00:00 0 
ad964000-ad97f000 rwxp ad964000 00:00 0 
ad97f000-ad980000 rwxp ad97f000 00:00 0 
ad980000-ad981000 rwxp ad980000 00:00 0 
ad981000-ad984000 rwxp ad981000 00:00 0 
ad984000-ad99f000 rwxp ad984000 00:00 0 
ad99f000-ad9a5000 rwxp ad99f000 00:00 0 
ad9a5000-ad9bf000 rwxp ad9a5000 00:00 0 
ad9bf000-adac0000 rwxp ad9bf000 00:00 0 
adac0000-adea0000 rwxp adac0000 00:00 0 
adea0000-ae2a0000 rwxp adea0000 00:00 0 
ae2a0000-b19c0000 rwxp ae2a0000 00:00 0 
b19c0000-b25c0000 rwxp b19c0000 00:00 0 
b25c0000-b59c0000 rwxp b25c0000 00:00 0 
b59c1000-b59c5000 r-xp 00000000 03:04 17261189   /usr/lib/libgthread-2.0.so.0.1600.5
b59c5000-b59c6000 r-xp 00003000 03:04 17261189   /usr/lib/libgthread-2.0.so.0.1600.5
b59c6000-b59c7000 rwxp 00004000 03:04 17261189   /usr/lib/libgthread-2.0.so.0.1600.5
b59c7000-b59ca000 r-xs 0001b000 03:04 26092000   /home/school/down/junit.jar
b59ca000-b59cd000 r-xp 00000000 03:04 9878880    /opt/sun-jdk-1.6.0.10/jre/lib/i386/libdt_socket.so
b59cd000-b59ce000 rwxp 00003000 03:04 9878880    /opt/sun-jdk-1.6.0.10/jre/lib/i386/libdt_socket.so
b59ce000-b59d2000 rwxp b59ce000 00:00 0 
b59d2000-b5a4e000 rwxp b59d2000 00:00 0 
b5a4e000-b5b46000 rwxp b5a4e000 00:00 0 
b5b46000-b7a4e000 rwxp b5b46000 00:00 0 
b7a4e000-b7a5d000 r-xp 00000000 03:04 9878852    /opt/sun-jdk-1.6.0.10/jre/lib/i386/libzip.so
b7a5d000-b7a5f000 rwxp 0000e000 03:04 9878852    /opt/sun-jdk-1.6.0.10/jre/lib/i386/libzip.so
b7a5f000-b7a82000 r-xp 00000000 03:04 9878850    /opt/sun-jdk-1.6.0.10/jre/lib/i386/libjava.so
b7a82000-b7a84000 rwxp 00023000 03:04 9878850    /opt/sun-jdk-1.6.0.10/jre/lib/i386/libjava.so
b7a84000-b7a8c000 r-xp 00000000 03:04 29559221   /lib/libnss_files-2.6.1.so
b7a8c000-b7a8d000 r-xp 00007000 03:04 29559221   /lib/libnss_files-2.6.1.so
b7a8d000-b7a8e000 rwxp 00008000 03:04 29559221   /lib/libnss_files-2.6.1.so
b7a8e000-b7a96000 r-xp 00000000 03:04 29559232   /lib/libnss_nis-2.6.1.so
b7a96000-b7a97000 r-xp 00007000 03:04 29559232   /lib/libnss_nis-2.6.1.so
b7a97000-b7a98000 rwxp 00008000 03:04 29559232   /lib/libnss_nis-2.6.1.so
b7a98000-b7c98000 r-xp 00000000 03:04 62950962   /usr/lib/locale/locale-archive
b7c98000-b7cd1000 r-xp 00000000 03:04 9878879    /opt/sun-jdk-1.6.0.10/jre/lib/i386/libjdwp.so
b7cd1000-b7cd2000 rwxp 00039000 03:04 9878879    /opt/sun-jdk-1.6.0.10/jre/lib/i386/libjdwp.so
b7cd2000-b7ce5000 r-xp 00000000 03:04 29559231   /lib/libnsl-2.6.1.so
b7ce5000-b7ce6000 r-xp 00012000 03:04 29559231   /lib/libnsl-2.6.1.so
b7ce6000-b7ce7000 rwxp 00013000 03:04 29559231   /lib/libnsl-2.6.1.so
b7ce7000-b7ce9000 rwxp b7ce7000 00:00 0 
b7cea000-b7cec000 r-xs 01130000 03:04 33612447   /home/binary/prog/qtjambi-linux32-gpl-4.4.3_01/qtjambi-linux32-gcc-4.4.3_01.jar
b7cec000-b7cf7000 r-xp 00000000 03:04 9878849    /opt/sun-jdk-1.6.0.10/jre/lib/i386/libverify.so
b7cf7000-b7cf8000 rwxp 0000b000 03:04 9878849    /opt/sun-jdk-1.6.0.10/jre/lib/i386/libverify.so
b7cf8000-b7d00000 rwxs 00000000 03:04 10127666   /tmp/hsperfdata_school/6740
b7d00000-b7d07000 r-xp 00000000 03:04 29559222   /lib/librt-2.6.1.so
b7d07000-b7d08000 r-xp 00006000 03:04 29559222   /lib/librt-2.6.1.so
b7d08000-b7d09000 rwxp 00007000 03:04 29559222   /lib/librt-2.6.1.so
b7d09000-b7d0c000 ---p b7d09000 00:00 0 
b7d0c000-b7d5a000 rwxp b7d0c000 00:00 0 
b7d5a000-b7d7e000 r-xp 00000000 03:04 29559204   /lib/libm-2.6.1.so
b7d7e000-b7d7f000 r-xp 00023000 03:04 29559204   /lib/libm-2.6.1.so
b7d7f000-b7d80000 rwxp 00024000 03:04 29559204   /lib/libm-2.6.1.so
b7d80000-b7d81000 rwxp b7d80000 00:00 0 
b7d81000-b7eab000 r-xp 00000000 03:04 29559237   /lib/libc-2.6.1.so
b7eab000-b7ead000 r-xp 0012a000 03:04 29559237   /lib/libc-2.6.1.so
b7ead000-b7eae000 rwxp 0012c000 03:04 29559237   /lib/libc-2.6.1.so
b7eae000-b7eb1000 rwxp b7eae000 00:00 0 
b7eb1000-b7eb3000 r-xp 00000000 03:04 29559206   /lib/libdl-2.6.1.so
b7eb3000-b7eb4000 r-xp 00001000 03:04 29559206   /lib/libdl-2.6.1.so
b7eb4000-b7eb5000 rwxp 00002000 03:04 29559206   /lib/libdl-2.6.1.so
b7eb5000-b7ebc000 r-xp 00000000 03:04 27581465   /opt/sun-jdk-1.6.0.10/jre/lib/i386/jli/libjli.so
b7ebc000-b7ebe000 rwxp 00006000 03:04 27581465   /opt/sun-jdk-1.6.0.10/jre/lib/i386/jli/libjli.so
b7ebe000-b7ed1000 r-xp 00000000 03:04 29559236   /lib/libpthread-2.6.1.so
b7ed1000-b7ed2000 r-xp 00013000 03:04 29559236   /lib/libpthread-2.6.1.so
b7ed2000-b7ed3000 rwxp 00014000 03:04 29559236   /lib/libpthread-2.6.1.so
b7ed3000-b7ed5000 rwxp b7ed3000 00:00 0 
b7ed6000-b7edc000 r-xp 00000000 03:04 29559234   /lib/libnss_compat-2.6.1.so
b7edc000-b7edd000 r-xp 00005000 03:04 29559234   /lib/libnss_compat-2.6.1.so
b7edd000-b7ede000 rwxp 00006000 03:04 29559234   /lib/libnss_compat-2.6.1.so
b7ede000-b7edf000 r-xp 0110b000 03:04 62950962   /usr/lib/locale/locale-archive
b7edf000-b7ee2000 r-xp 00000000 03:04 9878853    /opt/sun-jdk-1.6.0.10/jre/lib/i386/libnpt.so
b7ee2000-b7ee3000 rwxp 00002000 03:04 9878853    /opt/sun-jdk-1.6.0.10/jre/lib/i386/libnpt.so
b7ee3000-b7ee9000 r-xp 00000000 03:04 13431105   /opt/sun-jdk-1.6.0.10/jre/lib/i386/native_threads/libhpi.so
b7ee9000-b7eea000 rwxp 00006000 03:04 13431105   /opt/sun-jdk-1.6.0.10/jre/lib/i386/native_threads/libhpi.so
b7eea000-b7eeb000 rwxp b7eea000 00:00 0 
b7eeb000-b7eec000 r-xp b7eeb000 00:00 0 
b7eec000-b7eed000 rwxp b7eec000 00:00 0 
b7eed000-b7f07000 r-xp 00000000 03:04 29559257   /lib/ld-2.6.1.so
b7f07000-b7f08000 r-xp 00019000 03:04 29559257   /lib/ld-2.6.1.so
b7f08000-b7f09000 rwxp 0001a000 03:04 29559257   /lib/ld-2.6.1.so
bfdf3000-bfe08000 rwxp bffeb000 00:00 0          [stack]
ffffe000-fffff000 r-xp 00000000 00:00 0          [vdso]

VM Arguments:
jvm_args: -agentlib:jdwp=transport=dt_socket,suspend=y,address=localhost:37798 -Dfile.encoding=UTF-8 
java_command: actua.Applicatie
Launcher Type: SUN_STANDARD

Environment Variables:
JAVA_HOME=/etc/java-config-2/current-system-vm
CLASSPATH=.
PATH=/usr/kde/3.5/bin:/usr/local/bin:/usr/bin:/bin:/opt/bin:/usr/i486-pc-linux-gnu/gcc-bin/4.1.2:/usr/i686-pc-linux-gnu/gcc-bin/4.1.2:/opt/sun-jdk-1.4.2.18/bin:/opt/sun-jdk-1.4.2.18/jre/bin:/opt/sun-jdk-1.4.2.18/jre/javaws:/usr/qt/3/bin:/usr/games/bin
LD_LIBRARY_PATH=/opt/sun-jdk-1.6.0.10/jre/lib/i386/client:/opt/sun-jdk-1.6.0.10/jre/lib/i386:/opt/sun-jdk-1.6.0.10/jre/../lib/i386:/usr/lib/xorg
SHELL=/bin/bash
DISPLAY=:0

Signal Handlers:
SIGSEGV: [libjvm.so+0x3ccf60], sa_mask[0]=0x7ffbfeff, sa_flags=0x10000004
SIGBUS: [libjvm.so+0x3ccf60], sa_mask[0]=0x7ffbfeff, sa_flags=0x10000004
SIGFPE: [libjvm.so+0x30e830], sa_mask[0]=0x7ffbfeff, sa_flags=0x10000004
SIGPIPE: [libjvm.so+0x30e830], sa_mask[0]=0x7ffbfeff, sa_flags=0x10000004
SIGXFSZ: [libjvm.so+0x30e830], sa_mask[0]=0x7ffbfeff, sa_flags=0x10000004
SIGILL: [libjvm.so+0x30e830], sa_mask[0]=0x7ffbfeff, sa_flags=0x10000004
SIGUSR1: SIG_DFL, sa_mask[0]=0x00000000, sa_flags=0x00000000
SIGUSR2: [libjvm.so+0x310d00], sa_mask[0]=0x00000004, sa_flags=0x10000004
SIGHUP: [libjvm.so+0x310aa0], sa_mask[0]=0x7ffbfeff, sa_flags=0x10000004
SIGINT: [libjvm.so+0x310aa0], sa_mask[0]=0x7ffbfeff, sa_flags=0x10000004
SIGTERM: [libjvm.so+0x310aa0], sa_mask[0]=0x7ffbfeff, sa_flags=0x10000004
SIGQUIT: [libjvm.so+0x310aa0], sa_mask[0]=0x7ffbfeff, sa_flags=0x10000004


---------------  S Y S T E M  ---------------

OS:Gentoo Base System release 1.12.11.1

uname:Linux 2.6.25-gentoo-r8 #3 Mon Oct 13 22:41:12 CEST 2008 i686
libc:glibc 2.6.1 NPTL 2.6.1 
rlimit: STACK 8192k, CORE 0k, NPROC 4087, NOFILE 1024, AS infinity
load average:0.45 0.57 0.43

CPU:total 1 (1 cores per cpu, 1 threads per core) family 6 model 10 stepping 0, cmov, cx8, fxsr, mmx, sse, mmxext, 3dnow, 3dnowext

Memory: 4k page, physical 513716k(38016k free), swap 1004052k(1003988k free)

vm_info: Java HotSpot(TM) Client VM (11.0-b15) for linux-x86 JRE (1.6.0_10-b33), built on Sep 26 2008 01:18:27 by "java_re" with gcc 3.2.1-7a (J2SE release)

time: Tue Dec 30 13:38:54 2008
elapsed time: 80 seconds

