#
# An unexpected error has been detected by Java Runtime Environment:
#
#  SIGSEGV (0xb) at pc=0xb7e43b14, pid=5921, tid=2909178768
#
# Java VM: Java HotSpot(TM) Client VM (11.0-b15 mixed mode linux-x86)
# Problematic frame:
# C  [libc.so.6+0x65b14]
#
# If you would like to submit a bug report, please visit:
#   http://java.sun.com/webapps/bugreport/crash.jsp
#

---------------  T H R E A D  ---------------

Current thread (0x080c5c00):  JavaThread "JDWP Transport Listener: dt_socket" daemon [_thread_in_vm, id=5934, stack(0xad618000,0xad669000)]

siginfo:si_signo=SIGSEGV: si_errno=0, si_code=1 (SEGV_MAPERR), si_addr=0xc03db7d4

Registers:
EAX=0x084d0680, EBX=0xb7f09ff4, ECX=0x0855b7f0, EDX=0x084d0680
ESP=0xad667bbc, EBP=0xad667be4, ESI=0xb7f0b150, EDI=0xc03db7d0
EIP=0xb7e43b14, CR2=0xc03db7d4, EFLAGS=0x00010202

Top of Stack: (sp=0xad667bbc)
0xad667bbc:   b7f0b14c b7f0b120 b7f0b130 084d0680
0xad667bcc:   b7f0b150 084d0680 00000038 b7f09ff4
0xad667bdc:   b7f0b120 00000000 ad667c7c b7e45cf1
0xad667bec:   063a610f 0643d9c4 00000000 ad667c68
0xad667bfc:   063a602a 00000019 00000019 ad667c48
0xad667c0c:   060b7ab6 ad667c20 b7f0b150 084e8ee8
0xad667c1c:   00000000 00000260 b5aae015 b5aad588
0xad667c2c:   00000000 b7db4ef8 b7db4ed0 ad667c68 

Instructions: (pc=0xb7e43b14)
0xb7e43b04:   55 e4 8b 46 04 89 c2 83 e2 fa 89 55 ec 8d 3c 16
0xb7e43b14:   8b 57 04 83 e2 f8 a8 01 89 55 f0 75 25 8b 06 01 

Stack: [0xad618000,0xad669000],  sp=0xad667bbc,  free space=318k
Native frames: (J=compiled Java code, j=interpreted, Vv=VM code, C=native code)
C  [libc.so.6+0x65b14]
C  [libc.so.6+0x67cf1]
C  [libc.so.6+0x6930e]  __libc_malloc+0x7e
V  [libjvm.so+0x30a3ea]
V  [libjvm.so+0x2b0a39]
V  [libjvm.so+0x28fc2b]
C  [libjdwp.so+0x2eed9]
C  [libjdwp.so+0x1feaa]
C  [libjdwp.so+0x20152]
C  [libjdwp.so+0x2040d]
C  [libjdwp.so+0xaaba]
C  [libjdwp.so+0x12fd3]
C  [libjdwp.so+0x27e65]
C  [libjdwp.so+0x28163]
V  [libjvm.so+0x2c654c]
V  [libjvm.so+0x3a01bd]
V  [libjvm.so+0x3108a9]
C  [libpthread.so.0+0x518b]


---------------  P R O C E S S  ---------------

Java Threads: ( => current thread )
  0x08341c00 JavaThread "Thread-0" daemon [_thread_blocked, id=5944, stack(0xacf4e000,0xacf9f000)]
  0x080db400 JavaThread "Low Memory Detector" daemon [_thread_blocked, id=5942, stack(0xad4a4000,0xad4f5000)]
  0x080d7000 JavaThread "CompilerThread0" daemon [_thread_in_vm, id=5941, stack(0xad4f5000,0xad576000)]
  0x080ca000 JavaThread "JDWP Command Reader" daemon [_thread_in_native, id=5938, stack(0xad576000,0xad5c7000)]
  0x080c8400 JavaThread "JDWP Event Helper Thread" daemon [_thread_blocked, id=5936, stack(0xad5c7000,0xad618000)]
=>0x080c5c00 JavaThread "JDWP Transport Listener: dt_socket" daemon [_thread_in_vm, id=5934, stack(0xad618000,0xad669000)]
  0x080bdc00 JavaThread "Signal Dispatcher" daemon [_thread_blocked, id=5931, stack(0xad669000,0xad6ba000)]
  0x080ab000 JavaThread "Finalizer" daemon [_thread_blocked, id=5930, stack(0xad6ba000,0xad70b000)]
  0x080a9800 JavaThread "Reference Handler" daemon [_thread_blocked, id=5929, stack(0xad70b000,0xad75c000)]
  0x08059c00 JavaThread "main" [_thread_in_native, id=5922, stack(0xb7d66000,0xb7db7000)]

Other Threads:
  0x080a6000 VMThread [stack: 0xad75c000,0xad7dd000] [id=5926]
  0x080dd000 WatcherThread [stack: 0xad423000,0xad4a4000] [id=5943]

VM state:not at safepoint (normal execution)

VM Mutex/Monitor currently owned by a thread: None

Heap
 def new generation   total 960K, used 577K [0xada20000, 0xadb20000, 0xadf00000)
  eden space 896K,  57% used [0xada20000, 0xadaa05e0, 0xadb00000)
  from space 64K, 100% used [0xadb10000, 0xadb20000, 0xadb20000)
  to   space 64K,   0% used [0xadb00000, 0xadb00000, 0xadb10000)
 tenured generation   total 4096K, used 818K [0xadf00000, 0xae300000, 0xb1a20000)
   the space 4096K,  19% used [0xadf00000, 0xadfcc800, 0xadfcc800, 0xae300000)
 compacting perm gen  total 12288K, used 8137K [0xb1a20000, 0xb2620000, 0xb5a20000)
   the space 12288K,  66% used [0xb1a20000, 0xb22126b8, 0xb2212800, 0xb2620000)
No shared spaces configured.

Dynamic libraries:
06000000-0642a000 r-xp 00000000 03:04 21705467   /opt/sun-jdk-1.6.0.10/jre/lib/i386/client/libjvm.so
0642a000-06444000 rwxp 0042a000 03:04 21705467   /opt/sun-jdk-1.6.0.10/jre/lib/i386/client/libjvm.so
06444000-06864000 rwxp 06444000 00:00 0 
08048000-08052000 r-xp 00000000 03:04 42396647   /opt/sun-jdk-1.6.0.10/bin/java
08052000-08053000 rwxp 00009000 03:04 42396647   /opt/sun-jdk-1.6.0.10/bin/java
08053000-08580000 rwxp 08053000 00:00 0          [heap]
ab70c000-ab759000 r-xp 00000000 03:04 30285749   /tmp/QtJambi_school_i386_4.4.3_01_gcc-20080917-0414/plugins/imageformats/libqtiff.so
ab759000-ab75c000 rwxp 0004c000 03:04 30285749   /tmp/QtJambi_school_i386_4.4.3_01_gcc-20080917-0414/plugins/imageformats/libqtiff.so
ab75c000-ab79f000 r-xp 00000000 03:04 16831677   /tmp/QtJambi_school_i386_4.4.3_01_gcc-20080917-0414/lib/libQtXml.so.4
ab79f000-ab7a1000 rwxp 00043000 03:04 16831677   /tmp/QtJambi_school_i386_4.4.3_01_gcc-20080917-0414/lib/libQtXml.so.4
ab7a1000-ab7ef000 r-xp 00000000 03:04 17062775   /tmp/QtJambi_school_i386_4.4.3_01_gcc-20080917-0414/lib/libQtSvg.so.4
ab7ef000-ab7f1000 rwxp 0004d000 03:04 17062775   /tmp/QtJambi_school_i386_4.4.3_01_gcc-20080917-0414/lib/libQtSvg.so.4
ab7f1000-ab83c000 r-xp 00000000 03:04 30285748   /tmp/QtJambi_school_i386_4.4.3_01_gcc-20080917-0414/plugins/imageformats/libqmng.so
ab83c000-ab83e000 rwxp 0004b000 03:04 30285748   /tmp/QtJambi_school_i386_4.4.3_01_gcc-20080917-0414/plugins/imageformats/libqmng.so
ab83e000-ab863000 r-xp 00000000 03:04 30285743   /tmp/QtJambi_school_i386_4.4.3_01_gcc-20080917-0414/plugins/imageformats/libqjpeg.so
ab863000-ab864000 rwxp 00025000 03:04 30285743   /tmp/QtJambi_school_i386_4.4.3_01_gcc-20080917-0414/plugins/imageformats/libqjpeg.so
ab864000-ab86c000 r-xp 00000000 03:04 63823483   /usr/lib/libXcursor.so.1.0.2
ab86c000-ab86d000 r-xp 00007000 03:04 63823483   /usr/lib/libXcursor.so.1.0.2
ab86d000-ab86e000 rwxp 00008000 03:04 63823483   /usr/lib/libXcursor.so.1.0.2
ab876000-ab87a000 r-xp 00000000 03:04 46473002   /usr/share/fonts/75dpi/helvR12.pcf.gz
ab87a000-ab87d000 r-xp 00000000 03:04 30298756   /tmp/QtJambi_school_i386_4.4.3_01_gcc-20080917-0414/plugins/imageformats/libqsvg.so
ab87d000-ab87e000 rwxp 00003000 03:04 30298756   /tmp/QtJambi_school_i386_4.4.3_01_gcc-20080917-0414/plugins/imageformats/libqsvg.so
ab87e000-ab884000 r-xp 00000000 03:04 30285747   /tmp/QtJambi_school_i386_4.4.3_01_gcc-20080917-0414/plugins/imageformats/libqgif.so
ab884000-ab885000 rwxp 00005000 03:04 30285747   /tmp/QtJambi_school_i386_4.4.3_01_gcc-20080917-0414/plugins/imageformats/libqgif.so
ab885000-ab88b000 r-xs 00000000 03:04 8808246    /var/cache/fontconfig/87f5e051180a7a75f16eb6fe7dbd3749-x86.cache-2
ab88b000-ab88d000 r-xs 00000000 03:04 8808251    /var/cache/fontconfig/f55bbeb01d684dc5b5f7b2c347cc42d9-x86.cache-2
ab88d000-ab88f000 r-xs 00000000 03:04 8794660    /var/cache/fontconfig/76fa4b957c916922374347f144bde9da-x86.cache-2
ab88f000-ab894000 r-xs 00000000 03:04 8808249    /var/cache/fontconfig/4460665c0f3e88acdd4c85aa2f409b99-x86.cache-2
ab894000-ab8a1000 r-xs 00000000 03:04 8794668    /var/cache/fontconfig/8d4af663993b81a124ee82e610bb31f9-x86.cache-2
ab8a1000-ab8ae000 r-xs 00000000 03:04 8808253    /var/cache/fontconfig/221fd1126b80b777db535aea535e87ba-x86.cache-2
ab8ae000-ab8b4000 r-xs 00000000 03:04 8794670    /var/cache/fontconfig/12b26b760a24f8b4feb03ad48a333a72-x86.cache-2
ab8b4000-ab8c7000 r-xs 00000000 03:04 8794664    /var/cache/fontconfig/4b5cf4386f1cde02a336ba961b4ac82d-x86.cache-2
ab8c7000-ab8ca000 r-xs 00000000 03:04 8808244    /var/cache/fontconfig/374b958dfa195bf54eaa9332f068d728-x86.cache-2
ab8ca000-ab8cd000 r-xs 00000000 03:04 8808243    /var/cache/fontconfig/d62e99ef547d1d24cdb1bd22ec1a2976-x86.cache-2
ab8cd000-ab8ec000 r-xs 00000000 03:04 8794661    /var/cache/fontconfig/17090aa38d5c6f09fb8c5c354938f1d7-x86.cache-2
ab8ec000-ab90b000 r-xs 00000000 03:04 8808248    /var/cache/fontconfig/df311e82a1a24c41a75c2c930223552e-x86.cache-2
ab90b000-ac2a0000 r-xp 00000000 03:04 17166570   /tmp/QtJambi_school_i386_4.4.3_01_gcc-20080917-0414/lib/libcom_trolltech_qt_gui.so
ac2a0000-ac2ca000 rwxp 00994000 03:04 17166570   /tmp/QtJambi_school_i386_4.4.3_01_gcc-20080917-0414/lib/libcom_trolltech_qt_gui.so
ac2ca000-ac2cd000 rwxp ac2ca000 00:00 0 
ac2cd000-ac2d1000 r-xp 00000000 03:04 46478574   /usr/lib/libXdmcp.so.6.0.0
ac2d1000-ac2d2000 r-xp 00003000 03:04 46478574   /usr/lib/libXdmcp.so.6.0.0
ac2d2000-ac2d3000 rwxp 00004000 03:04 46478574   /usr/lib/libXdmcp.so.6.0.0
ac2d3000-ac2eb000 r-xp 00000000 03:04 9023502    /usr/lib/libxcb.so.1.0.0
ac2eb000-ac2ec000 r-xp 00017000 03:04 9023502    /usr/lib/libxcb.so.1.0.0
ac2ec000-ac2ed000 rwxp 00018000 03:04 9023502    /usr/lib/libxcb.so.1.0.0
ac2ed000-ac2ee000 r-xp 00000000 03:04 9135563    /usr/lib/libxcb-xlib.so.0.0.0
ac2ee000-ac2ef000 r-xp 00000000 03:04 9135563    /usr/lib/libxcb-xlib.so.0.0.0
ac2ef000-ac2f0000 rwxp 00001000 03:04 9135563    /usr/lib/libxcb-xlib.so.0.0.0
ac2f0000-ac30e000 r-xp 00000000 03:04 25223004   /usr/lib/libexpat.so.1.5.2
ac30e000-ac310000 r-xp 0001d000 03:04 25223004   /usr/lib/libexpat.so.1.5.2
ac310000-ac311000 rwxp 0001f000 03:04 25223004   /usr/lib/libexpat.so.1.5.2
ac311000-ac3f6000 r-xp 00000000 03:04 58915075   /usr/lib/libX11.so.6.2.0
ac3f6000-ac3f7000 r-xp 000e4000 03:04 58915075   /usr/lib/libX11.so.6.2.0
ac3f7000-ac3fa000 rwxp 000e5000 03:04 58915075   /usr/lib/libX11.so.6.2.0
ac3fa000-ac407000 r-xp 00000000 03:04 17148808   /usr/lib/libXext.so.6.4.0
ac407000-ac408000 r-xp 0000c000 03:04 17148808   /usr/lib/libXext.so.6.4.0
ac408000-ac409000 rwxp 0000d000 03:04 17148808   /usr/lib/libXext.so.6.4.0
ac409000-ac432000 r-xp 00000000 03:04 34040249   /usr/lib/libfontconfig.so.1.3.0
ac432000-ac433000 r-xp 00029000 03:04 34040249   /usr/lib/libfontconfig.so.1.3.0
ac433000-ac434000 rwxp 0002a000 03:04 34040249   /usr/lib/libfontconfig.so.1.3.0
ac434000-ac4b0000 r-xp 00000000 03:04 25825651   /usr/lib/libfreetype.so.6.3.18
ac4b0000-ac4b4000 r-xp 0007b000 03:04 25825651   /usr/lib/libfreetype.so.6.3.18
ac4b4000-ac4b5000 rwxp 0007f000 03:04 25825651   /usr/lib/libfreetype.so.6.3.18
ac4b5000-ac4bb000 r-xp 00000000 03:04 46469651   /usr/lib/libXrandr.so.2.1.0
ac4bb000-ac4bc000 r-xp 00005000 03:04 46469651   /usr/lib/libXrandr.so.2.1.0
ac4bc000-ac4bd000 rwxp 00006000 03:04 46469651   /usr/lib/libXrandr.so.2.1.0
ac4bd000-ac4c4000 r-xp 00000000 03:04 55009881   /usr/lib/libXrender.so.1.3.0
ac4c4000-ac4c5000 r-xp 00006000 03:04 55009881   /usr/lib/libXrender.so.1.3.0
ac4c5000-ac4c6000 rwxp 00007000 03:04 55009881   /usr/lib/libXrender.so.1.3.0
ac4c6000-ac4cd000 r-xp 00000000 03:04 55009888   /usr/lib/libXi.so.6.0.0
ac4cd000-ac4ce000 r-xp 00006000 03:04 55009888   /usr/lib/libXi.so.6.0.0
ac4ce000-ac4cf000 rwxp 00007000 03:04 55009888   /usr/lib/libXi.so.6.0.0
ac4cf000-ac4e4000 r-xp 00000000 03:04 63762571   /usr/lib/libICE.so.6.3.0
ac4e4000-ac4e5000 r-xp 00014000 03:04 63762571   /usr/lib/libICE.so.6.3.0
ac4e5000-ac4e6000 rwxp 00015000 03:04 63762571   /usr/lib/libICE.so.6.3.0
ac4e6000-ac4e8000 rwxp ac4e6000 00:00 0 
ac4e8000-ac4ef000 r-xp 00000000 03:04 8815339    /usr/lib/libSM.so.6.0.0
ac4ef000-ac4f0000 r-xp 00006000 03:04 8815339    /usr/lib/libSM.so.6.0.0
ac4f0000-ac4f1000 rwxp 00007000 03:04 8815339    /usr/lib/libSM.so.6.0.0
ac4f1000-ac514000 r-xp 00000000 03:04 29747765   /usr/lib/libpng12.so.0.33.0
ac514000-ac515000 r-xp 00022000 03:04 29747765   /usr/lib/libpng12.so.0.33.0
ac515000-ac516000 rwxp 00023000 03:04 29747765   /usr/lib/libpng12.so.0.33.0
ac516000-acdb8000 r-xp 00000000 03:04 16813417   /tmp/QtJambi_school_i386_4.4.3_01_gcc-20080917-0414/lib/libQtGui.so.4
acdb8000-acddd000 rwxp 008a1000 03:04 16813417   /tmp/QtJambi_school_i386_4.4.3_01_gcc-20080917-0414/lib/libQtGui.so.4
acddd000-acdde000 rwxp acddd000 00:00 0 
acdde000-acf46000 r-xp 00000000 03:04 17141407   /tmp/QtJambi_school_i386_4.4.3_01_gcc-20080917-0414/lib/libcom_trolltech_qt_core.so
acf46000-acf4e000 rwxp 00168000 03:04 17141407   /tmp/QtJambi_school_i386_4.4.3_01_gcc-20080917-0414/lib/libcom_trolltech_qt_core.so
acf4e000-acf51000 ---p acf4e000 00:00 0 
acf51000-acf9f000 rwxp acf51000 00:00 0 
acf9f000-acfde000 r-xp 00000000 03:04 17134169   /tmp/QtJambi_school_i386_4.4.3_01_gcc-20080917-0414/lib/libqtjambi.so
acfde000-acfdf000 rwxp 0003f000 03:04 17134169   /tmp/QtJambi_school_i386_4.4.3_01_gcc-20080917-0414/lib/libqtjambi.so
acfdf000-acfe9000 r-xp 00000000 03:04 47040928   /usr/lib/gcc/i686-pc-linux-gnu/4.1.2/libgcc_s.so.1
acfe9000-acfea000 r-xp 00009000 03:04 47040928   /usr/lib/gcc/i686-pc-linux-gnu/4.1.2/libgcc_s.so.1
acfea000-acfeb000 rwxp 0000a000 03:04 47040928   /usr/lib/gcc/i686-pc-linux-gnu/4.1.2/libgcc_s.so.1
acfeb000-ad0c7000 r-xp 00000000 03:04 16813412   /tmp/QtJambi_school_i386_4.4.3_01_gcc-20080917-0414/lib/libstdc++.so.6
ad0c7000-ad0cc000 rwxp 000dc000 03:04 16813412   /tmp/QtJambi_school_i386_4.4.3_01_gcc-20080917-0414/lib/libstdc++.so.6
ad0cc000-ad0d1000 rwxp ad0cc000 00:00 0 
ad0d1000-ad19e000 r-xp 00000000 03:04 17431765   /usr/lib/libglib-2.0.so.0.1600.5
ad19e000-ad19f000 r-xp 000cc000 03:04 17431765   /usr/lib/libglib-2.0.so.0.1600.5
ad19f000-ad1a0000 rwxp 000cd000 03:04 17431765   /usr/lib/libglib-2.0.so.0.1600.5
ad1a0000-ad1a4000 r-xp 00000000 03:04 17261189   /usr/lib/libgthread-2.0.so.0.1600.5
ad1a4000-ad1a5000 r-xp 00003000 03:04 17261189   /usr/lib/libgthread-2.0.so.0.1600.5
ad1a5000-ad1a6000 rwxp 00004000 03:04 17261189   /usr/lib/libgthread-2.0.so.0.1600.5
ad1a6000-ad1b7000 r-xp 00000000 03:04 29562210   /lib/libz.so.1.2.3
ad1b7000-ad1b8000 r-xp 00010000 03:04 29562210   /lib/libz.so.1.2.3
ad1b8000-ad1b9000 rwxp 00011000 03:04 29562210   /lib/libz.so.1.2.3
ad1bb000-ad1bd000 r-xp 00000000 03:04 17148971   /usr/lib/libXinerama.so.1.0.0
ad1bd000-ad1be000 r-xp 00001000 03:04 17148971   /usr/lib/libXinerama.so.1.0.0
ad1be000-ad1bf000 rwxp 00002000 03:04 17148971   /usr/lib/libXinerama.so.1.0.0
ad1bf000-ad1c3000 r-xp 00000000 03:04 50732679   /usr/lib/libXfixes.so.3.1.0
ad1c3000-ad1c4000 r-xp 00003000 03:04 50732679   /usr/lib/libXfixes.so.3.1.0
ad1c4000-ad1c5000 rwxp 00004000 03:04 50732679   /usr/lib/libXfixes.so.3.1.0
ad1c5000-ad1c7000 r-xp 00000000 03:04 55556172   /usr/lib/gconv/UTF-16.so
ad1c7000-ad1c8000 r-xp 00001000 03:04 55556172   /usr/lib/gconv/UTF-16.so
ad1c8000-ad1c9000 rwxp 00002000 03:04 55556172   /usr/lib/gconv/UTF-16.so
ad1c9000-ad1d0000 r-xs 00000000 03:04 58816348   /usr/lib/gconv/gconv-modules.cache
ad1d0000-ad3f7000 r-xp 00000000 03:04 16813415   /tmp/QtJambi_school_i386_4.4.3_01_gcc-20080917-0414/lib/libQtCore.so.4
ad3f7000-ad3ff000 rwxp 00226000 03:04 16813415   /tmp/QtJambi_school_i386_4.4.3_01_gcc-20080917-0414/lib/libQtCore.so.4
ad3ff000-ad400000 rwxp ad3ff000 00:00 0 
ad400000-ad423000 r-xs 00264000 03:04 33612444   /home/binary/prog/qtjambi-linux32-gpl-4.4.3_01/qtjambi-4.4.3_01.jar
ad423000-ad424000 ---p ad423000 00:00 0 
ad424000-ad4a4000 rwxp ad424000 00:00 0 
ad4a4000-ad4a7000 ---p ad4a4000 00:00 0 
ad4a7000-ad4f5000 rwxp ad4a7000 00:00 0 
ad4f5000-ad4f8000 ---p ad4f5000 00:00 0 
ad4f8000-ad576000 rwxp ad4f8000 00:00 0 
ad576000-ad579000 ---p ad576000 00:00 0 
ad579000-ad5c7000 rwxp ad579000 00:00 0 
ad5c7000-ad5ca000 ---p ad5c7000 00:00 0 
ad5ca000-ad618000 rwxp ad5ca000 00:00 0 
ad618000-ad61b000 ---p ad618000 00:00 0 
ad61b000-ad669000 rwxp ad61b000 00:00 0 
ad669000-ad66c000 ---p ad669000 00:00 0 
ad66c000-ad6ba000 rwxp ad66c000 00:00 0 
ad6ba000-ad6bd000 ---p ad6ba000 00:00 0 
ad6bd000-ad70b000 rwxp ad6bd000 00:00 0 
ad70b000-ad70e000 ---p ad70b000 00:00 0 
ad70e000-ad75c000 rwxp ad70e000 00:00 0 
ad75c000-ad75d000 ---p ad75c000 00:00 0 
ad75d000-ad810000 rwxp ad75d000 00:00 0 
ad810000-ad9a0000 r-xs 02eed000 03:04 64917431   /opt/sun-jdk-1.6.0.10/jre/lib/rt.jar
ad9a0000-ad9a7000 rwxp ad9a0000 00:00 0 
ad9a7000-ad9c1000 rwxp ad9a7000 00:00 0 
ad9c1000-ad9c4000 rwxp ad9c1000 00:00 0 
ad9c4000-ad9df000 rwxp ad9c4000 00:00 0 
ad9df000-ad9e0000 rwxp ad9df000 00:00 0 
ad9e0000-ad9e1000 rwxp ad9e0000 00:00 0 
ad9e1000-ad9e4000 rwxp ad9e1000 00:00 0 
ad9e4000-ad9ff000 rwxp ad9e4000 00:00 0 
ad9ff000-ada05000 rwxp ad9ff000 00:00 0 
ada05000-ada1f000 rwxp ada05000 00:00 0 
ada1f000-adb20000 rwxp ada1f000 00:00 0 
adb20000-adf00000 rwxp adb20000 00:00 0 
adf00000-ae300000 rwxp adf00000 00:00 0 
ae300000-b1a20000 rwxp ae300000 00:00 0 
b1a20000-b2620000 rwxp b1a20000 00:00 0 
b2620000-b5a20000 rwxp b2620000 00:00 0 
b5a20000-b5a22000 r-xp 00000000 03:04 811276     /usr/lib/libXau.so.6.0.0
b5a22000-b5a23000 r-xp 00001000 03:04 811276     /usr/lib/libXau.so.6.0.0
b5a23000-b5a24000 rwxp 00002000 03:04 811276     /usr/lib/libXau.so.6.0.0
b5a24000-b5a27000 r-xs 0001b000 03:04 26092000   /home/school/down/junit.jar
b5a27000-b5a2a000 r-xp 00000000 03:04 9878880    /opt/sun-jdk-1.6.0.10/jre/lib/i386/libdt_socket.so
b5a2a000-b5a2b000 rwxp 00003000 03:04 9878880    /opt/sun-jdk-1.6.0.10/jre/lib/i386/libdt_socket.so
b5a2b000-b5a2f000 rwxp b5a2b000 00:00 0 
b5a2f000-b5aab000 rwxp b5a2f000 00:00 0 
b5aab000-b5b9b000 rwxp b5aab000 00:00 0 
b5b9b000-b7aab000 rwxp b5b9b000 00:00 0 
b7aab000-b7aba000 r-xp 00000000 03:04 9878852    /opt/sun-jdk-1.6.0.10/jre/lib/i386/libzip.so
b7aba000-b7abc000 rwxp 0000e000 03:04 9878852    /opt/sun-jdk-1.6.0.10/jre/lib/i386/libzip.so
b7abc000-b7adf000 r-xp 00000000 03:04 9878850    /opt/sun-jdk-1.6.0.10/jre/lib/i386/libjava.so
b7adf000-b7ae1000 rwxp 00023000 03:04 9878850    /opt/sun-jdk-1.6.0.10/jre/lib/i386/libjava.so
b7ae1000-b7ae9000 r-xp 00000000 03:04 29559221   /lib/libnss_files-2.6.1.so
b7ae9000-b7aea000 r-xp 00007000 03:04 29559221   /lib/libnss_files-2.6.1.so
b7aea000-b7aeb000 rwxp 00008000 03:04 29559221   /lib/libnss_files-2.6.1.so
b7aeb000-b7af3000 r-xp 00000000 03:04 29559232   /lib/libnss_nis-2.6.1.so
b7af3000-b7af4000 r-xp 00007000 03:04 29559232   /lib/libnss_nis-2.6.1.so
b7af4000-b7af5000 rwxp 00008000 03:04 29559232   /lib/libnss_nis-2.6.1.so
b7af5000-b7cf5000 r-xp 00000000 03:04 62950962   /usr/lib/locale/locale-archive
b7cf5000-b7d2e000 r-xp 00000000 03:04 9878879    /opt/sun-jdk-1.6.0.10/jre/lib/i386/libjdwp.so
b7d2e000-b7d2f000 rwxp 00039000 03:04 9878879    /opt/sun-jdk-1.6.0.10/jre/lib/i386/libjdwp.so
b7d2f000-b7d42000 r-xp 00000000 03:04 29559231   /lib/libnsl-2.6.1.so
b7d42000-b7d43000 r-xp 00012000 03:04 29559231   /lib/libnsl-2.6.1.so
b7d43000-b7d44000 rwxp 00013000 03:04 29559231   /lib/libnsl-2.6.1.so
b7d44000-b7d46000 rwxp b7d44000 00:00 0 
b7d47000-b7d49000 r-xs 01130000 03:04 33612447   /home/binary/prog/qtjambi-linux32-gpl-4.4.3_01/qtjambi-linux32-gcc-4.4.3_01.jar
b7d49000-b7d54000 r-xp 00000000 03:04 9878849    /opt/sun-jdk-1.6.0.10/jre/lib/i386/libverify.so
b7d54000-b7d55000 rwxp 0000b000 03:04 9878849    /opt/sun-jdk-1.6.0.10/jre/lib/i386/libverify.so
b7d55000-b7d5d000 rwxs 00000000 03:04 10127666   /tmp/hsperfdata_school/5921
b7d5d000-b7d64000 r-xp 00000000 03:04 29559222   /lib/librt-2.6.1.so
b7d64000-b7d65000 r-xp 00006000 03:04 29559222   /lib/librt-2.6.1.so
b7d65000-b7d66000 rwxp 00007000 03:04 29559222   /lib/librt-2.6.1.so
b7d66000-b7d69000 ---p b7d66000 00:00 0 
b7d69000-b7db7000 rwxp b7d69000 00:00 0 
b7db7000-b7ddb000 r-xp 00000000 03:04 29559204   /lib/libm-2.6.1.so
b7ddb000-b7ddc000 r-xp 00023000 03:04 29559204   /lib/libm-2.6.1.so
b7ddc000-b7ddd000 rwxp 00024000 03:04 29559204   /lib/libm-2.6.1.so
b7ddd000-b7dde000 rwxp b7ddd000 00:00 0 
b7dde000-b7f08000 r-xp 00000000 03:04 29559237   /lib/libc-2.6.1.so
b7f08000-b7f0a000 r-xp 0012a000 03:04 29559237   /lib/libc-2.6.1.so
b7f0a000-b7f0b000 rwxp 0012c000 03:04 29559237   /lib/libc-2.6.1.so
b7f0b000-b7f0e000 rwxp b7f0b000 00:00 0 
b7f0e000-b7f10000 r-xp 00000000 03:04 29559206   /lib/libdl-2.6.1.so
b7f10000-b7f11000 r-xp 00001000 03:04 29559206   /lib/libdl-2.6.1.so
b7f11000-b7f12000 rwxp 00002000 03:04 29559206   /lib/libdl-2.6.1.so
b7f12000-b7f19000 r-xp 00000000 03:04 27581465   /opt/sun-jdk-1.6.0.10/jre/lib/i386/jli/libjli.so
b7f19000-b7f1b000 rwxp 00006000 03:04 27581465   /opt/sun-jdk-1.6.0.10/jre/lib/i386/jli/libjli.so
b7f1b000-b7f2e000 r-xp 00000000 03:04 29559236   /lib/libpthread-2.6.1.so
b7f2e000-b7f2f000 r-xp 00013000 03:04 29559236   /lib/libpthread-2.6.1.so
b7f2f000-b7f30000 rwxp 00014000 03:04 29559236   /lib/libpthread-2.6.1.so
b7f30000-b7f32000 rwxp b7f30000 00:00 0 
b7f33000-b7f39000 r-xp 00000000 03:04 29559234   /lib/libnss_compat-2.6.1.so
b7f39000-b7f3a000 r-xp 00005000 03:04 29559234   /lib/libnss_compat-2.6.1.so
b7f3a000-b7f3b000 rwxp 00006000 03:04 29559234   /lib/libnss_compat-2.6.1.so
b7f3b000-b7f3c000 r-xp 0110b000 03:04 62950962   /usr/lib/locale/locale-archive
b7f3c000-b7f3f000 r-xp 00000000 03:04 9878853    /opt/sun-jdk-1.6.0.10/jre/lib/i386/libnpt.so
b7f3f000-b7f40000 rwxp 00002000 03:04 9878853    /opt/sun-jdk-1.6.0.10/jre/lib/i386/libnpt.so
b7f40000-b7f46000 r-xp 00000000 03:04 13431105   /opt/sun-jdk-1.6.0.10/jre/lib/i386/native_threads/libhpi.so
b7f46000-b7f47000 rwxp 00006000 03:04 13431105   /opt/sun-jdk-1.6.0.10/jre/lib/i386/native_threads/libhpi.so
b7f47000-b7f48000 rwxp b7f47000 00:00 0 
b7f48000-b7f49000 r-xp b7f48000 00:00 0 
b7f49000-b7f4a000 rwxp b7f49000 00:00 0 
b7f4a000-b7f64000 r-xp 00000000 03:04 29559257   /lib/ld-2.6.1.so
b7f64000-b7f65000 r-xp 00019000 03:04 29559257   /lib/ld-2.6.1.so
b7f65000-b7f66000 rwxp 0001a000 03:04 29559257   /lib/ld-2.6.1.so
bf851000-bf866000 rwxp bffeb000 00:00 0          [stack]
ffffe000-fffff000 r-xp 00000000 00:00 0          [vdso]

VM Arguments:
jvm_args: -agentlib:jdwp=transport=dt_socket,suspend=y,address=localhost:58648 -Dfile.encoding=UTF-8 
java_command: actua.Applicatie
Launcher Type: SUN_STANDARD

Environment Variables:
JAVA_HOME=/etc/java-config-2/current-system-vm
CLASSPATH=.
PATH=/usr/kde/3.5/bin:/usr/local/bin:/usr/bin:/bin:/opt/bin:/usr/i486-pc-linux-gnu/gcc-bin/4.1.2:/usr/i686-pc-linux-gnu/gcc-bin/4.1.2:/opt/sun-jdk-1.4.2.18/bin:/opt/sun-jdk-1.4.2.18/jre/bin:/opt/sun-jdk-1.4.2.18/jre/javaws:/usr/qt/3/bin:/usr/games/bin
LD_LIBRARY_PATH=/opt/sun-jdk-1.6.0.10/jre/lib/i386/client:/opt/sun-jdk-1.6.0.10/jre/lib/i386:/opt/sun-jdk-1.6.0.10/jre/../lib/i386:/usr/lib/xorg
SHELL=/bin/bash
DISPLAY=:0

Signal Handlers:
SIGSEGV: [libjvm.so+0x3ccf60], sa_mask[0]=0x7ffbfeff, sa_flags=0x10000004
SIGBUS: [libjvm.so+0x3ccf60], sa_mask[0]=0x7ffbfeff, sa_flags=0x10000004
SIGFPE: [libjvm.so+0x30e830], sa_mask[0]=0x7ffbfeff, sa_flags=0x10000004
SIGPIPE: [libjvm.so+0x30e830], sa_mask[0]=0x7ffbfeff, sa_flags=0x10000004
SIGXFSZ: [libjvm.so+0x30e830], sa_mask[0]=0x7ffbfeff, sa_flags=0x10000004
SIGILL: [libjvm.so+0x30e830], sa_mask[0]=0x7ffbfeff, sa_flags=0x10000004
SIGUSR1: SIG_DFL, sa_mask[0]=0x00000000, sa_flags=0x00000000
SIGUSR2: [libjvm.so+0x310d00], sa_mask[0]=0x00000004, sa_flags=0x10000004
SIGHUP: [libjvm.so+0x310aa0], sa_mask[0]=0x7ffbfeff, sa_flags=0x10000004
SIGINT: [libjvm.so+0x310aa0], sa_mask[0]=0x7ffbfeff, sa_flags=0x10000004
SIGTERM: [libjvm.so+0x310aa0], sa_mask[0]=0x7ffbfeff, sa_flags=0x10000004
SIGQUIT: [libjvm.so+0x310aa0], sa_mask[0]=0x7ffbfeff, sa_flags=0x10000004


---------------  S Y S T E M  ---------------

OS:Gentoo Base System release 1.12.11.1

uname:Linux 2.6.25-gentoo-r8 #3 Mon Oct 13 22:41:12 CEST 2008 i686
libc:glibc 2.6.1 NPTL 2.6.1 
rlimit: STACK 8192k, CORE 0k, NPROC 4087, NOFILE 1024, AS infinity
load average:0.53 0.56 0.28

CPU:total 1 (1 cores per cpu, 1 threads per core) family 6 model 10 stepping 0, cmov, cx8, fxsr, mmx, sse, mmxext, 3dnow, 3dnowext

Memory: 4k page, physical 513716k(10952k free), swap 1004052k(1004052k free)

vm_info: Java HotSpot(TM) Client VM (11.0-b15) for linux-x86 JRE (1.6.0_10-b33), built on Sep 26 2008 01:18:27 by "java_re" with gcc 3.2.1-7a (J2SE release)

time: Tue Dec 30 13:25:17 2008
elapsed time: 10 seconds

