#
# An unexpected error has been detected by Java Runtime Environment:
#
#  SIGSEGV (0xb) at pc=0xb7e0fb14, pid=6013, tid=2908982160
#
# Java VM: Java HotSpot(TM) Client VM (11.0-b15 mixed mode linux-x86)
# Problematic frame:
# C  [libc.so.6+0x65b14]
#
# If you would like to submit a bug report, please visit:
#   http://java.sun.com/webapps/bugreport/crash.jsp
#

---------------  T H R E A D  ---------------

Current thread (0x080c5c00):  JavaThread "JDWP Transport Listener: dt_socket" daemon [_thread_in_vm, id=6025, stack(0xad5e8000,0xad639000)]

siginfo:si_signo=SIGSEGV: si_errno=0, si_code=1 (SEGV_MAPERR), si_addr=0xc013fe2c

Registers:
EAX=0x08268cd8, EBX=0xb7ed5ff4, ECX=0x00000001, EDX=0x08268cd8
ESP=0xad637dbc, EBP=0xad637de4, ESI=0xb7ed7150, EDI=0xc013fe28
EIP=0xb7e0fb14, CR2=0xc013fe2c, EFLAGS=0x00010206

Top of Stack: (sp=0xad637dbc)
0xad637dbc:   b7ed714c b7ed7120 b7ed7130 0854b818
0xad637dcc:   b7ed7150 08268cd8 00000020 b7ed5ff4
0xad637ddc:   b7ed7120 00000000 ad637e7c b7e11cf1
0xad637dec:   063a610f 0643d9c4 b7d8204c 00000000
0xad637dfc:   063a602a 00000005 00000005 ad637e48
0xad637e0c:   060b7ab6 ad637e20 b7ed7150 00000001
0xad637e1c:   00000001 00000260 b5a79ebd b5a79588
0xad637e2c:   00000000 b7d80ea0 b7d80e6c ad637e68 

Instructions: (pc=0xb7e0fb14)
0xb7e0fb04:   55 e4 8b 46 04 89 c2 83 e2 fa 89 55 ec 8d 3c 16
0xb7e0fb14:   8b 57 04 83 e2 f8 a8 01 89 55 f0 75 25 8b 06 01 

Stack: [0xad5e8000,0xad639000],  sp=0xad637dbc,  free space=319k
Native frames: (J=compiled Java code, j=interpreted, Vv=VM code, C=native code)
C  [libc.so.6+0x65b14]
C  [libc.so.6+0x67cf1]
C  [libc.so.6+0x6930e]  __libc_malloc+0x7e
V  [libjvm.so+0x30a3ea]
V  [libjvm.so+0x2b0a39]
V  [libjvm.so+0x28fc2b]
C  [libjdwp.so+0x2eed9]
C  [libjdwp.so+0x1feaa]
C  [libjdwp.so+0x20152]
C  [libjdwp.so+0x2040d]
C  [libjdwp.so+0xaaba]
C  [libjdwp.so+0x12fd3]
C  [libjdwp.so+0x27e65]
C  [libjdwp.so+0x28163]
V  [libjvm.so+0x2c654c]
V  [libjvm.so+0x3a01bd]
V  [libjvm.so+0x3108a9]
C  [libpthread.so.0+0x518b]


---------------  P R O C E S S  ---------------

Java Threads: ( => current thread )
  0x0835bc00 JavaThread "Thread-0" daemon [_thread_blocked, id=6039, stack(0xacf1e000,0xacf6f000)]
  0x080db400 JavaThread "Low Memory Detector" daemon [_thread_blocked, id=6032, stack(0xad474000,0xad4c5000)]
  0x080d7000 JavaThread "CompilerThread0" daemon [_thread_blocked, id=6031, stack(0xad4c5000,0xad546000)]
  0x080ca000 JavaThread "JDWP Command Reader" daemon [_thread_in_native, id=6029, stack(0xad546000,0xad597000)]
  0x080c8400 JavaThread "JDWP Event Helper Thread" daemon [_thread_blocked, id=6027, stack(0xad597000,0xad5e8000)]
=>0x080c5c00 JavaThread "JDWP Transport Listener: dt_socket" daemon [_thread_in_vm, id=6025, stack(0xad5e8000,0xad639000)]
  0x080bdc00 JavaThread "Signal Dispatcher" daemon [_thread_blocked, id=6023, stack(0xad639000,0xad68a000)]
  0x080ae400 JavaThread "Finalizer" daemon [_thread_blocked, id=6022, stack(0xad68a000,0xad6db000)]
  0x080a9800 JavaThread "Reference Handler" daemon [_thread_blocked, id=6021, stack(0xad6db000,0xad72c000)]
  0x08059c00 JavaThread "main" [_thread_blocked, id=6014, stack(0xb7d32000,0xb7d83000)]

Other Threads:
  0x080a6000 VMThread [stack: 0xad72c000,0xad7ad000] [id=6020]
  0x080dd000 WatcherThread [stack: 0xad3f3000,0xad474000] [id=6033]

VM state:not at safepoint (normal execution)

VM Mutex/Monitor currently owned by a thread: None

Heap
 def new generation   total 960K, used 580K [0xad9f0000, 0xadaf0000, 0xaded0000)
  eden space 896K,  57% used [0xad9f0000, 0xada71210, 0xadad0000)
  from space 64K, 100% used [0xadae0000, 0xadaf0000, 0xadaf0000)
  to   space 64K,   0% used [0xadad0000, 0xadad0000, 0xadae0000)
 tenured generation   total 4096K, used 817K [0xaded0000, 0xae2d0000, 0xb19f0000)
   the space 4096K,  19% used [0xaded0000, 0xadf9c638, 0xadf9c800, 0xae2d0000)
 compacting perm gen  total 12288K, used 8137K [0xb19f0000, 0xb25f0000, 0xb59f0000)
   the space 12288K,  66% used [0xb19f0000, 0xb21e2738, 0xb21e2800, 0xb25f0000)
No shared spaces configured.

Dynamic libraries:
06000000-0642a000 r-xp 00000000 03:04 21705467   /opt/sun-jdk-1.6.0.10/jre/lib/i386/client/libjvm.so
0642a000-06444000 rwxp 0042a000 03:04 21705467   /opt/sun-jdk-1.6.0.10/jre/lib/i386/client/libjvm.so
06444000-06864000 rwxp 06444000 00:00 0 
08048000-08052000 r-xp 00000000 03:04 42396647   /opt/sun-jdk-1.6.0.10/bin/java
08052000-08053000 rwxp 00009000 03:04 42396647   /opt/sun-jdk-1.6.0.10/bin/java
08053000-08591000 rwxp 08053000 00:00 0          [heap]
ab6d8000-ab725000 r-xp 00000000 03:04 30285749   /tmp/QtJambi_school_i386_4.4.3_01_gcc-20080917-0414/plugins/imageformats/libqtiff.so
ab725000-ab728000 rwxp 0004c000 03:04 30285749   /tmp/QtJambi_school_i386_4.4.3_01_gcc-20080917-0414/plugins/imageformats/libqtiff.so
ab728000-ab76b000 r-xp 00000000 03:04 16831677   /tmp/QtJambi_school_i386_4.4.3_01_gcc-20080917-0414/lib/libQtXml.so.4
ab76b000-ab76d000 rwxp 00043000 03:04 16831677   /tmp/QtJambi_school_i386_4.4.3_01_gcc-20080917-0414/lib/libQtXml.so.4
ab76d000-ab7bb000 r-xp 00000000 03:04 17062775   /tmp/QtJambi_school_i386_4.4.3_01_gcc-20080917-0414/lib/libQtSvg.so.4
ab7bb000-ab7bd000 rwxp 0004d000 03:04 17062775   /tmp/QtJambi_school_i386_4.4.3_01_gcc-20080917-0414/lib/libQtSvg.so.4
ab7bd000-ab808000 r-xp 00000000 03:04 30285748   /tmp/QtJambi_school_i386_4.4.3_01_gcc-20080917-0414/plugins/imageformats/libqmng.so
ab808000-ab80a000 rwxp 0004b000 03:04 30285748   /tmp/QtJambi_school_i386_4.4.3_01_gcc-20080917-0414/plugins/imageformats/libqmng.so
ab80a000-ab82f000 r-xp 00000000 03:04 30285743   /tmp/QtJambi_school_i386_4.4.3_01_gcc-20080917-0414/plugins/imageformats/libqjpeg.so
ab82f000-ab830000 rwxp 00025000 03:04 30285743   /tmp/QtJambi_school_i386_4.4.3_01_gcc-20080917-0414/plugins/imageformats/libqjpeg.so
ab830000-ab838000 r-xp 00000000 03:04 63823483   /usr/lib/libXcursor.so.1.0.2
ab838000-ab839000 r-xp 00007000 03:04 63823483   /usr/lib/libXcursor.so.1.0.2
ab839000-ab83a000 rwxp 00008000 03:04 63823483   /usr/lib/libXcursor.so.1.0.2
ab842000-ab846000 r-xp 00000000 03:04 46473002   /usr/share/fonts/75dpi/helvR12.pcf.gz
ab846000-ab849000 r-xp 00000000 03:04 30298756   /tmp/QtJambi_school_i386_4.4.3_01_gcc-20080917-0414/plugins/imageformats/libqsvg.so
ab849000-ab84a000 rwxp 00003000 03:04 30298756   /tmp/QtJambi_school_i386_4.4.3_01_gcc-20080917-0414/plugins/imageformats/libqsvg.so
ab84a000-ab850000 r-xp 00000000 03:04 30285747   /tmp/QtJambi_school_i386_4.4.3_01_gcc-20080917-0414/plugins/imageformats/libqgif.so
ab850000-ab851000 rwxp 00005000 03:04 30285747   /tmp/QtJambi_school_i386_4.4.3_01_gcc-20080917-0414/plugins/imageformats/libqgif.so
ab851000-ab857000 r-xs 00000000 03:04 8808246    /var/cache/fontconfig/87f5e051180a7a75f16eb6fe7dbd3749-x86.cache-2
ab857000-ab859000 r-xs 00000000 03:04 8808251    /var/cache/fontconfig/f55bbeb01d684dc5b5f7b2c347cc42d9-x86.cache-2
ab859000-ab85b000 r-xs 00000000 03:04 8794660    /var/cache/fontconfig/76fa4b957c916922374347f144bde9da-x86.cache-2
ab85b000-ab860000 r-xs 00000000 03:04 8808249    /var/cache/fontconfig/4460665c0f3e88acdd4c85aa2f409b99-x86.cache-2
ab860000-ab86d000 r-xs 00000000 03:04 8794668    /var/cache/fontconfig/8d4af663993b81a124ee82e610bb31f9-x86.cache-2
ab86d000-ab87a000 r-xs 00000000 03:04 8808253    /var/cache/fontconfig/221fd1126b80b777db535aea535e87ba-x86.cache-2
ab87a000-ab880000 r-xs 00000000 03:04 8794670    /var/cache/fontconfig/12b26b760a24f8b4feb03ad48a333a72-x86.cache-2
ab880000-ab893000 r-xs 00000000 03:04 8794664    /var/cache/fontconfig/4b5cf4386f1cde02a336ba961b4ac82d-x86.cache-2
ab893000-ab896000 r-xs 00000000 03:04 8808244    /var/cache/fontconfig/374b958dfa195bf54eaa9332f068d728-x86.cache-2
ab896000-ab899000 r-xs 00000000 03:04 8808243    /var/cache/fontconfig/d62e99ef547d1d24cdb1bd22ec1a2976-x86.cache-2
ab899000-ab8b8000 r-xs 00000000 03:04 8794661    /var/cache/fontconfig/17090aa38d5c6f09fb8c5c354938f1d7-x86.cache-2
ab8b8000-ab8d7000 r-xs 00000000 03:04 8808248    /var/cache/fontconfig/df311e82a1a24c41a75c2c930223552e-x86.cache-2
ab8d7000-ac26c000 r-xp 00000000 03:04 17166570   /tmp/QtJambi_school_i386_4.4.3_01_gcc-20080917-0414/lib/libcom_trolltech_qt_gui.so
ac26c000-ac296000 rwxp 00994000 03:04 17166570   /tmp/QtJambi_school_i386_4.4.3_01_gcc-20080917-0414/lib/libcom_trolltech_qt_gui.so
ac296000-ac299000 rwxp ac296000 00:00 0 
ac299000-ac29d000 r-xp 00000000 03:04 46478574   /usr/lib/libXdmcp.so.6.0.0
ac29d000-ac29e000 r-xp 00003000 03:04 46478574   /usr/lib/libXdmcp.so.6.0.0
ac29e000-ac29f000 rwxp 00004000 03:04 46478574   /usr/lib/libXdmcp.so.6.0.0
ac29f000-ac2b7000 r-xp 00000000 03:04 9023502    /usr/lib/libxcb.so.1.0.0
ac2b7000-ac2b8000 r-xp 00017000 03:04 9023502    /usr/lib/libxcb.so.1.0.0
ac2b8000-ac2b9000 rwxp 00018000 03:04 9023502    /usr/lib/libxcb.so.1.0.0
ac2b9000-ac2ba000 r-xp 00000000 03:04 9135563    /usr/lib/libxcb-xlib.so.0.0.0
ac2ba000-ac2bb000 r-xp 00000000 03:04 9135563    /usr/lib/libxcb-xlib.so.0.0.0
ac2bb000-ac2bc000 rwxp 00001000 03:04 9135563    /usr/lib/libxcb-xlib.so.0.0.0
ac2bc000-ac2be000 r-xp 00000000 03:04 811276     /usr/lib/libXau.so.6.0.0
ac2be000-ac2bf000 r-xp 00001000 03:04 811276     /usr/lib/libXau.so.6.0.0
ac2bf000-ac2c0000 rwxp 00002000 03:04 811276     /usr/lib/libXau.so.6.0.0
ac2c0000-ac2de000 r-xp 00000000 03:04 25223004   /usr/lib/libexpat.so.1.5.2
ac2de000-ac2e0000 r-xp 0001d000 03:04 25223004   /usr/lib/libexpat.so.1.5.2
ac2e0000-ac2e1000 rwxp 0001f000 03:04 25223004   /usr/lib/libexpat.so.1.5.2
ac2e1000-ac3c6000 r-xp 00000000 03:04 58915075   /usr/lib/libX11.so.6.2.0
ac3c6000-ac3c7000 r-xp 000e4000 03:04 58915075   /usr/lib/libX11.so.6.2.0
ac3c7000-ac3ca000 rwxp 000e5000 03:04 58915075   /usr/lib/libX11.so.6.2.0
ac3ca000-ac3d7000 r-xp 00000000 03:04 17148808   /usr/lib/libXext.so.6.4.0
ac3d7000-ac3d8000 r-xp 0000c000 03:04 17148808   /usr/lib/libXext.so.6.4.0
ac3d8000-ac3d9000 rwxp 0000d000 03:04 17148808   /usr/lib/libXext.so.6.4.0
ac3d9000-ac402000 r-xp 00000000 03:04 34040249   /usr/lib/libfontconfig.so.1.3.0
ac402000-ac403000 r-xp 00029000 03:04 34040249   /usr/lib/libfontconfig.so.1.3.0
ac403000-ac404000 rwxp 0002a000 03:04 34040249   /usr/lib/libfontconfig.so.1.3.0
ac404000-ac480000 r-xp 00000000 03:04 25825651   /usr/lib/libfreetype.so.6.3.18
ac480000-ac484000 r-xp 0007b000 03:04 25825651   /usr/lib/libfreetype.so.6.3.18
ac484000-ac485000 rwxp 0007f000 03:04 25825651   /usr/lib/libfreetype.so.6.3.18
ac485000-ac48b000 r-xp 00000000 03:04 46469651   /usr/lib/libXrandr.so.2.1.0
ac48b000-ac48c000 r-xp 00005000 03:04 46469651   /usr/lib/libXrandr.so.2.1.0
ac48c000-ac48d000 rwxp 00006000 03:04 46469651   /usr/lib/libXrandr.so.2.1.0
ac48d000-ac494000 r-xp 00000000 03:04 55009881   /usr/lib/libXrender.so.1.3.0
ac494000-ac495000 r-xp 00006000 03:04 55009881   /usr/lib/libXrender.so.1.3.0
ac495000-ac496000 rwxp 00007000 03:04 55009881   /usr/lib/libXrender.so.1.3.0
ac496000-ac49d000 r-xp 00000000 03:04 55009888   /usr/lib/libXi.so.6.0.0
ac49d000-ac49e000 r-xp 00006000 03:04 55009888   /usr/lib/libXi.so.6.0.0
ac49e000-ac49f000 rwxp 00007000 03:04 55009888   /usr/lib/libXi.so.6.0.0
ac49f000-ac4b4000 r-xp 00000000 03:04 63762571   /usr/lib/libICE.so.6.3.0
ac4b4000-ac4b5000 r-xp 00014000 03:04 63762571   /usr/lib/libICE.so.6.3.0
ac4b5000-ac4b6000 rwxp 00015000 03:04 63762571   /usr/lib/libICE.so.6.3.0
ac4b6000-ac4b8000 rwxp ac4b6000 00:00 0 
ac4b8000-ac4bf000 r-xp 00000000 03:04 8815339    /usr/lib/libSM.so.6.0.0
ac4bf000-ac4c0000 r-xp 00006000 03:04 8815339    /usr/lib/libSM.so.6.0.0
ac4c0000-ac4c1000 rwxp 00007000 03:04 8815339    /usr/lib/libSM.so.6.0.0
ac4c1000-ac4e4000 r-xp 00000000 03:04 29747765   /usr/lib/libpng12.so.0.33.0
ac4e4000-ac4e5000 r-xp 00022000 03:04 29747765   /usr/lib/libpng12.so.0.33.0
ac4e5000-ac4e6000 rwxp 00023000 03:04 29747765   /usr/lib/libpng12.so.0.33.0
ac4e6000-acd88000 r-xp 00000000 03:04 16813417   /tmp/QtJambi_school_i386_4.4.3_01_gcc-20080917-0414/lib/libQtGui.so.4
acd88000-acdad000 rwxp 008a1000 03:04 16813417   /tmp/QtJambi_school_i386_4.4.3_01_gcc-20080917-0414/lib/libQtGui.so.4
acdad000-acdae000 rwxp acdad000 00:00 0 
acdae000-acf16000 r-xp 00000000 03:04 17141407   /tmp/QtJambi_school_i386_4.4.3_01_gcc-20080917-0414/lib/libcom_trolltech_qt_core.so
acf16000-acf1e000 rwxp 00168000 03:04 17141407   /tmp/QtJambi_school_i386_4.4.3_01_gcc-20080917-0414/lib/libcom_trolltech_qt_core.so
acf1e000-acf21000 ---p acf1e000 00:00 0 
acf21000-acf6f000 rwxp acf21000 00:00 0 
acf6f000-acfae000 r-xp 00000000 03:04 17134169   /tmp/QtJambi_school_i386_4.4.3_01_gcc-20080917-0414/lib/libqtjambi.so
acfae000-acfaf000 rwxp 0003f000 03:04 17134169   /tmp/QtJambi_school_i386_4.4.3_01_gcc-20080917-0414/lib/libqtjambi.so
acfaf000-acfb9000 r-xp 00000000 03:04 47040928   /usr/lib/gcc/i686-pc-linux-gnu/4.1.2/libgcc_s.so.1
acfb9000-acfba000 r-xp 00009000 03:04 47040928   /usr/lib/gcc/i686-pc-linux-gnu/4.1.2/libgcc_s.so.1
acfba000-acfbb000 rwxp 0000a000 03:04 47040928   /usr/lib/gcc/i686-pc-linux-gnu/4.1.2/libgcc_s.so.1
acfbb000-ad097000 r-xp 00000000 03:04 16813412   /tmp/QtJambi_school_i386_4.4.3_01_gcc-20080917-0414/lib/libstdc++.so.6
ad097000-ad09c000 rwxp 000dc000 03:04 16813412   /tmp/QtJambi_school_i386_4.4.3_01_gcc-20080917-0414/lib/libstdc++.so.6
ad09c000-ad0a1000 rwxp ad09c000 00:00 0 
ad0a1000-ad16e000 r-xp 00000000 03:04 17431765   /usr/lib/libglib-2.0.so.0.1600.5
ad16e000-ad16f000 r-xp 000cc000 03:04 17431765   /usr/lib/libglib-2.0.so.0.1600.5
ad16f000-ad170000 rwxp 000cd000 03:04 17431765   /usr/lib/libglib-2.0.so.0.1600.5
ad170000-ad174000 r-xp 00000000 03:04 17261189   /usr/lib/libgthread-2.0.so.0.1600.5
ad174000-ad175000 r-xp 00003000 03:04 17261189   /usr/lib/libgthread-2.0.so.0.1600.5
ad175000-ad176000 rwxp 00004000 03:04 17261189   /usr/lib/libgthread-2.0.so.0.1600.5
ad176000-ad187000 r-xp 00000000 03:04 29562210   /lib/libz.so.1.2.3
ad187000-ad188000 r-xp 00010000 03:04 29562210   /lib/libz.so.1.2.3
ad188000-ad189000 rwxp 00011000 03:04 29562210   /lib/libz.so.1.2.3
ad18b000-ad18d000 r-xp 00000000 03:04 17148971   /usr/lib/libXinerama.so.1.0.0
ad18d000-ad18e000 r-xp 00001000 03:04 17148971   /usr/lib/libXinerama.so.1.0.0
ad18e000-ad18f000 rwxp 00002000 03:04 17148971   /usr/lib/libXinerama.so.1.0.0
ad18f000-ad193000 r-xp 00000000 03:04 50732679   /usr/lib/libXfixes.so.3.1.0
ad193000-ad194000 r-xp 00003000 03:04 50732679   /usr/lib/libXfixes.so.3.1.0
ad194000-ad195000 rwxp 00004000 03:04 50732679   /usr/lib/libXfixes.so.3.1.0
ad195000-ad197000 r-xp 00000000 03:04 55556172   /usr/lib/gconv/UTF-16.so
ad197000-ad198000 r-xp 00001000 03:04 55556172   /usr/lib/gconv/UTF-16.so
ad198000-ad199000 rwxp 00002000 03:04 55556172   /usr/lib/gconv/UTF-16.so
ad199000-ad1a0000 r-xs 00000000 03:04 58816348   /usr/lib/gconv/gconv-modules.cache
ad1a0000-ad3c7000 r-xp 00000000 03:04 16813415   /tmp/QtJambi_school_i386_4.4.3_01_gcc-20080917-0414/lib/libQtCore.so.4
ad3c7000-ad3cf000 rwxp 00226000 03:04 16813415   /tmp/QtJambi_school_i386_4.4.3_01_gcc-20080917-0414/lib/libQtCore.so.4
ad3cf000-ad3d0000 rwxp ad3cf000 00:00 0 
ad3d0000-ad3f3000 r-xs 00264000 03:04 33612444   /home/binary/prog/qtjambi-linux32-gpl-4.4.3_01/qtjambi-4.4.3_01.jar
ad3f3000-ad3f4000 ---p ad3f3000 00:00 0 
ad3f4000-ad474000 rwxp ad3f4000 00:00 0 
ad474000-ad477000 ---p ad474000 00:00 0 
ad477000-ad4c5000 rwxp ad477000 00:00 0 
ad4c5000-ad4c8000 ---p ad4c5000 00:00 0 
ad4c8000-ad546000 rwxp ad4c8000 00:00 0 
ad546000-ad549000 ---p ad546000 00:00 0 
ad549000-ad597000 rwxp ad549000 00:00 0 
ad597000-ad59a000 ---p ad597000 00:00 0 
ad59a000-ad5e8000 rwxp ad59a000 00:00 0 
ad5e8000-ad5eb000 ---p ad5e8000 00:00 0 
ad5eb000-ad639000 rwxp ad5eb000 00:00 0 
ad639000-ad63c000 ---p ad639000 00:00 0 
ad63c000-ad68a000 rwxp ad63c000 00:00 0 
ad68a000-ad68d000 ---p ad68a000 00:00 0 
ad68d000-ad6db000 rwxp ad68d000 00:00 0 
ad6db000-ad6de000 ---p ad6db000 00:00 0 
ad6de000-ad72c000 rwxp ad6de000 00:00 0 
ad72c000-ad72d000 ---p ad72c000 00:00 0 
ad72d000-ad7e0000 rwxp ad72d000 00:00 0 
ad7e0000-ad970000 r-xs 02eed000 03:04 64917431   /opt/sun-jdk-1.6.0.10/jre/lib/rt.jar
ad970000-ad977000 rwxp ad970000 00:00 0 
ad977000-ad991000 rwxp ad977000 00:00 0 
ad991000-ad994000 rwxp ad991000 00:00 0 
ad994000-ad9af000 rwxp ad994000 00:00 0 
ad9af000-ad9b0000 rwxp ad9af000 00:00 0 
ad9b0000-ad9b1000 rwxp ad9b0000 00:00 0 
ad9b1000-ad9b4000 rwxp ad9b1000 00:00 0 
ad9b4000-ad9cf000 rwxp ad9b4000 00:00 0 
ad9cf000-ad9d5000 rwxp ad9cf000 00:00 0 
ad9d5000-ad9ef000 rwxp ad9d5000 00:00 0 
ad9ef000-adaf0000 rwxp ad9ef000 00:00 0 
adaf0000-aded0000 rwxp adaf0000 00:00 0 
aded0000-ae2d0000 rwxp aded0000 00:00 0 
ae2d0000-b19f0000 rwxp ae2d0000 00:00 0 
b19f0000-b25f0000 rwxp b19f0000 00:00 0 
b25f0000-b59f0000 rwxp b25f0000 00:00 0 
b59f0000-b59f3000 r-xs 0001b000 03:04 26092000   /home/school/down/junit.jar
b59f3000-b59f6000 r-xp 00000000 03:04 9878880    /opt/sun-jdk-1.6.0.10/jre/lib/i386/libdt_socket.so
b59f6000-b59f7000 rwxp 00003000 03:04 9878880    /opt/sun-jdk-1.6.0.10/jre/lib/i386/libdt_socket.so
b59f7000-b59fb000 rwxp b59f7000 00:00 0 
b59fb000-b5a77000 rwxp b59fb000 00:00 0 
b5a77000-b5b6f000 rwxp b5a77000 00:00 0 
b5b6f000-b7a77000 rwxp b5b6f000 00:00 0 
b7a77000-b7a86000 r-xp 00000000 03:04 9878852    /opt/sun-jdk-1.6.0.10/jre/lib/i386/libzip.so
b7a86000-b7a88000 rwxp 0000e000 03:04 9878852    /opt/sun-jdk-1.6.0.10/jre/lib/i386/libzip.so
b7a88000-b7aab000 r-xp 00000000 03:04 9878850    /opt/sun-jdk-1.6.0.10/jre/lib/i386/libjava.so
b7aab000-b7aad000 rwxp 00023000 03:04 9878850    /opt/sun-jdk-1.6.0.10/jre/lib/i386/libjava.so
b7aad000-b7ab5000 r-xp 00000000 03:04 29559221   /lib/libnss_files-2.6.1.so
b7ab5000-b7ab6000 r-xp 00007000 03:04 29559221   /lib/libnss_files-2.6.1.so
b7ab6000-b7ab7000 rwxp 00008000 03:04 29559221   /lib/libnss_files-2.6.1.so
b7ab7000-b7abf000 r-xp 00000000 03:04 29559232   /lib/libnss_nis-2.6.1.so
b7abf000-b7ac0000 r-xp 00007000 03:04 29559232   /lib/libnss_nis-2.6.1.so
b7ac0000-b7ac1000 rwxp 00008000 03:04 29559232   /lib/libnss_nis-2.6.1.so
b7ac1000-b7cc1000 r-xp 00000000 03:04 62950962   /usr/lib/locale/locale-archive
b7cc1000-b7cfa000 r-xp 00000000 03:04 9878879    /opt/sun-jdk-1.6.0.10/jre/lib/i386/libjdwp.so
b7cfa000-b7cfb000 rwxp 00039000 03:04 9878879    /opt/sun-jdk-1.6.0.10/jre/lib/i386/libjdwp.so
b7cfb000-b7d0e000 r-xp 00000000 03:04 29559231   /lib/libnsl-2.6.1.so
b7d0e000-b7d0f000 r-xp 00012000 03:04 29559231   /lib/libnsl-2.6.1.so
b7d0f000-b7d10000 rwxp 00013000 03:04 29559231   /lib/libnsl-2.6.1.so
b7d10000-b7d12000 rwxp b7d10000 00:00 0 
b7d13000-b7d15000 r-xs 01130000 03:04 33612447   /home/binary/prog/qtjambi-linux32-gpl-4.4.3_01/qtjambi-linux32-gcc-4.4.3_01.jar
b7d15000-b7d20000 r-xp 00000000 03:04 9878849    /opt/sun-jdk-1.6.0.10/jre/lib/i386/libverify.so
b7d20000-b7d21000 rwxp 0000b000 03:04 9878849    /opt/sun-jdk-1.6.0.10/jre/lib/i386/libverify.so
b7d21000-b7d29000 rwxs 00000000 03:04 10127666   /tmp/hsperfdata_school/6013
b7d29000-b7d30000 r-xp 00000000 03:04 29559222   /lib/librt-2.6.1.so
b7d30000-b7d31000 r-xp 00006000 03:04 29559222   /lib/librt-2.6.1.so
b7d31000-b7d32000 rwxp 00007000 03:04 29559222   /lib/librt-2.6.1.so
b7d32000-b7d35000 ---p b7d32000 00:00 0 
b7d35000-b7d83000 rwxp b7d35000 00:00 0 
b7d83000-b7da7000 r-xp 00000000 03:04 29559204   /lib/libm-2.6.1.so
b7da7000-b7da8000 r-xp 00023000 03:04 29559204   /lib/libm-2.6.1.so
b7da8000-b7da9000 rwxp 00024000 03:04 29559204   /lib/libm-2.6.1.so
b7da9000-b7daa000 rwxp b7da9000 00:00 0 
b7daa000-b7ed4000 r-xp 00000000 03:04 29559237   /lib/libc-2.6.1.so
b7ed4000-b7ed6000 r-xp 0012a000 03:04 29559237   /lib/libc-2.6.1.so
b7ed6000-b7ed7000 rwxp 0012c000 03:04 29559237   /lib/libc-2.6.1.so
b7ed7000-b7eda000 rwxp b7ed7000 00:00 0 
b7eda000-b7edc000 r-xp 00000000 03:04 29559206   /lib/libdl-2.6.1.so
b7edc000-b7edd000 r-xp 00001000 03:04 29559206   /lib/libdl-2.6.1.so
b7edd000-b7ede000 rwxp 00002000 03:04 29559206   /lib/libdl-2.6.1.so
b7ede000-b7ee5000 r-xp 00000000 03:04 27581465   /opt/sun-jdk-1.6.0.10/jre/lib/i386/jli/libjli.so
b7ee5000-b7ee7000 rwxp 00006000 03:04 27581465   /opt/sun-jdk-1.6.0.10/jre/lib/i386/jli/libjli.so
b7ee7000-b7efa000 r-xp 00000000 03:04 29559236   /lib/libpthread-2.6.1.so
b7efa000-b7efb000 r-xp 00013000 03:04 29559236   /lib/libpthread-2.6.1.so
b7efb000-b7efc000 rwxp 00014000 03:04 29559236   /lib/libpthread-2.6.1.so
b7efc000-b7efe000 rwxp b7efc000 00:00 0 
b7eff000-b7f05000 r-xp 00000000 03:04 29559234   /lib/libnss_compat-2.6.1.so
b7f05000-b7f06000 r-xp 00005000 03:04 29559234   /lib/libnss_compat-2.6.1.so
b7f06000-b7f07000 rwxp 00006000 03:04 29559234   /lib/libnss_compat-2.6.1.so
b7f07000-b7f08000 r-xp 0110b000 03:04 62950962   /usr/lib/locale/locale-archive
b7f08000-b7f0b000 r-xp 00000000 03:04 9878853    /opt/sun-jdk-1.6.0.10/jre/lib/i386/libnpt.so
b7f0b000-b7f0c000 rwxp 00002000 03:04 9878853    /opt/sun-jdk-1.6.0.10/jre/lib/i386/libnpt.so
b7f0c000-b7f12000 r-xp 00000000 03:04 13431105   /opt/sun-jdk-1.6.0.10/jre/lib/i386/native_threads/libhpi.so
b7f12000-b7f13000 rwxp 00006000 03:04 13431105   /opt/sun-jdk-1.6.0.10/jre/lib/i386/native_threads/libhpi.so
b7f13000-b7f14000 rwxp b7f13000 00:00 0 
b7f14000-b7f15000 r-xp b7f14000 00:00 0 
b7f15000-b7f16000 rwxp b7f15000 00:00 0 
b7f16000-b7f30000 r-xp 00000000 03:04 29559257   /lib/ld-2.6.1.so
b7f30000-b7f31000 r-xp 00019000 03:04 29559257   /lib/ld-2.6.1.so
b7f31000-b7f32000 rwxp 0001a000 03:04 29559257   /lib/ld-2.6.1.so
bfe1d000-bfe32000 rwxp bffeb000 00:00 0          [stack]
ffffe000-fffff000 r-xp 00000000 00:00 0          [vdso]

VM Arguments:
jvm_args: -agentlib:jdwp=transport=dt_socket,suspend=y,address=localhost:41142 -Dfile.encoding=UTF-8 
java_command: actua.Applicatie
Launcher Type: SUN_STANDARD

Environment Variables:
JAVA_HOME=/etc/java-config-2/current-system-vm
CLASSPATH=.
PATH=/usr/kde/3.5/bin:/usr/local/bin:/usr/bin:/bin:/opt/bin:/usr/i486-pc-linux-gnu/gcc-bin/4.1.2:/usr/i686-pc-linux-gnu/gcc-bin/4.1.2:/opt/sun-jdk-1.4.2.18/bin:/opt/sun-jdk-1.4.2.18/jre/bin:/opt/sun-jdk-1.4.2.18/jre/javaws:/usr/qt/3/bin:/usr/games/bin
LD_LIBRARY_PATH=/opt/sun-jdk-1.6.0.10/jre/lib/i386/client:/opt/sun-jdk-1.6.0.10/jre/lib/i386:/opt/sun-jdk-1.6.0.10/jre/../lib/i386:/usr/lib/xorg
SHELL=/bin/bash
DISPLAY=:0

Signal Handlers:
SIGSEGV: [libjvm.so+0x3ccf60], sa_mask[0]=0x7ffbfeff, sa_flags=0x10000004
SIGBUS: [libjvm.so+0x3ccf60], sa_mask[0]=0x7ffbfeff, sa_flags=0x10000004
SIGFPE: [libjvm.so+0x30e830], sa_mask[0]=0x7ffbfeff, sa_flags=0x10000004
SIGPIPE: [libjvm.so+0x30e830], sa_mask[0]=0x7ffbfeff, sa_flags=0x10000004
SIGXFSZ: [libjvm.so+0x30e830], sa_mask[0]=0x7ffbfeff, sa_flags=0x10000004
SIGILL: [libjvm.so+0x30e830], sa_mask[0]=0x7ffbfeff, sa_flags=0x10000004
SIGUSR1: SIG_DFL, sa_mask[0]=0x00000000, sa_flags=0x00000000
SIGUSR2: [libjvm.so+0x310d00], sa_mask[0]=0x00000004, sa_flags=0x10000004
SIGHUP: [libjvm.so+0x310aa0], sa_mask[0]=0x7ffbfeff, sa_flags=0x10000004
SIGINT: [libjvm.so+0x310aa0], sa_mask[0]=0x7ffbfeff, sa_flags=0x10000004
SIGTERM: [libjvm.so+0x310aa0], sa_mask[0]=0x7ffbfeff, sa_flags=0x10000004
SIGQUIT: [libjvm.so+0x310aa0], sa_mask[0]=0x7ffbfeff, sa_flags=0x10000004


---------------  S Y S T E M  ---------------

OS:Gentoo Base System release 1.12.11.1

uname:Linux 2.6.25-gentoo-r8 #3 Mon Oct 13 22:41:12 CEST 2008 i686
libc:glibc 2.6.1 NPTL 2.6.1 
rlimit: STACK 8192k, CORE 0k, NPROC 4087, NOFILE 1024, AS infinity
load average:0.49 0.56 0.30

CPU:total 1 (1 cores per cpu, 1 threads per core) family 6 model 10 stepping 0, cmov, cx8, fxsr, mmx, sse, mmxext, 3dnow, 3dnowext

Memory: 4k page, physical 513716k(6560k free), swap 1004052k(1004048k free)

vm_info: Java HotSpot(TM) Client VM (11.0-b15) for linux-x86 JRE (1.6.0_10-b33), built on Sep 26 2008 01:18:27 by "java_re" with gcc 3.2.1-7a (J2SE release)

time: Tue Dec 30 13:27:00 2008
elapsed time: 45 seconds

