#
# An unexpected error has been detected by Java Runtime Environment:
#
#  SIGSEGV (0xb) at pc=0xad036dfd, pid=9679, tid=2876816272
#
# Java VM: Java HotSpot(TM) Client VM (11.0-b15 mixed mode linux-x86)
# Problematic frame:
# C  [libqtjambi.so+0x17dfd]  _Z19qtjambi_from_threadP7JNIEnv_P7QThread+0x2d
#
# If you would like to submit a bug report, please visit:
#   http://java.sun.com/webapps/bugreport/crash.jsp
# The crash happened outside the Java Virtual Machine in native code.
# See problematic frame for where to report the bug.
#

---------------  T H R E A D  ---------------

Current thread (0x08381800):  JavaThread "Thread-1" [_thread_in_native, id=10344, stack(0xab73b000,0xab78c000)]

siginfo:si_signo=SIGSEGV: si_errno=0, si_code=1 (SEGV_MAPERR), si_addr=0x00000000

Registers:
EAX=0x00000000, EBX=0xad05e210, ECX=0x08392174, EDX=0x08453270
ESP=0xab78adf8, EBP=0xab78ae10, ESI=0x00000000, EDI=0x08381800
EIP=0xad036dfd, CR2=0x00000000, EFLAGS=0x00010202

Top of Stack: (sp=0xab78adf8)
0xab78adf8:   083921ac 000000b3 00000007 00000000
0xab78ae08:   acfc65b4 adfdbef0 ab78ae30 acf43175
0xab78ae18:   08381914 08399558 ab78aebc acf4314a
0xab78ae28:   0847e0f8 00000000 ab78ae58 b5c0c512
0xab78ae38:   08381914 ab78ae48 0847e0f8 00000000
0xab78ae48:   adfdbef0 083921ac 00000005 ab78aebc
0xab78ae58:   ab78aea8 b5c0bfd9 0847e0f8 00000000
0xab78ae68:   084668e0 08466ccc 08381800 08381800 

Instructions: (pc=0xad036dfd)
0xad036ded:   f4 85 c0 74 04 a8 01 74 6a e8 c5 f4 ff ff 89 c6
0xad036dfd:   8b 00 8b 40 0c 85 c0 75 3a 31 f6 8b 45 f4 85 c0 

Stack: [0xab73b000,0xab78c000],  sp=0xab78adf8,  free space=319k
Native frames: (J=compiled Java code, j=interpreted, Vv=VM code, C=native code)
C  [libqtjambi.so+0x17dfd]  _Z19qtjambi_from_threadP7JNIEnv_P7QThread+0x2d
C  [libcom_trolltech_qt_core.so+0xe5175]  Java_com_trolltech_qt_core_QObject__1_1qt_1thread__J+0x35
J  com.trolltech.qt.core.QObject.__qt_thread(J)Ljava/lang/Thread;
J  com.trolltech.qt.core.QObject.thread()Ljava/lang/Thread;
j  com.trolltech.qt.QtJambi_LibraryShutdown.run()V+21
j  java.lang.Thread.run()V+11
v  ~StubRoutines::call_stub
V  [libjvm.so+0x21b03d]
V  [libjvm.so+0x30f778]
V  [libjvm.so+0x21a950]
V  [libjvm.so+0x21a9dd]
V  [libjvm.so+0x28b045]
V  [libjvm.so+0x3a01bd]
V  [libjvm.so+0x3108a9]
C  [libpthread.so.0+0x518b]

Java frames: (J=compiled Java code, j=interpreted, Vv=VM code)
J  com.trolltech.qt.core.QObject.__qt_thread(J)Ljava/lang/Thread;
J  com.trolltech.qt.core.QObject.thread()Ljava/lang/Thread;
j  com.trolltech.qt.QtJambi_LibraryShutdown.run()V+21
j  java.lang.Thread.run()V+11
v  ~StubRoutines::call_stub

---------------  P R O C E S S  ---------------

Java Threads: ( => current thread )
=>0x08381800 JavaThread "Thread-1" [_thread_in_native, id=10344, stack(0xab73b000,0xab78c000)]
  0xab606c00 JavaThread "SIGTERM handler" daemon [_thread_blocked, id=10343, stack(0xad5f6000,0xad647000)]
  0x0835f800 JavaThread "Thread-0" daemon [_thread_blocked, id=9703, stack(0xacfce000,0xad01f000)]
  0x080db400 JavaThread "Low Memory Detector" daemon [_thread_blocked, id=9699, stack(0xad524000,0xad575000)]
  0x080d7000 JavaThread "CompilerThread0" daemon [_thread_blocked, id=9698, stack(0xad575000,0xad5f6000)]
  0x080c8400 JavaThread "JDWP Event Helper Thread" daemon [_thread_blocked, id=9693, stack(0xad647000,0xad698000)]
  0x080c5c00 JavaThread "JDWP Transport Listener: dt_socket" daemon [_thread_in_native, id=9691, stack(0xad698000,0xad6e9000)]
  0x080bdc00 JavaThread "Signal Dispatcher" daemon [_thread_in_vm, id=9689, stack(0xad6e9000,0xad73a000)]
  0x080ab000 JavaThread "Finalizer" daemon [_thread_blocked, id=9688, stack(0xad73a000,0xad78b000)]
  0x080a9800 JavaThread "Reference Handler" daemon [_thread_blocked, id=9687, stack(0xad78b000,0xad7dc000)]
  0x08059c00 JavaThread "main" [_thread_blocked, id=9680, stack(0xb7de7000,0xb7e38000)]

Other Threads:
  0x080a6000 VMThread [stack: 0xad7dc000,0xad85d000] [id=9686]
  0x080dd000 WatcherThread [stack: 0xad4a3000,0xad524000] [id=9701]

VM state:not at safepoint (normal execution)

VM Mutex/Monitor currently owned by a thread: None

Heap
 def new generation   total 960K, used 651K [0xadaa0000, 0xadba0000, 0xadf80000)
  eden space 896K,  65% used [0xadaa0000, 0xadb32ef0, 0xadb80000)
  from space 64K, 100% used [0xadb80000, 0xadb90000, 0xadb90000)
  to   space 64K,   0% used [0xadb90000, 0xadb90000, 0xadba0000)
 tenured generation   total 4096K, used 1000K [0xadf80000, 0xae380000, 0xb1aa0000)
   the space 4096K,  24% used [0xadf80000, 0xae07a1b0, 0xae07a200, 0xae380000)
 compacting perm gen  total 12288K, used 7860K [0xb1aa0000, 0xb26a0000, 0xb5aa0000)
   the space 12288K,  63% used [0xb1aa0000, 0xb224d278, 0xb224d400, 0xb26a0000)
No shared spaces configured.

Dynamic libraries:
06000000-0642a000 r-xp 00000000 03:04 21705467   /opt/sun-jdk-1.6.0.10/jre/lib/i386/client/libjvm.so
0642a000-06444000 rwxp 0042a000 03:04 21705467   /opt/sun-jdk-1.6.0.10/jre/lib/i386/client/libjvm.so
06444000-06864000 rwxp 06444000 00:00 0 
08048000-08052000 r-xp 00000000 03:04 42396647   /opt/sun-jdk-1.6.0.10/bin/java
08052000-08053000 rwxp 00009000 03:04 42396647   /opt/sun-jdk-1.6.0.10/bin/java
08053000-087fc000 rwxp 08053000 00:00 0          [heap]
ab600000-ab621000 rwxp ab600000 00:00 0 
ab621000-ab700000 ---p ab621000 00:00 0 
ab73b000-ab73e000 ---p ab73b000 00:00 0 
ab73e000-ab78c000 rwxp ab73e000 00:00 0 
ab78c000-ab7d9000 r-xp 00000000 03:04 33958939   /tmp/QtJambi_school_i386_4.4.3_01_gcc-20080917-0414/plugins/imageformats/libqtiff.so
ab7d9000-ab7dc000 rwxp 0004c000 03:04 33958939   /tmp/QtJambi_school_i386_4.4.3_01_gcc-20080917-0414/plugins/imageformats/libqtiff.so
ab7dc000-ab81f000 r-xp 00000000 03:04 21613084   /tmp/QtJambi_school_i386_4.4.3_01_gcc-20080917-0414/lib/libQtXml.so.4
ab81f000-ab821000 rwxp 00043000 03:04 21613084   /tmp/QtJambi_school_i386_4.4.3_01_gcc-20080917-0414/lib/libQtXml.so.4
ab821000-ab86f000 r-xp 00000000 03:04 21613087   /tmp/QtJambi_school_i386_4.4.3_01_gcc-20080917-0414/lib/libQtSvg.so.4
ab86f000-ab871000 rwxp 0004d000 03:04 21613087   /tmp/QtJambi_school_i386_4.4.3_01_gcc-20080917-0414/lib/libQtSvg.so.4
ab871000-ab8bc000 r-xp 00000000 03:04 33958931   /tmp/QtJambi_school_i386_4.4.3_01_gcc-20080917-0414/plugins/imageformats/libqmng.so
ab8bc000-ab8be000 rwxp 0004b000 03:04 33958931   /tmp/QtJambi_school_i386_4.4.3_01_gcc-20080917-0414/plugins/imageformats/libqmng.so
ab8be000-ab8e3000 r-xp 00000000 03:04 33947156   /tmp/QtJambi_school_i386_4.4.3_01_gcc-20080917-0414/plugins/imageformats/libqjpeg.so
ab8e3000-ab8e4000 rwxp 00025000 03:04 33947156   /tmp/QtJambi_school_i386_4.4.3_01_gcc-20080917-0414/plugins/imageformats/libqjpeg.so
ab8e4000-ab8ec000 r-xp 00000000 03:04 63823483   /usr/lib/libXcursor.so.1.0.2
ab8ec000-ab8ed000 r-xp 00007000 03:04 63823483   /usr/lib/libXcursor.so.1.0.2
ab8ed000-ab8ee000 rwxp 00008000 03:04 63823483   /usr/lib/libXcursor.so.1.0.2
ab8f6000-ab8f9000 r-xp 00000000 03:04 33958958   /tmp/QtJambi_school_i386_4.4.3_01_gcc-20080917-0414/plugins/imageformats/libqsvg.so
ab8f9000-ab8fa000 rwxp 00003000 03:04 33958958   /tmp/QtJambi_school_i386_4.4.3_01_gcc-20080917-0414/plugins/imageformats/libqsvg.so
ab8fa000-ab900000 r-xp 00000000 03:04 33954400   /tmp/QtJambi_school_i386_4.4.3_01_gcc-20080917-0414/plugins/imageformats/libqgif.so
ab900000-ab901000 rwxp 00005000 03:04 33954400   /tmp/QtJambi_school_i386_4.4.3_01_gcc-20080917-0414/plugins/imageformats/libqgif.so
ab901000-ab905000 r-xp 00000000 03:04 46473002   /usr/share/fonts/75dpi/helvR12.pcf.gz
ab905000-ab90b000 r-xs 00000000 03:04 8808246    /var/cache/fontconfig/87f5e051180a7a75f16eb6fe7dbd3749-x86.cache-2
ab90b000-ab90d000 r-xs 00000000 03:04 8808251    /var/cache/fontconfig/f55bbeb01d684dc5b5f7b2c347cc42d9-x86.cache-2
ab90d000-ab90f000 r-xs 00000000 03:04 8794660    /var/cache/fontconfig/76fa4b957c916922374347f144bde9da-x86.cache-2
ab90f000-ab914000 r-xs 00000000 03:04 8808249    /var/cache/fontconfig/4460665c0f3e88acdd4c85aa2f409b99-x86.cache-2
ab914000-ab921000 r-xs 00000000 03:04 8794668    /var/cache/fontconfig/8d4af663993b81a124ee82e610bb31f9-x86.cache-2
ab921000-ab92e000 r-xs 00000000 03:04 8808253    /var/cache/fontconfig/221fd1126b80b777db535aea535e87ba-x86.cache-2
ab92e000-ab934000 r-xs 00000000 03:04 8794670    /var/cache/fontconfig/12b26b760a24f8b4feb03ad48a333a72-x86.cache-2
ab934000-ab947000 r-xs 00000000 03:04 8794664    /var/cache/fontconfig/4b5cf4386f1cde02a336ba961b4ac82d-x86.cache-2
ab947000-ab94a000 r-xs 00000000 03:04 8808244    /var/cache/fontconfig/374b958dfa195bf54eaa9332f068d728-x86.cache-2
ab94a000-ab94d000 r-xs 00000000 03:04 8808243    /var/cache/fontconfig/d62e99ef547d1d24cdb1bd22ec1a2976-x86.cache-2
ab94d000-ab96c000 r-xs 00000000 03:04 8794661    /var/cache/fontconfig/17090aa38d5c6f09fb8c5c354938f1d7-x86.cache-2
ab96c000-ab98b000 r-xs 00000000 03:04 8808248    /var/cache/fontconfig/df311e82a1a24c41a75c2c930223552e-x86.cache-2
ab98b000-ac320000 r-xp 00000000 03:04 21613095   /tmp/QtJambi_school_i386_4.4.3_01_gcc-20080917-0414/lib/libcom_trolltech_qt_gui.so
ac320000-ac34a000 rwxp 00994000 03:04 21613095   /tmp/QtJambi_school_i386_4.4.3_01_gcc-20080917-0414/lib/libcom_trolltech_qt_gui.so
ac34a000-ac34d000 rwxp ac34a000 00:00 0 
ac34d000-ac351000 r-xp 00000000 03:04 46478574   /usr/lib/libXdmcp.so.6.0.0
ac351000-ac352000 r-xp 00003000 03:04 46478574   /usr/lib/libXdmcp.so.6.0.0
ac352000-ac353000 rwxp 00004000 03:04 46478574   /usr/lib/libXdmcp.so.6.0.0
ac353000-ac36b000 r-xp 00000000 03:04 9023502    /usr/lib/libxcb.so.1.0.0
ac36b000-ac36c000 r-xp 00017000 03:04 9023502    /usr/lib/libxcb.so.1.0.0
ac36c000-ac36d000 rwxp 00018000 03:04 9023502    /usr/lib/libxcb.so.1.0.0
ac36d000-ac36e000 r-xp 00000000 03:04 9135563    /usr/lib/libxcb-xlib.so.0.0.0
ac36e000-ac36f000 r-xp 00000000 03:04 9135563    /usr/lib/libxcb-xlib.so.0.0.0
ac36f000-ac370000 rwxp 00001000 03:04 9135563    /usr/lib/libxcb-xlib.so.0.0.0
ac370000-ac38e000 r-xp 00000000 03:04 25223004   /usr/lib/libexpat.so.1.5.2
ac38e000-ac390000 r-xp 0001d000 03:04 25223004   /usr/lib/libexpat.so.1.5.2
ac390000-ac391000 rwxp 0001f000 03:04 25223004   /usr/lib/libexpat.so.1.5.2
ac391000-ac476000 r-xp 00000000 03:04 58915075   /usr/lib/libX11.so.6.2.0
ac476000-ac477000 r-xp 000e4000 03:04 58915075   /usr/lib/libX11.so.6.2.0
ac477000-ac47a000 rwxp 000e5000 03:04 58915075   /usr/lib/libX11.so.6.2.0
ac47a000-ac487000 r-xp 00000000 03:04 17148808   /usr/lib/libXext.so.6.4.0
ac487000-ac488000 r-xp 0000c000 03:04 17148808   /usr/lib/libXext.so.6.4.0
ac488000-ac489000 rwxp 0000d000 03:04 17148808   /usr/lib/libXext.so.6.4.0
ac489000-ac4b2000 r-xp 00000000 03:04 34040249   /usr/lib/libfontconfig.so.1.3.0
ac4b2000-ac4b3000 r-xp 00029000 03:04 34040249   /usr/lib/libfontconfig.so.1.3.0
ac4b3000-ac4b4000 rwxp 0002a000 03:04 34040249   /usr/lib/libfontconfig.so.1.3.0
ac4b4000-ac530000 r-xp 00000000 03:04 25825651   /usr/lib/libfreetype.so.6.3.18
ac530000-ac534000 r-xp 0007b000 03:04 25825651   /usr/lib/libfreetype.so.6.3.18
ac534000-ac535000 rwxp 0007f000 03:04 25825651   /usr/lib/libfreetype.so.6.3.18
ac535000-ac53b000 r-xp 00000000 03:04 46469651   /usr/lib/libXrandr.so.2.1.0
ac53b000-ac53c000 r-xp 00005000 03:04 46469651   /usr/lib/libXrandr.so.2.1.0
ac53c000-ac53d000 rwxp 00006000 03:04 46469651   /usr/lib/libXrandr.so.2.1.0
ac53d000-ac544000 r-xp 00000000 03:04 55009881   /usr/lib/libXrender.so.1.3.0
ac544000-ac545000 r-xp 00006000 03:04 55009881   /usr/lib/libXrender.so.1.3.0
ac545000-ac546000 rwxp 00007000 03:04 55009881   /usr/lib/libXrender.so.1.3.0
ac546000-ac54d000 r-xp 00000000 03:04 55009888   /usr/lib/libXi.so.6.0.0
ac54d000-ac54e000 r-xp 00006000 03:04 55009888   /usr/lib/libXi.so.6.0.0
ac54e000-ac54f000 rwxp 00007000 03:04 55009888   /usr/lib/libXi.so.6.0.0
ac54f000-ac564000 r-xp 00000000 03:04 63762571   /usr/lib/libICE.so.6.3.0
ac564000-ac565000 r-xp 00014000 03:04 63762571   /usr/lib/libICE.so.6.3.0
ac565000-ac566000 rwxp 00015000 03:04 63762571   /usr/lib/libICE.so.6.3.0
ac566000-ac568000 rwxp ac566000 00:00 0 
ac568000-ac56f000 r-xp 00000000 03:04 8815339    /usr/lib/libSM.so.6.0.0
ac56f000-ac570000 r-xp 00006000 03:04 8815339    /usr/lib/libSM.so.6.0.0
ac570000-ac571000 rwxp 00007000 03:04 8815339    /usr/lib/libSM.so.6.0.0
ac571000-ac594000 r-xp 00000000 03:04 29747765   /usr/lib/libpng12.so.0.33.0
ac594000-ac595000 r-xp 00022000 03:04 29747765   /usr/lib/libpng12.so.0.33.0
ac595000-ac596000 rwxp 00023000 03:04 29747765   /usr/lib/libpng12.so.0.33.0
ac596000-ace38000 r-xp 00000000 03:04 21613083   /tmp/QtJambi_school_i386_4.4.3_01_gcc-20080917-0414/lib/libQtGui.so.4
ace38000-ace5d000 rwxp 008a1000 03:04 21613083   /tmp/QtJambi_school_i386_4.4.3_01_gcc-20080917-0414/lib/libQtGui.so.4
ace5d000-ace5e000 rwxp ace5d000 00:00 0 
ace5e000-acfc6000 r-xp 00000000 03:04 21613094   /tmp/QtJambi_school_i386_4.4.3_01_gcc-20080917-0414/lib/libcom_trolltech_qt_core.so
acfc6000-acfce000 rwxp 00168000 03:04 21613094   /tmp/QtJambi_school_i386_4.4.3_01_gcc-20080917-0414/lib/libcom_trolltech_qt_core.so
acfce000-acfd1000 ---p acfce000 00:00 0 
acfd1000-ad01f000 rwxp acfd1000 00:00 0 
ad01f000-ad05e000 r-xp 00000000 03:04 21613093   /tmp/QtJambi_school_i386_4.4.3_01_gcc-20080917-0414/lib/libqtjambi.so
ad05e000-ad05f000 rwxp 0003f000 03:04 21613093   /tmp/QtJambi_school_i386_4.4.3_01_gcc-20080917-0414/lib/libqtjambi.so
ad05f000-ad069000 r-xp 00000000 03:04 47040928   /usr/lib/gcc/i686-pc-linux-gnu/4.1.2/libgcc_s.so.1
ad069000-ad06a000 r-xp 00009000 03:04 47040928   /usr/lib/gcc/i686-pc-linux-gnu/4.1.2/libgcc_s.so.1
ad06a000-ad06b000 rwxp 0000a000 03:04 47040928   /usr/lib/gcc/i686-pc-linux-gnu/4.1.2/libgcc_s.so.1
ad06b000-ad147000 r-xp 00000000 03:04 21613080   /tmp/QtJambi_school_i386_4.4.3_01_gcc-20080917-0414/lib/libstdc++.so.6
ad147000-ad14c000 rwxp 000dc000 03:04 21613080   /tmp/QtJambi_school_i386_4.4.3_01_gcc-20080917-0414/lib/libstdc++.so.6
ad14c000-ad151000 rwxp ad14c000 00:00 0 
ad151000-ad21e000 r-xp 00000000 03:04 17431765   /usr/lib/libglib-2.0.so.0.1600.5
ad21e000-ad21f000 r-xp 000cc000 03:04 17431765   /usr/lib/libglib-2.0.so.0.1600.5
ad21f000-ad220000 rwxp 000cd000 03:04 17431765   /usr/lib/libglib-2.0.so.0.1600.5
ad220000-ad224000 r-xp 00000000 03:04 17261189   /usr/lib/libgthread-2.0.so.0.1600.5
ad224000-ad225000 r-xp 00003000 03:04 17261189   /usr/lib/libgthread-2.0.so.0.1600.5
ad225000-ad226000 rwxp 00004000 03:04 17261189   /usr/lib/libgthread-2.0.so.0.1600.5
ad226000-ad237000 r-xp 00000000 03:04 29562210   /lib/libz.so.1.2.3
ad237000-ad238000 r-xp 00010000 03:04 29562210   /lib/libz.so.1.2.3
ad238000-ad239000 rwxp 00011000 03:04 29562210   /lib/libz.so.1.2.3
ad23b000-ad23d000 r-xp 00000000 03:04 17148971   /usr/lib/libXinerama.so.1.0.0
ad23d000-ad23e000 r-xp 00001000 03:04 17148971   /usr/lib/libXinerama.so.1.0.0
ad23e000-ad23f000 rwxp 00002000 03:04 17148971   /usr/lib/libXinerama.so.1.0.0
ad23f000-ad243000 r-xp 00000000 03:04 50732679   /usr/lib/libXfixes.so.3.1.0
ad243000-ad244000 r-xp 00003000 03:04 50732679   /usr/lib/libXfixes.so.3.1.0
ad244000-ad245000 rwxp 00004000 03:04 50732679   /usr/lib/libXfixes.so.3.1.0
ad245000-ad247000 r-xp 00000000 03:04 55556172   /usr/lib/gconv/UTF-16.so
ad247000-ad248000 r-xp 00001000 03:04 55556172   /usr/lib/gconv/UTF-16.so
ad248000-ad249000 rwxp 00002000 03:04 55556172   /usr/lib/gconv/UTF-16.so
ad249000-ad250000 r-xs 00000000 03:04 58816348   /usr/lib/gconv/gconv-modules.cache
ad250000-ad477000 r-xp 00000000 03:04 21613082   /tmp/QtJambi_school_i386_4.4.3_01_gcc-20080917-0414/lib/libQtCore.so.4
ad477000-ad47f000 rwxp 00226000 03:04 21613082   /tmp/QtJambi_school_i386_4.4.3_01_gcc-20080917-0414/lib/libQtCore.so.4
ad47f000-ad480000 rwxp ad47f000 00:00 0 
ad480000-ad4a3000 r-xs 00264000 03:04 33612444   /home/binary/prog/qtjambi-linux32-gpl-4.4.3_01/qtjambi-4.4.3_01.jar
ad4a3000-ad4a4000 ---p ad4a3000 00:00 0 
ad4a4000-ad524000 rwxp ad4a4000 00:00 0 
ad524000-ad527000 ---p ad524000 00:00 0 
ad527000-ad575000 rwxp ad527000 00:00 0 
ad575000-ad578000 ---p ad575000 00:00 0 
ad578000-ad5f6000 rwxp ad578000 00:00 0 
ad5f6000-ad5f9000 ---p ad5f6000 00:00 0 
ad5f9000-ad647000 rwxp ad5f9000 00:00 0 
ad647000-ad64a000 ---p ad647000 00:00 0 
ad64a000-ad698000 rwxp ad64a000 00:00 0 
ad698000-ad69b000 ---p ad698000 00:00 0 
ad69b000-ad6e9000 rwxp ad69b000 00:00 0 
ad6e9000-ad6ec000 ---p ad6e9000 00:00 0 
ad6ec000-ad73a000 rwxp ad6ec000 00:00 0 
ad73a000-ad73d000 ---p ad73a000 00:00 0 
ad73d000-ad78b000 rwxp ad73d000 00:00 0 
ad78b000-ad78e000 ---p ad78b000 00:00 0 
ad78e000-ad7dc000 rwxp ad78e000 00:00 0 
ad7dc000-ad7dd000 ---p ad7dc000 00:00 0 
ad7dd000-ad890000 rwxp ad7dd000 00:00 0 
ad890000-ada20000 r-xs 02eed000 03:04 64917431   /opt/sun-jdk-1.6.0.10/jre/lib/rt.jar
ada20000-ada27000 rwxp ada20000 00:00 0 
ada27000-ada41000 rwxp ada27000 00:00 0 
ada41000-ada44000 rwxp ada41000 00:00 0 
ada44000-ada5f000 rwxp ada44000 00:00 0 
ada5f000-ada60000 rwxp ada5f000 00:00 0 
ada60000-ada61000 rwxp ada60000 00:00 0 
ada61000-ada64000 rwxp ada61000 00:00 0 
ada64000-ada7f000 rwxp ada64000 00:00 0 
ada7f000-ada85000 rwxp ada7f000 00:00 0 
ada85000-ada9f000 rwxp ada85000 00:00 0 
ada9f000-adba0000 rwxp ada9f000 00:00 0 
adba0000-adf80000 rwxp adba0000 00:00 0 
adf80000-ae380000 rwxp adf80000 00:00 0 
ae380000-b1aa0000 rwxp ae380000 00:00 0 
b1aa0000-b26a0000 rwxp b1aa0000 00:00 0 
b26a0000-b5aa0000 rwxp b26a0000 00:00 0 
b5aa1000-b5aa3000 r-xp 00000000 03:04 811276     /usr/lib/libXau.so.6.0.0
b5aa3000-b5aa4000 r-xp 00001000 03:04 811276     /usr/lib/libXau.so.6.0.0
b5aa4000-b5aa5000 rwxp 00002000 03:04 811276     /usr/lib/libXau.so.6.0.0
b5aa5000-b5aa8000 r-xs 0001b000 03:04 26092000   /home/school/down/junit.jar
b5aa8000-b5aab000 r-xp 00000000 03:04 9878880    /opt/sun-jdk-1.6.0.10/jre/lib/i386/libdt_socket.so
b5aab000-b5aac000 rwxp 00003000 03:04 9878880    /opt/sun-jdk-1.6.0.10/jre/lib/i386/libdt_socket.so
b5aac000-b5ab0000 rwxp b5aac000 00:00 0 
b5ab0000-b5b2c000 rwxp b5ab0000 00:00 0 
b5b2c000-b5c1c000 rwxp b5b2c000 00:00 0 
b5c1c000-b7b2c000 rwxp b5c1c000 00:00 0 
b7b2c000-b7b3b000 r-xp 00000000 03:04 9878852    /opt/sun-jdk-1.6.0.10/jre/lib/i386/libzip.so
b7b3b000-b7b3d000 rwxp 0000e000 03:04 9878852    /opt/sun-jdk-1.6.0.10/jre/lib/i386/libzip.so
b7b3d000-b7b60000 r-xp 00000000 03:04 9878850    /opt/sun-jdk-1.6.0.10/jre/lib/i386/libjava.so
b7b60000-b7b62000 rwxp 00023000 03:04 9878850    /opt/sun-jdk-1.6.0.10/jre/lib/i386/libjava.so
b7b62000-b7b6a000 r-xp 00000000 03:04 29559221   /lib/libnss_files-2.6.1.so
b7b6a000-b7b6b000 r-xp 00007000 03:04 29559221   /lib/libnss_files-2.6.1.so
b7b6b000-b7b6c000 rwxp 00008000 03:04 29559221   /lib/libnss_files-2.6.1.so
b7b6c000-b7b74000 r-xp 00000000 03:04 29559232   /lib/libnss_nis-2.6.1.so
b7b74000-b7b75000 r-xp 00007000 03:04 29559232   /lib/libnss_nis-2.6.1.so
b7b75000-b7b76000 rwxp 00008000 03:04 29559232   /lib/libnss_nis-2.6.1.so
b7b76000-b7d76000 r-xp 00000000 03:04 62950962   /usr/lib/locale/locale-archive
b7d76000-b7daf000 r-xp 00000000 03:04 9878879    /opt/sun-jdk-1.6.0.10/jre/lib/i386/libjdwp.so
b7daf000-b7db0000 rwxp 00039000 03:04 9878879    /opt/sun-jdk-1.6.0.10/jre/lib/i386/libjdwp.so
b7db0000-b7dc3000 r-xp 00000000 03:04 29559231   /lib/libnsl-2.6.1.so
b7dc3000-b7dc4000 r-xp 00012000 03:04 29559231   /lib/libnsl-2.6.1.so
b7dc4000-b7dc5000 rwxp 00013000 03:04 29559231   /lib/libnsl-2.6.1.so
b7dc5000-b7dc7000 rwxp b7dc5000 00:00 0 
b7dc8000-b7dca000 r-xs 01130000 03:04 33612447   /home/binary/prog/qtjambi-linux32-gpl-4.4.3_01/qtjambi-linux32-gcc-4.4.3_01.jar
b7dca000-b7dd5000 r-xp 00000000 03:04 9878849    /opt/sun-jdk-1.6.0.10/jre/lib/i386/libverify.so
b7dd5000-b7dd6000 rwxp 0000b000 03:04 9878849    /opt/sun-jdk-1.6.0.10/jre/lib/i386/libverify.so
b7dd6000-b7dde000 rwxs 00000000 03:04 10127664   /tmp/hsperfdata_school/9679
b7dde000-b7de5000 r-xp 00000000 03:04 29559222   /lib/librt-2.6.1.so
b7de5000-b7de6000 r-xp 00006000 03:04 29559222   /lib/librt-2.6.1.so
b7de6000-b7de7000 rwxp 00007000 03:04 29559222   /lib/librt-2.6.1.so
b7de7000-b7dea000 ---p b7de7000 00:00 0 
b7dea000-b7e38000 rwxp b7dea000 00:00 0 
b7e38000-b7e5c000 r-xp 00000000 03:04 29559204   /lib/libm-2.6.1.so
b7e5c000-b7e5d000 r-xp 00023000 03:04 29559204   /lib/libm-2.6.1.so
b7e5d000-b7e5e000 rwxp 00024000 03:04 29559204   /lib/libm-2.6.1.so
b7e5e000-b7e5f000 rwxp b7e5e000 00:00 0 
b7e5f000-b7f89000 r-xp 00000000 03:04 29559237   /lib/libc-2.6.1.so
b7f89000-b7f8b000 r-xp 0012a000 03:04 29559237   /lib/libc-2.6.1.so
b7f8b000-b7f8c000 rwxp 0012c000 03:04 29559237   /lib/libc-2.6.1.so
b7f8c000-b7f8f000 rwxp b7f8c000 00:00 0 
b7f8f000-b7f91000 r-xp 00000000 03:04 29559206   /lib/libdl-2.6.1.so
b7f91000-b7f92000 r-xp 00001000 03:04 29559206   /lib/libdl-2.6.1.so
b7f92000-b7f93000 rwxp 00002000 03:04 29559206   /lib/libdl-2.6.1.so
b7f93000-b7f9a000 r-xp 00000000 03:04 27581465   /opt/sun-jdk-1.6.0.10/jre/lib/i386/jli/libjli.so
b7f9a000-b7f9c000 rwxp 00006000 03:04 27581465   /opt/sun-jdk-1.6.0.10/jre/lib/i386/jli/libjli.so
b7f9c000-b7faf000 r-xp 00000000 03:04 29559236   /lib/libpthread-2.6.1.so
b7faf000-b7fb0000 r-xp 00013000 03:04 29559236   /lib/libpthread-2.6.1.so
b7fb0000-b7fb1000 rwxp 00014000 03:04 29559236   /lib/libpthread-2.6.1.so
b7fb1000-b7fb3000 rwxp b7fb1000 00:00 0 
b7fb4000-b7fba000 r-xp 00000000 03:04 29559234   /lib/libnss_compat-2.6.1.so
b7fba000-b7fbb000 r-xp 00005000 03:04 29559234   /lib/libnss_compat-2.6.1.so
b7fbb000-b7fbc000 rwxp 00006000 03:04 29559234   /lib/libnss_compat-2.6.1.so
b7fbc000-b7fbd000 r-xp 0110b000 03:04 62950962   /usr/lib/locale/locale-archive
b7fbd000-b7fc0000 r-xp 00000000 03:04 9878853    /opt/sun-jdk-1.6.0.10/jre/lib/i386/libnpt.so
b7fc0000-b7fc1000 rwxp 00002000 03:04 9878853    /opt/sun-jdk-1.6.0.10/jre/lib/i386/libnpt.so
b7fc1000-b7fc7000 r-xp 00000000 03:04 13431105   /opt/sun-jdk-1.6.0.10/jre/lib/i386/native_threads/libhpi.so
b7fc7000-b7fc8000 rwxp 00006000 03:04 13431105   /opt/sun-jdk-1.6.0.10/jre/lib/i386/native_threads/libhpi.so
b7fc8000-b7fc9000 rwxp b7fc8000 00:00 0 
b7fc9000-b7fca000 r-xp b7fc9000 00:00 0 
b7fca000-b7fcb000 rwxp b7fca000 00:00 0 
b7fcb000-b7fe5000 r-xp 00000000 03:04 29559257   /lib/ld-2.6.1.so
b7fe5000-b7fe6000 r-xp 00019000 03:04 29559257   /lib/ld-2.6.1.so
b7fe6000-b7fe7000 rwxp 0001a000 03:04 29559257   /lib/ld-2.6.1.so
bfdd2000-bfde7000 rwxp bffeb000 00:00 0          [stack]
ffffe000-fffff000 r-xp 00000000 00:00 0          [vdso]

VM Arguments:
jvm_args: -agentlib:jdwp=transport=dt_socket,suspend=y,address=localhost:33874 -Dfile.encoding=UTF-8 
java_command: actua.Applicatie
Launcher Type: SUN_STANDARD

Environment Variables:
JAVA_HOME=/etc/java-config-2/current-system-vm
CLASSPATH=.
PATH=/usr/kde/3.5/bin:/usr/local/bin:/usr/bin:/bin:/opt/bin:/usr/i486-pc-linux-gnu/gcc-bin/4.1.2:/usr/i686-pc-linux-gnu/gcc-bin/4.1.2:/opt/sun-jdk-1.4.2.18/bin:/opt/sun-jdk-1.4.2.18/jre/bin:/opt/sun-jdk-1.4.2.18/jre/javaws:/usr/qt/3/bin:/usr/games/bin
LD_LIBRARY_PATH=/opt/sun-jdk-1.6.0.10/jre/lib/i386/client:/opt/sun-jdk-1.6.0.10/jre/lib/i386:/opt/sun-jdk-1.6.0.10/jre/../lib/i386:/usr/lib/xorg
SHELL=/bin/bash
DISPLAY=:0

Signal Handlers:
SIGSEGV: [libjvm.so+0x3ccf60], sa_mask[0]=0x7ffbfeff, sa_flags=0x10000004
SIGBUS: [libjvm.so+0x3ccf60], sa_mask[0]=0x7ffbfeff, sa_flags=0x10000004
SIGFPE: [libjvm.so+0x30e830], sa_mask[0]=0x7ffbfeff, sa_flags=0x10000004
SIGPIPE: [libjvm.so+0x30e830], sa_mask[0]=0x7ffbfeff, sa_flags=0x10000004
SIGXFSZ: [libjvm.so+0x30e830], sa_mask[0]=0x7ffbfeff, sa_flags=0x10000004
SIGILL: [libjvm.so+0x30e830], sa_mask[0]=0x7ffbfeff, sa_flags=0x10000004
SIGUSR1: SIG_DFL, sa_mask[0]=0x00000000, sa_flags=0x00000000
SIGUSR2: [libjvm.so+0x310d00], sa_mask[0]=0x00000004, sa_flags=0x10000004
SIGHUP: [libjvm.so+0x310aa0], sa_mask[0]=0x7ffbfeff, sa_flags=0x10000004
SIGINT: [libjvm.so+0x310aa0], sa_mask[0]=0x7ffbfeff, sa_flags=0x10000004
SIGTERM: [libjvm.so+0x310aa0], sa_mask[0]=0x7ffbfeff, sa_flags=0x10000004
SIGQUIT: [libjvm.so+0x310aa0], sa_mask[0]=0x7ffbfeff, sa_flags=0x10000004


---------------  S Y S T E M  ---------------

OS: